#
# There is insufficient memory for the Java Runtime Environment to continue.
# Native memory allocation (malloc) failed to allocate 321616 bytes for Chunk::new
# Possible reasons:
#   The system is out of physical RAM or swap space
#   The process is running with CompressedOops enabled, and the Java Heap may be blocking the growth of the native heap
# Possible solutions:
#   Reduce memory load on the system
#   Increase physical memory or swap space
#   Check if swap backing store is full
#   Decrease Java heap size (-Xmx/-Xms)
#   Decrease number of Java threads
#   Decrease Java thread stack sizes (-Xss)
#   Set larger code cache with -XX:ReservedCodeCacheSize=
#   JVM is running with Zero Based Compressed Oops mode in which the Java heap is
#     placed in the first 32GB address space. The Java Heap base address is the
#     maximum limit for the native heap growth. Please use -XX:HeapBaseMinAddress
#     to set the Java Heap base and to place the Java Heap above 32GB virtual address.
# This output file may be truncated or incomplete.
#
#  Out of Memory Error (arena.cpp:189), pid=11864, tid=23716
#
# JRE version: OpenJDK Runtime Environment (17.0.8.1+1) (build 17.0.8.1+1-LTS)
# Java VM: OpenJDK 64-Bit Server VM (17.0.8.1+1-LTS, mixed mode, sharing, tiered, compressed oops, compressed class ptrs, g1 gc, windows-amd64)
# No core dump will be written. Minidumps are not enabled by default on client versions of Windows
#

---------------  S U M M A R Y ------------

Command Line: --add-modules=javafx.controls,javafx.fxml --module-path=C:\Users\ibuda\.gradle\caches\modules-2\files-2.1\org.openjfx\javafx-fxml\17.0.6\5724aedc415683e62eeab3a3875550aa814c84fd\javafx-fxml-17.0.6-win.jar;C:\Users\ibuda\.gradle\caches\modules-2\files-2.1\org.openjfx\javafx-controls\17.0.6\c95b460be3bc372060ff32d0c666c1233c3e8400\javafx-controls-17.0.6-win.jar;C:\Users\ibuda\.gradle\caches\modules-2\files-2.1\org.openjfx\javafx-graphics\17.0.6\14326bf575b927d3c31a775f74bcf754ced35353\javafx-graphics-17.0.6-win.jar;C:\Users\ibuda\.gradle\caches\modules-2\files-2.1\org.openjfx\javafx-base\17.0.6\78ccb38688b70acc6b59718daca8bdb91f99db57\javafx-base-17.0.6-win.jar -Dfile.encoding=windows-1251 -Duser.country=US -Duser.language=en -Duser.variant whz.wirtschaft.abcxyz.HelloApplication

Host: 13th Gen Intel(R) Core(TM) i9-13900H, 20 cores, 15G,  Windows 11 , 64 bit Build 22621 (10.0.22621.3672)
Time: Tue Jun 25 08:21:48 2024 W. Europe Summer Time elapsed time: 0.528479 seconds (0d 0h 0m 0s)

---------------  T H R E A D  ---------------

Current thread (0x0000023e6f7b2170):  JavaThread "C2 CompilerThread3" daemon [_thread_in_native, id=23716, stack(0x0000007aaeb00000,0x0000007aaec00000)]


Current CompileTask:
C2:    528 1269   !   4       com.sun.javafx.css.ParsedValueImpl::readBinary (688 bytes)

Stack: [0x0000007aaeb00000,0x0000007aaec00000]
Native frames: (J=compiled Java code, j=interpreted, Vv=VM code, C=native code)
V  [jvm.dll+0x679bda]
V  [jvm.dll+0x8360a4]
V  [jvm.dll+0x83784e]
V  [jvm.dll+0x837eb3]
V  [jvm.dll+0x247c4f]
V  [jvm.dll+0xac1cc]
V  [jvm.dll+0xac7ac]
V  [jvm.dll+0x56412b]
V  [jvm.dll+0x32f120]
V  [jvm.dll+0x32e58a]
V  [jvm.dll+0x219eef]
V  [jvm.dll+0x219321]
V  [jvm.dll+0x1a58a0]
V  [jvm.dll+0x2290ab]
V  [jvm.dll+0x22736b]
V  [jvm.dll+0x7ec0bc]
V  [jvm.dll+0x7e64ba]
V  [jvm.dll+0x678a25]
C  [ucrtbase.dll+0x29333]
C  [KERNEL32.DLL+0x1257d]
C  [ntdll.dll+0x5af28]


---------------  P R O C E S S  ---------------

Threads class SMR info:
_java_thread_list=0x0000023e74f4a030, length=27, elements={
0x0000023e4b84cdf0, 0x0000023e6f030140, 0x0000023e6f030ed0, 0x0000023e6f04af40,
0x0000023e6f04ba10, 0x0000023e6f04caf0, 0x0000023e6f04f4d0, 0x0000023e6f0500d0,
0x0000023e6f0509e0, 0x0000023e6f054720, 0x0000023e6f6d37b0, 0x0000023e6f756870,
0x0000023e6f7680e0, 0x0000023e6f7688c0, 0x0000023e6f768de0, 0x0000023e6f7b1c50,
0x0000023e6f7b2170, 0x0000023e6f7b2690, 0x0000023e6f8948d0, 0x0000023e6f895370,
0x0000023e6f893e30, 0x0000023e742d37a0, 0x0000023e74283b70, 0x0000023e74f18870,
0x0000023e74f7fa30, 0x0000023e74fdd870, 0x0000023e75009fd0
}

Java Threads: ( => current thread )
  0x0000023e4b84cdf0 JavaThread "main" [_thread_blocked, id=21096, stack(0x0000007aad500000,0x0000007aad600000)]
  0x0000023e6f030140 JavaThread "Reference Handler" daemon [_thread_blocked, id=13948, stack(0x0000007aadc00000,0x0000007aadd00000)]
  0x0000023e6f030ed0 JavaThread "Finalizer" daemon [_thread_blocked, id=8100, stack(0x0000007aadd00000,0x0000007aade00000)]
  0x0000023e6f04af40 JavaThread "Signal Dispatcher" daemon [_thread_blocked, id=19448, stack(0x0000007aade00000,0x0000007aadf00000)]
  0x0000023e6f04ba10 JavaThread "Attach Listener" daemon [_thread_blocked, id=27292, stack(0x0000007aadf00000,0x0000007aae000000)]
  0x0000023e6f04caf0 JavaThread "Service Thread" daemon [_thread_blocked, id=12904, stack(0x0000007aae000000,0x0000007aae100000)]
  0x0000023e6f04f4d0 JavaThread "Monitor Deflation Thread" daemon [_thread_blocked, id=7032, stack(0x0000007aae100000,0x0000007aae200000)]
  0x0000023e6f0500d0 JavaThread "C2 CompilerThread0" daemon [_thread_in_native, id=10528, stack(0x0000007aae200000,0x0000007aae300000)]
  0x0000023e6f0509e0 JavaThread "C1 CompilerThread0" daemon [_thread_blocked, id=448, stack(0x0000007aae300000,0x0000007aae400000)]
  0x0000023e6f054720 JavaThread "Sweeper thread" daemon [_thread_blocked, id=19468, stack(0x0000007aae400000,0x0000007aae500000)]
  0x0000023e6f6d37b0 JavaThread "C1 CompilerThread1" daemon [_thread_in_native, id=21632, stack(0x0000007aae500000,0x0000007aae600000)]
  0x0000023e6f756870 JavaThread "Common-Cleaner" daemon [_thread_blocked, id=26268, stack(0x0000007aae600000,0x0000007aae700000)]
  0x0000023e6f7680e0 JavaThread "C2 CompilerThread1" daemon [_thread_blocked, id=27432, stack(0x0000007aae700000,0x0000007aae800000)]
  0x0000023e6f7688c0 JavaThread "C1 CompilerThread2" daemon [_thread_blocked, id=12948, stack(0x0000007aae800000,0x0000007aae900000)]
  0x0000023e6f768de0 JavaThread "C1 CompilerThread3" daemon [_thread_in_vm, id=17864, stack(0x0000007aae900000,0x0000007aaea00000)]
  0x0000023e6f7b1c50 JavaThread "C2 CompilerThread2" daemon [_thread_blocked, id=15644, stack(0x0000007aaea00000,0x0000007aaeb00000)]
=>0x0000023e6f7b2170 JavaThread "C2 CompilerThread3" daemon [_thread_in_native, id=23716, stack(0x0000007aaeb00000,0x0000007aaec00000)]
  0x0000023e6f7b2690 JavaThread "C2 CompilerThread4" daemon [_thread_blocked, id=19488, stack(0x0000007aaec00000,0x0000007aaed00000)]
  0x0000023e6f8948d0 JavaThread "C2 CompilerThread5" daemon [_thread_blocked, id=15172, stack(0x0000007aaed00000,0x0000007aaee00000)]
  0x0000023e6f895370 JavaThread "C2 CompilerThread6" daemon [_thread_in_native, id=7492, stack(0x0000007aaee00000,0x0000007aaef00000)]
  0x0000023e6f893e30 JavaThread "C2 CompilerThread7" daemon [_thread_blocked, id=23596, stack(0x0000007aaef00000,0x0000007aaf000000)]
  0x0000023e742d37a0 JavaThread "Notification Thread" daemon [_thread_blocked, id=9352, stack(0x0000007aaf000000,0x0000007aaf100000)]
  0x0000023e74283b70 JavaThread "QuantumRenderer-0" daemon [_thread_blocked, id=1272, stack(0x0000007aaf200000,0x0000007aaf300000)]
  0x0000023e74f18870 JavaThread "InvokeLaterDispatcher" daemon [_thread_blocked, id=5708, stack(0x0000007aaf700000,0x0000007aaf800000)]
  0x0000023e74f7fa30 JavaThread "JavaFX Application Thread" [_thread_in_vm, id=9448, stack(0x0000007aaf800000,0x0000007aaf900000)]
  0x0000023e74fdd870 JavaThread "JavaFX-Launcher" [_thread_blocked, id=21224, stack(0x0000007aafa00000,0x0000007aafb00000)]
  0x0000023e75009fd0 JavaThread "Thread-2" daemon [_thread_in_native, id=27172, stack(0x0000007aaf900000,0x0000007aafa00000)]

Other Threads:
  0x0000023e6f029610 VMThread "VM Thread" [stack: 0x0000007aadb00000,0x0000007aadc00000] [id=16256]
  0x0000023e74368710 WatcherThread [stack: 0x0000007aaf100000,0x0000007aaf200000] [id=27580]
  0x0000023e4b8bc020 GCTaskThread "GC Thread#0" [stack: 0x0000007aad600000,0x0000007aad700000] [id=24536]
  0x0000023e75098ce0 GCTaskThread "GC Thread#1" [stack: 0x0000007aafb00000,0x0000007aafc00000] [id=23264]
  0x0000023e75098fa0 GCTaskThread "GC Thread#2" [stack: 0x0000007aafc00000,0x0000007aafd00000] [id=13248]
  0x0000023e75099260 GCTaskThread "GC Thread#3" [stack: 0x0000007aafd00000,0x0000007aafe00000] [id=22068]
  0x0000023e7509a140 GCTaskThread "GC Thread#4" [stack: 0x0000007aafe00000,0x0000007aaff00000] [id=15852]
  0x0000023e7505b960 GCTaskThread "GC Thread#5" [stack: 0x0000007aaff00000,0x0000007ab0000000] [id=25924]
  0x0000023e4b8cc980 ConcurrentGCThread "G1 Main Marker" [stack: 0x0000007aad700000,0x0000007aad800000] [id=24504]
  0x0000023e4b8cd390 ConcurrentGCThread "G1 Conc#0" [stack: 0x0000007aad800000,0x0000007aad900000] [id=18664]
  0x0000023e6ef65ac0 ConcurrentGCThread "G1 Refine#0" [stack: 0x0000007aad900000,0x0000007aada00000] [id=9932]
  0x0000023e6ef69420 ConcurrentGCThread "G1 Service" [stack: 0x0000007aada00000,0x0000007aadb00000] [id=14108]

Threads with active compile tasks:
C2 CompilerThread0      537 1441       4       java.util.HashMap::resize (356 bytes)
C1 CompilerThread1      537 1471       3       sun.security.util.ObjectIdentifier::checkOidSize (86 bytes)
C1 CompilerThread3      537 1469       3       java.lang.Integer::parseInt (264 bytes)
C2 CompilerThread3      537 1269   !   4       com.sun.javafx.css.ParsedValueImpl::readBinary (688 bytes)
C2 CompilerThread6      537 1428       4       java.util.jar.Manifest$FastInputStream::readLine (296 bytes)

VM state: not at safepoint (normal execution)

VM Mutex/Monitor currently owned by a thread:  ([mutex/lock_event])
[0x0000023e4b8471f0] Metaspace_lock - owner thread: 0x0000023e74f7fa30

Heap address: 0x0000000705e00000, size: 4002 MB, Compressed Oops mode: Zero based, Oop shift amount: 3

CDS archive(s) mapped at: [0x0000023e00000000-0x0000023e00bd0000-0x0000023e00bd0000), size 12386304, SharedBaseAddress: 0x0000023e00000000, ArchiveRelocationMode: 1.
Compressed class space mapped at: 0x0000023e01000000-0x0000023e41000000, reserved size: 1073741824
Narrow klass base: 0x0000023e00000000, Narrow klass shift: 0, Narrow klass range: 0x100000000

GC Precious Log:
 CPUs: 20 total, 20 available
 Memory: 16005M
 Large Page Support: Disabled
 NUMA Support: Disabled
 Compressed Oops: Enabled (Zero based)
 Heap Region Size: 2M
 Heap Min Capacity: 8M
 Heap Initial Capacity: 252M
 Heap Max Capacity: 4002M
 Pre-touch: Disabled
 Parallel Workers: 15
 Concurrent Workers: 4
 Concurrent Refinement Workers: 15
 Periodic GC: Disabled

Heap:
 garbage-first heap   total 258048K, used 20800K [0x0000000705e00000, 0x0000000800000000)
  region size 2048K, 12 young (24576K), 2 survivors (4096K)
 Metaspace       used 9831K, committed 9984K, reserved 1114112K
  class space    used 1325K, committed 1408K, reserved 1048576K

Heap Regions: E=young(eden), S=young(survivor), O=old, HS=humongous(starts), HC=humongous(continues), CS=collection set, F=free, OA=open archive, CA=closed archive, TAMS=top-at-mark-start (previous, next)
|   0|0x0000000705e00000, 0x0000000705e00000, 0x0000000706000000|  0%| F|  |TAMS 0x0000000705e00000, 0x0000000705e00000| Untracked 
|   1|0x0000000706000000, 0x0000000706000000, 0x0000000706200000|  0%| F|  |TAMS 0x0000000706000000, 0x0000000706000000| Untracked 
|   2|0x0000000706200000, 0x0000000706200000, 0x0000000706400000|  0%| F|  |TAMS 0x0000000706200000, 0x0000000706200000| Untracked 
|   3|0x0000000706400000, 0x0000000706400000, 0x0000000706600000|  0%| F|  |TAMS 0x0000000706400000, 0x0000000706400000| Untracked 
|   4|0x0000000706600000, 0x0000000706600000, 0x0000000706800000|  0%| F|  |TAMS 0x0000000706600000, 0x0000000706600000| Untracked 
|   5|0x0000000706800000, 0x0000000706800000, 0x0000000706a00000|  0%| F|  |TAMS 0x0000000706800000, 0x0000000706800000| Untracked 
|   6|0x0000000706a00000, 0x0000000706a00000, 0x0000000706c00000|  0%| F|  |TAMS 0x0000000706a00000, 0x0000000706a00000| Untracked 
|   7|0x0000000706c00000, 0x0000000706c00000, 0x0000000706e00000|  0%| F|  |TAMS 0x0000000706c00000, 0x0000000706c00000| Untracked 
|   8|0x0000000706e00000, 0x0000000706e00000, 0x0000000707000000|  0%| F|  |TAMS 0x0000000706e00000, 0x0000000706e00000| Untracked 
|   9|0x0000000707000000, 0x0000000707000000, 0x0000000707200000|  0%| F|  |TAMS 0x0000000707000000, 0x0000000707000000| Untracked 
|  10|0x0000000707200000, 0x0000000707200000, 0x0000000707400000|  0%| F|  |TAMS 0x0000000707200000, 0x0000000707200000| Untracked 
|  11|0x0000000707400000, 0x0000000707400000, 0x0000000707600000|  0%| F|  |TAMS 0x0000000707400000, 0x0000000707400000| Untracked 
|  12|0x0000000707600000, 0x0000000707600000, 0x0000000707800000|  0%| F|  |TAMS 0x0000000707600000, 0x0000000707600000| Untracked 
|  13|0x0000000707800000, 0x0000000707800000, 0x0000000707a00000|  0%| F|  |TAMS 0x0000000707800000, 0x0000000707800000| Untracked 
|  14|0x0000000707a00000, 0x0000000707a00000, 0x0000000707c00000|  0%| F|  |TAMS 0x0000000707a00000, 0x0000000707a00000| Untracked 
|  15|0x0000000707c00000, 0x0000000707c00000, 0x0000000707e00000|  0%| F|  |TAMS 0x0000000707c00000, 0x0000000707c00000| Untracked 
|  16|0x0000000707e00000, 0x0000000707e00000, 0x0000000708000000|  0%| F|  |TAMS 0x0000000707e00000, 0x0000000707e00000| Untracked 
|  17|0x0000000708000000, 0x0000000708000000, 0x0000000708200000|  0%| F|  |TAMS 0x0000000708000000, 0x0000000708000000| Untracked 
|  18|0x0000000708200000, 0x0000000708200000, 0x0000000708400000|  0%| F|  |TAMS 0x0000000708200000, 0x0000000708200000| Untracked 
|  19|0x0000000708400000, 0x0000000708400000, 0x0000000708600000|  0%| F|  |TAMS 0x0000000708400000, 0x0000000708400000| Untracked 
|  20|0x0000000708600000, 0x0000000708600000, 0x0000000708800000|  0%| F|  |TAMS 0x0000000708600000, 0x0000000708600000| Untracked 
|  21|0x0000000708800000, 0x0000000708800000, 0x0000000708a00000|  0%| F|  |TAMS 0x0000000708800000, 0x0000000708800000| Untracked 
|  22|0x0000000708a00000, 0x0000000708a00000, 0x0000000708c00000|  0%| F|  |TAMS 0x0000000708a00000, 0x0000000708a00000| Untracked 
|  23|0x0000000708c00000, 0x0000000708c00000, 0x0000000708e00000|  0%| F|  |TAMS 0x0000000708c00000, 0x0000000708c00000| Untracked 
|  24|0x0000000708e00000, 0x0000000708e00000, 0x0000000709000000|  0%| F|  |TAMS 0x0000000708e00000, 0x0000000708e00000| Untracked 
|  25|0x0000000709000000, 0x0000000709000000, 0x0000000709200000|  0%| F|  |TAMS 0x0000000709000000, 0x0000000709000000| Untracked 
|  26|0x0000000709200000, 0x0000000709200000, 0x0000000709400000|  0%| F|  |TAMS 0x0000000709200000, 0x0000000709200000| Untracked 
|  27|0x0000000709400000, 0x0000000709400000, 0x0000000709600000|  0%| F|  |TAMS 0x0000000709400000, 0x0000000709400000| Untracked 
|  28|0x0000000709600000, 0x0000000709600000, 0x0000000709800000|  0%| F|  |TAMS 0x0000000709600000, 0x0000000709600000| Untracked 
|  29|0x0000000709800000, 0x0000000709800000, 0x0000000709a00000|  0%| F|  |TAMS 0x0000000709800000, 0x0000000709800000| Untracked 
|  30|0x0000000709a00000, 0x0000000709a00000, 0x0000000709c00000|  0%| F|  |TAMS 0x0000000709a00000, 0x0000000709a00000| Untracked 
|  31|0x0000000709c00000, 0x0000000709c00000, 0x0000000709e00000|  0%| F|  |TAMS 0x0000000709c00000, 0x0000000709c00000| Untracked 
|  32|0x0000000709e00000, 0x0000000709e00000, 0x000000070a000000|  0%| F|  |TAMS 0x0000000709e00000, 0x0000000709e00000| Untracked 
|  33|0x000000070a000000, 0x000000070a000000, 0x000000070a200000|  0%| F|  |TAMS 0x000000070a000000, 0x000000070a000000| Untracked 
|  34|0x000000070a200000, 0x000000070a200000, 0x000000070a400000|  0%| F|  |TAMS 0x000000070a200000, 0x000000070a200000| Untracked 
|  35|0x000000070a400000, 0x000000070a400000, 0x000000070a600000|  0%| F|  |TAMS 0x000000070a400000, 0x000000070a400000| Untracked 
|  36|0x000000070a600000, 0x000000070a600000, 0x000000070a800000|  0%| F|  |TAMS 0x000000070a600000, 0x000000070a600000| Untracked 
|  37|0x000000070a800000, 0x000000070a800000, 0x000000070aa00000|  0%| F|  |TAMS 0x000000070a800000, 0x000000070a800000| Untracked 
|  38|0x000000070aa00000, 0x000000070aa00000, 0x000000070ac00000|  0%| F|  |TAMS 0x000000070aa00000, 0x000000070aa00000| Untracked 
|  39|0x000000070ac00000, 0x000000070ac00000, 0x000000070ae00000|  0%| F|  |TAMS 0x000000070ac00000, 0x000000070ac00000| Untracked 
|  40|0x000000070ae00000, 0x000000070ae00000, 0x000000070b000000|  0%| F|  |TAMS 0x000000070ae00000, 0x000000070ae00000| Untracked 
|  41|0x000000070b000000, 0x000000070b000000, 0x000000070b200000|  0%| F|  |TAMS 0x000000070b000000, 0x000000070b000000| Untracked 
|  42|0x000000070b200000, 0x000000070b200000, 0x000000070b400000|  0%| F|  |TAMS 0x000000070b200000, 0x000000070b200000| Untracked 
|  43|0x000000070b400000, 0x000000070b400000, 0x000000070b600000|  0%| F|  |TAMS 0x000000070b400000, 0x000000070b400000| Untracked 
|  44|0x000000070b600000, 0x000000070b600000, 0x000000070b800000|  0%| F|  |TAMS 0x000000070b600000, 0x000000070b600000| Untracked 
|  45|0x000000070b800000, 0x000000070b800000, 0x000000070ba00000|  0%| F|  |TAMS 0x000000070b800000, 0x000000070b800000| Untracked 
|  46|0x000000070ba00000, 0x000000070ba00000, 0x000000070bc00000|  0%| F|  |TAMS 0x000000070ba00000, 0x000000070ba00000| Untracked 
|  47|0x000000070bc00000, 0x000000070bc00000, 0x000000070be00000|  0%| F|  |TAMS 0x000000070bc00000, 0x000000070bc00000| Untracked 
|  48|0x000000070be00000, 0x000000070be00000, 0x000000070c000000|  0%| F|  |TAMS 0x000000070be00000, 0x000000070be00000| Untracked 
|  49|0x000000070c000000, 0x000000070c000000, 0x000000070c200000|  0%| F|  |TAMS 0x000000070c000000, 0x000000070c000000| Untracked 
|  50|0x000000070c200000, 0x000000070c200000, 0x000000070c400000|  0%| F|  |TAMS 0x000000070c200000, 0x000000070c200000| Untracked 
|  51|0x000000070c400000, 0x000000070c400000, 0x000000070c600000|  0%| F|  |TAMS 0x000000070c400000, 0x000000070c400000| Untracked 
|  52|0x000000070c600000, 0x000000070c600000, 0x000000070c800000|  0%| F|  |TAMS 0x000000070c600000, 0x000000070c600000| Untracked 
|  53|0x000000070c800000, 0x000000070c800000, 0x000000070ca00000|  0%| F|  |TAMS 0x000000070c800000, 0x000000070c800000| Untracked 
|  54|0x000000070ca00000, 0x000000070ca00000, 0x000000070cc00000|  0%| F|  |TAMS 0x000000070ca00000, 0x000000070ca00000| Untracked 
|  55|0x000000070cc00000, 0x000000070cc00000, 0x000000070ce00000|  0%| F|  |TAMS 0x000000070cc00000, 0x000000070cc00000| Untracked 
|  56|0x000000070ce00000, 0x000000070ce00000, 0x000000070d000000|  0%| F|  |TAMS 0x000000070ce00000, 0x000000070ce00000| Untracked 
|  57|0x000000070d000000, 0x000000070d000000, 0x000000070d200000|  0%| F|  |TAMS 0x000000070d000000, 0x000000070d000000| Untracked 
|  58|0x000000070d200000, 0x000000070d200000, 0x000000070d400000|  0%| F|  |TAMS 0x000000070d200000, 0x000000070d200000| Untracked 
|  59|0x000000070d400000, 0x000000070d400000, 0x000000070d600000|  0%| F|  |TAMS 0x000000070d400000, 0x000000070d400000| Untracked 
|  60|0x000000070d600000, 0x000000070d600000, 0x000000070d800000|  0%| F|  |TAMS 0x000000070d600000, 0x000000070d600000| Untracked 
|  61|0x000000070d800000, 0x000000070d800000, 0x000000070da00000|  0%| F|  |TAMS 0x000000070d800000, 0x000000070d800000| Untracked 
|  62|0x000000070da00000, 0x000000070da00000, 0x000000070dc00000|  0%| F|  |TAMS 0x000000070da00000, 0x000000070da00000| Untracked 
|  63|0x000000070dc00000, 0x000000070dc00000, 0x000000070de00000|  0%| F|  |TAMS 0x000000070dc00000, 0x000000070dc00000| Untracked 
|  64|0x000000070de00000, 0x000000070de00000, 0x000000070e000000|  0%| F|  |TAMS 0x000000070de00000, 0x000000070de00000| Untracked 
|  65|0x000000070e000000, 0x000000070e000000, 0x000000070e200000|  0%| F|  |TAMS 0x000000070e000000, 0x000000070e000000| Untracked 
|  66|0x000000070e200000, 0x000000070e200000, 0x000000070e400000|  0%| F|  |TAMS 0x000000070e200000, 0x000000070e200000| Untracked 
|  67|0x000000070e400000, 0x000000070e400000, 0x000000070e600000|  0%| F|  |TAMS 0x000000070e400000, 0x000000070e400000| Untracked 
|  68|0x000000070e600000, 0x000000070e600000, 0x000000070e800000|  0%| F|  |TAMS 0x000000070e600000, 0x000000070e600000| Untracked 
|  69|0x000000070e800000, 0x000000070e800000, 0x000000070ea00000|  0%| F|  |TAMS 0x000000070e800000, 0x000000070e800000| Untracked 
|  70|0x000000070ea00000, 0x000000070ea00000, 0x000000070ec00000|  0%| F|  |TAMS 0x000000070ea00000, 0x000000070ea00000| Untracked 
|  71|0x000000070ec00000, 0x000000070ec00000, 0x000000070ee00000|  0%| F|  |TAMS 0x000000070ec00000, 0x000000070ec00000| Untracked 
|  72|0x000000070ee00000, 0x000000070ee00000, 0x000000070f000000|  0%| F|  |TAMS 0x000000070ee00000, 0x000000070ee00000| Untracked 
|  73|0x000000070f000000, 0x000000070f000000, 0x000000070f200000|  0%| F|  |TAMS 0x000000070f000000, 0x000000070f000000| Untracked 
|  74|0x000000070f200000, 0x000000070f200000, 0x000000070f400000|  0%| F|  |TAMS 0x000000070f200000, 0x000000070f200000| Untracked 
|  75|0x000000070f400000, 0x000000070f400000, 0x000000070f600000|  0%| F|  |TAMS 0x000000070f400000, 0x000000070f400000| Untracked 
|  76|0x000000070f600000, 0x000000070f600000, 0x000000070f800000|  0%| F|  |TAMS 0x000000070f600000, 0x000000070f600000| Untracked 
|  77|0x000000070f800000, 0x000000070f800000, 0x000000070fa00000|  0%| F|  |TAMS 0x000000070f800000, 0x000000070f800000| Untracked 
|  78|0x000000070fa00000, 0x000000070fa00000, 0x000000070fc00000|  0%| F|  |TAMS 0x000000070fa00000, 0x000000070fa00000| Untracked 
|  79|0x000000070fc00000, 0x000000070fc00000, 0x000000070fe00000|  0%| F|  |TAMS 0x000000070fc00000, 0x000000070fc00000| Untracked 
|  80|0x000000070fe00000, 0x000000070fe00000, 0x0000000710000000|  0%| F|  |TAMS 0x000000070fe00000, 0x000000070fe00000| Untracked 
|  81|0x0000000710000000, 0x0000000710000000, 0x0000000710200000|  0%| F|  |TAMS 0x0000000710000000, 0x0000000710000000| Untracked 
|  82|0x0000000710200000, 0x0000000710200000, 0x0000000710400000|  0%| F|  |TAMS 0x0000000710200000, 0x0000000710200000| Untracked 
|  83|0x0000000710400000, 0x0000000710400000, 0x0000000710600000|  0%| F|  |TAMS 0x0000000710400000, 0x0000000710400000| Untracked 
|  84|0x0000000710600000, 0x0000000710600000, 0x0000000710800000|  0%| F|  |TAMS 0x0000000710600000, 0x0000000710600000| Untracked 
|  85|0x0000000710800000, 0x0000000710800000, 0x0000000710a00000|  0%| F|  |TAMS 0x0000000710800000, 0x0000000710800000| Untracked 
|  86|0x0000000710a00000, 0x0000000710a00000, 0x0000000710c00000|  0%| F|  |TAMS 0x0000000710a00000, 0x0000000710a00000| Untracked 
|  87|0x0000000710c00000, 0x0000000710c00000, 0x0000000710e00000|  0%| F|  |TAMS 0x0000000710c00000, 0x0000000710c00000| Untracked 
|  88|0x0000000710e00000, 0x0000000710e00000, 0x0000000711000000|  0%| F|  |TAMS 0x0000000710e00000, 0x0000000710e00000| Untracked 
|  89|0x0000000711000000, 0x0000000711000000, 0x0000000711200000|  0%| F|  |TAMS 0x0000000711000000, 0x0000000711000000| Untracked 
|  90|0x0000000711200000, 0x0000000711200000, 0x0000000711400000|  0%| F|  |TAMS 0x0000000711200000, 0x0000000711200000| Untracked 
|  91|0x0000000711400000, 0x0000000711400000, 0x0000000711600000|  0%| F|  |TAMS 0x0000000711400000, 0x0000000711400000| Untracked 
|  92|0x0000000711600000, 0x0000000711600000, 0x0000000711800000|  0%| F|  |TAMS 0x0000000711600000, 0x0000000711600000| Untracked 
|  93|0x0000000711800000, 0x0000000711800000, 0x0000000711a00000|  0%| F|  |TAMS 0x0000000711800000, 0x0000000711800000| Untracked 
|  94|0x0000000711a00000, 0x0000000711a00000, 0x0000000711c00000|  0%| F|  |TAMS 0x0000000711a00000, 0x0000000711a00000| Untracked 
|  95|0x0000000711c00000, 0x0000000711c00000, 0x0000000711e00000|  0%| F|  |TAMS 0x0000000711c00000, 0x0000000711c00000| Untracked 
|  96|0x0000000711e00000, 0x0000000711e00000, 0x0000000712000000|  0%| F|  |TAMS 0x0000000711e00000, 0x0000000711e00000| Untracked 
|  97|0x0000000712000000, 0x0000000712000000, 0x0000000712200000|  0%| F|  |TAMS 0x0000000712000000, 0x0000000712000000| Untracked 
|  98|0x0000000712200000, 0x0000000712200000, 0x0000000712400000|  0%| F|  |TAMS 0x0000000712200000, 0x0000000712200000| Untracked 
|  99|0x0000000712400000, 0x0000000712400000, 0x0000000712600000|  0%| F|  |TAMS 0x0000000712400000, 0x0000000712400000| Untracked 
| 100|0x0000000712600000, 0x0000000712600000, 0x0000000712800000|  0%| F|  |TAMS 0x0000000712600000, 0x0000000712600000| Untracked 
| 101|0x0000000712800000, 0x0000000712800000, 0x0000000712a00000|  0%| F|  |TAMS 0x0000000712800000, 0x0000000712800000| Untracked 
| 102|0x0000000712a00000, 0x0000000712a00000, 0x0000000712c00000|  0%| F|  |TAMS 0x0000000712a00000, 0x0000000712a00000| Untracked 
| 103|0x0000000712c00000, 0x0000000712c00000, 0x0000000712e00000|  0%| F|  |TAMS 0x0000000712c00000, 0x0000000712c00000| Untracked 
| 104|0x0000000712e00000, 0x0000000712e00000, 0x0000000713000000|  0%| F|  |TAMS 0x0000000712e00000, 0x0000000712e00000| Untracked 
| 105|0x0000000713000000, 0x0000000713000000, 0x0000000713200000|  0%| F|  |TAMS 0x0000000713000000, 0x0000000713000000| Untracked 
| 106|0x0000000713200000, 0x0000000713200000, 0x0000000713400000|  0%| F|  |TAMS 0x0000000713200000, 0x0000000713200000| Untracked 
| 107|0x0000000713400000, 0x0000000713400000, 0x0000000713600000|  0%| F|  |TAMS 0x0000000713400000, 0x0000000713400000| Untracked 
| 108|0x0000000713600000, 0x0000000713600000, 0x0000000713800000|  0%| F|  |TAMS 0x0000000713600000, 0x0000000713600000| Untracked 
| 109|0x0000000713800000, 0x0000000713800000, 0x0000000713a00000|  0%| F|  |TAMS 0x0000000713800000, 0x0000000713800000| Untracked 
| 110|0x0000000713a00000, 0x0000000713a00000, 0x0000000713c00000|  0%| F|  |TAMS 0x0000000713a00000, 0x0000000713a00000| Untracked 
| 111|0x0000000713c00000, 0x0000000713c00000, 0x0000000713e00000|  0%| F|  |TAMS 0x0000000713c00000, 0x0000000713c00000| Untracked 
| 112|0x0000000713e00000, 0x0000000713e00000, 0x0000000714000000|  0%| F|  |TAMS 0x0000000713e00000, 0x0000000713e00000| Untracked 
| 113|0x0000000714000000, 0x0000000714050000, 0x0000000714200000| 15%| S|CS|TAMS 0x0000000714000000, 0x0000000714000000| Complete 
| 114|0x0000000714200000, 0x0000000714400000, 0x0000000714400000|100%| S|CS|TAMS 0x0000000714200000, 0x0000000714200000| Complete 
| 115|0x0000000714400000, 0x0000000714400000, 0x0000000714600000|  0%| F|  |TAMS 0x0000000714400000, 0x0000000714400000| Untracked 
| 116|0x0000000714600000, 0x00000007147cbd88, 0x0000000714800000| 89%| E|  |TAMS 0x0000000714600000, 0x0000000714600000| Complete 
| 117|0x0000000714800000, 0x0000000714a00000, 0x0000000714a00000|100%| E|CS|TAMS 0x0000000714800000, 0x0000000714800000| Complete 
| 118|0x0000000714a00000, 0x0000000714c00000, 0x0000000714c00000|100%| E|CS|TAMS 0x0000000714a00000, 0x0000000714a00000| Complete 
| 119|0x0000000714c00000, 0x0000000714e00000, 0x0000000714e00000|100%| E|CS|TAMS 0x0000000714c00000, 0x0000000714c00000| Complete 
| 120|0x0000000714e00000, 0x0000000715000000, 0x0000000715000000|100%| E|CS|TAMS 0x0000000714e00000, 0x0000000714e00000| Complete 
| 121|0x0000000715000000, 0x0000000715200000, 0x0000000715200000|100%| E|CS|TAMS 0x0000000715000000, 0x0000000715000000| Complete 
| 122|0x0000000715200000, 0x0000000715400000, 0x0000000715400000|100%| E|CS|TAMS 0x0000000715200000, 0x0000000715200000| Complete 
| 123|0x0000000715400000, 0x0000000715600000, 0x0000000715600000|100%| E|CS|TAMS 0x0000000715400000, 0x0000000715400000| Complete 
| 124|0x0000000715600000, 0x0000000715800000, 0x0000000715800000|100%| E|CS|TAMS 0x0000000715600000, 0x0000000715600000| Complete 
| 125|0x0000000715800000, 0x0000000715a00000, 0x0000000715a00000|100%| E|CS|TAMS 0x0000000715800000, 0x0000000715800000| Complete 

Card table byte_map: [0x0000023e635d0000,0x0000023e63db0000] _byte_map_base: 0x0000023e5fda1000

Marking Bits (Prev, Next): (CMBitMap*) 0x0000023e4b8bc640, (CMBitMap*) 0x0000023e4b8bc680
 Prev Bits: [0x0000023e64590000, 0x0000023e68418000)
 Next Bits: [0x0000023e68420000, 0x0000023e6c2a8000)

Polling page: 0x0000023e497d0000

Metaspace:

Usage:
  Non-class:      8.31 MB used.
      Class:      1.29 MB used.
       Both:      9.60 MB used.

Virtual space:
  Non-class space:       64.00 MB reserved,       8.38 MB ( 13%) committed,  1 nodes.
      Class space:        1.00 GB reserved,       1.38 MB ( <1%) committed,  1 nodes.
             Both:        1.06 GB reserved,       9.75 MB ( <1%) committed. 

Chunk freelists:
   Non-Class:  7.07 MB
       Class:  14.63 MB
        Both:  21.70 MB

MaxMetaspaceSize: unlimited
CompressedClassSpaceSize: 1.00 GB
Initial GC threshold: 21.00 MB
Current GC threshold: 21.00 MB
CDS: on
MetaspaceReclaimPolicy: balanced
 - commit_granule_bytes: 65536.
 - commit_granule_words: 8192.
 - virtual_space_node_default_size: 8388608.
 - enlarge_chunks_in_place: 1.
 - new_chunks_are_fully_committed: 0.
 - uncommit_free_chunks: 1.
 - use_allocation_guard: 0.
 - handle_deallocations: 1.


Internal statistics:

num_allocs_failed_limit: 0.
num_arena_births: 150.
num_arena_deaths: 0.
num_vsnodes_births: 2.
num_vsnodes_deaths: 0.
num_space_committed: 156.
num_space_uncommitted: 0.
num_chunks_returned_to_freelist: 0.
num_chunks_taken_from_freelist: 425.
num_chunk_merges: 0.
num_chunk_splits: 292.
num_chunks_enlarged: 220.
num_inconsistent_stats: 0.

CodeHeap 'non-profiled nmethods': size=119168Kb used=494Kb max_used=494Kb free=118673Kb
 bounds [0x0000023e5aee0000, 0x0000023e5b150000, 0x0000023e62340000]
CodeHeap 'profiled nmethods': size=119104Kb used=2544Kb max_used=2544Kb free=116559Kb
 bounds [0x0000023e53340000, 0x0000023e535c0000, 0x0000023e5a790000]
CodeHeap 'non-nmethods': size=7488Kb used=2949Kb max_used=2961Kb free=4538Kb
 bounds [0x0000023e5a790000, 0x0000023e5aa80000, 0x0000023e5aee0000]
 total_blobs=2040 nmethods=1466 adapters=483
 compilation: enabled
              stopped_count=0, restarted_count=0
 full_count=0

Compilation events (20 events):
Event: 0.525 Thread 0x0000023e6f0509e0 1447       3       java.util.LinkedHashMap::<init> (16 bytes)
Event: 0.525 Thread 0x0000023e6f0509e0 nmethod 1447 0x0000023e535aa090 code [0x0000023e535aa240, 0x0000023e535aa4a8]
Event: 0.525 Thread 0x0000023e6f0509e0 1448       3       java.util.LinkedHashMap$LinkedEntrySet::iterator (12 bytes)
Event: 0.525 Thread 0x0000023e6f6d37b0 nmethod 1446 0x0000023e535aa610 code [0x0000023e535aa7c0, 0x0000023e535aaa38]
Event: 0.525 Thread 0x0000023e6f6d37b0 1449       3       java.util.LinkedHashMap$LinkedEntryIterator::<init> (11 bytes)
Event: 0.525 Thread 0x0000023e6f768de0 nmethod 1445 0x0000023e535aab10 code [0x0000023e535aace0, 0x0000023e535ab0f8]
Event: 0.525 Thread 0x0000023e6f768de0 1450       3       java.util.LinkedHashMap$LinkedEntrySet::<init> (10 bytes)
Event: 0.525 Thread 0x0000023e6f0509e0 nmethod 1448 0x0000023e535b1390 code [0x0000023e535b1540, 0x0000023e535b1918]
Event: 0.525 Thread 0x0000023e6f0509e0 1451       3       java.util.jar.Attributes::entrySet (10 bytes)
Event: 0.526 Thread 0x0000023e6f768de0 nmethod 1450 0x0000023e535b1a90 code [0x0000023e535b1c40, 0x0000023e535b1ed8]
Event: 0.526 Thread 0x0000023e6f6d37b0 nmethod 1449 0x0000023e535b2010 code [0x0000023e535b21c0, 0x0000023e535b24f8]
Event: 0.526 Thread 0x0000023e6f7688c0 nmethod 1424 0x0000023e535ab290 code [0x0000023e535abaa0, 0x0000023e535afa08]
Event: 0.526 Thread 0x0000023e6f768de0 1452       3       java.util.jar.Attributes::clone (9 bytes)
Event: 0.526 Thread 0x0000023e6f6d37b0 1453       3       java.util.jar.Attributes::<init> (17 bytes)
Event: 0.526 Thread 0x0000023e6f0509e0 nmethod 1451 0x0000023e535b2610 code [0x0000023e535b27c0, 0x0000023e535b29a8]
Event: 0.526 Thread 0x0000023e6f7688c0 1438       3       java.util.jar.Attributes::putValue (13 bytes)
Event: 0.526 Thread 0x0000023e6f6d37b0 nmethod 1453 0x0000023e535b3310 code [0x0000023e535b34e0, 0x0000023e535b3908]
Event: 0.526 Thread 0x0000023e6f768de0 nmethod 1452 0x0000023e535b2a90 code [0x0000023e535b2c60, 0x0000023e535b3148]
Event: 0.526 Thread 0x0000023e6f8948d0 nmethod 1427 0x0000023e5af5b290 code [0x0000023e5af5b400, 0x0000023e5af5b558]
Event: 0.526 Thread 0x0000023e6f7688c0 nmethod 1438 0x0000023e535b3a90 code [0x0000023e535b3ca0, 0x0000023e535b44d8]

GC Heap History (2 events):
Event: 0.358 GC heap before
{Heap before GC invocations=0 (full 0):
 garbage-first heap   total 258048K, used 22528K [0x0000000705e00000, 0x0000000800000000)
  region size 2048K, 11 young (22528K), 0 survivors (0K)
 Metaspace       used 4972K, committed 5120K, reserved 1114112K
  class space    used 607K, committed 704K, reserved 1048576K
}
Event: 0.360 GC heap after
{Heap after GC invocations=1 (full 0):
 garbage-first heap   total 258048K, used 2368K [0x0000000705e00000, 0x0000000800000000)
  region size 2048K, 2 young (4096K), 2 survivors (4096K)
 Metaspace       used 4972K, committed 5120K, reserved 1114112K
  class space    used 607K, committed 704K, reserved 1048576K
}

Dll operation events (20 events):
Event: 0.173 Loaded shared library C:\Users\ibuda\.openjfx\cache\17.0.6\api-ms-win-crt-locale-l1-1-0.dll
Event: 0.174 Loaded shared library C:\Users\ibuda\.openjfx\cache\17.0.6\api-ms-win-crt-math-l1-1-0.dll
Event: 0.175 Loaded shared library C:\Users\ibuda\.openjfx\cache\17.0.6\api-ms-win-crt-multibyte-l1-1-0.dll
Event: 0.177 Loaded shared library C:\Users\ibuda\.openjfx\cache\17.0.6\api-ms-win-crt-private-l1-1-0.dll
Event: 0.178 Loaded shared library C:\Users\ibuda\.openjfx\cache\17.0.6\api-ms-win-crt-process-l1-1-0.dll
Event: 0.179 Loaded shared library C:\Users\ibuda\.openjfx\cache\17.0.6\api-ms-win-crt-runtime-l1-1-0.dll
Event: 0.180 Loaded shared library C:\Users\ibuda\.openjfx\cache\17.0.6\api-ms-win-crt-stdio-l1-1-0.dll
Event: 0.181 Loaded shared library C:\Users\ibuda\.openjfx\cache\17.0.6\api-ms-win-crt-string-l1-1-0.dll
Event: 0.182 Loaded shared library C:\Users\ibuda\.openjfx\cache\17.0.6\api-ms-win-crt-time-l1-1-0.dll
Event: 0.184 Loaded shared library C:\Users\ibuda\.openjfx\cache\17.0.6\api-ms-win-crt-utility-l1-1-0.dll
Event: 0.192 Loaded shared library C:\Users\ibuda\.openjfx\cache\17.0.6\ucrtbase.dll
Event: 0.194 Loaded shared library C:\Users\ibuda\.openjfx\cache\17.0.6\vcruntime140.dll
Event: 0.195 Loaded shared library C:\Users\ibuda\.openjfx\cache\17.0.6\vcruntime140_1.dll
Event: 0.199 Loaded shared library C:\Users\ibuda\.openjfx\cache\17.0.6\msvcp140.dll
Event: 0.201 Loaded shared library C:\Users\ibuda\.openjfx\cache\17.0.6\msvcp140_1.dll
Event: 0.203 Loaded shared library C:\Users\ibuda\.openjfx\cache\17.0.6\msvcp140_2.dll
Event: 0.222 Loaded shared library C:\Users\ibuda\.openjfx\cache\17.0.6\prism_d3d.dll
Event: 0.283 Loaded shared library C:\Users\ibuda\.openjfx\cache\17.0.6\glass.dll
Event: 0.336 Loaded shared library D:\Programs\Java\Liberica JDK 17\bin\jimage.dll
Event: 0.426 Loaded shared library C:\Users\ibuda\.openjfx\cache\17.0.6\javafx_font.dll

Deoptimization events (20 events):
Event: 0.496 Thread 0x0000023e74f7fa30 DEOPT PACKING pc=0x0000023e5af35754 sp=0x0000007aaf8fdb20
Event: 0.496 Thread 0x0000023e74f7fa30 DEOPT UNPACKING pc=0x0000023e5a7e69a3 sp=0x0000007aaf8fdac0 mode 2
Event: 0.522 Thread 0x0000023e74f7fa30 DEOPT PACKING pc=0x0000023e535060d6 sp=0x0000007aaf8fca40
Event: 0.522 Thread 0x0000023e74f7fa30 DEOPT UNPACKING pc=0x0000023e5a7e7143 sp=0x0000007aaf8fbee0 mode 0
Event: 0.522 Thread 0x0000023e74f7fa30 DEOPT PACKING pc=0x0000023e535060d6 sp=0x0000007aaf8fca40
Event: 0.522 Thread 0x0000023e74f7fa30 DEOPT UNPACKING pc=0x0000023e5a7e7143 sp=0x0000007aaf8fbee0 mode 0
Event: 0.522 Thread 0x0000023e74f7fa30 DEOPT PACKING pc=0x0000023e535060d6 sp=0x0000007aaf8fca90
Event: 0.522 Thread 0x0000023e74f7fa30 DEOPT UNPACKING pc=0x0000023e5a7e7143 sp=0x0000007aaf8fbf30 mode 0
Event: 0.522 Thread 0x0000023e74f7fa30 DEOPT PACKING pc=0x0000023e535060d6 sp=0x0000007aaf8fca40
Event: 0.522 Thread 0x0000023e74f7fa30 DEOPT UNPACKING pc=0x0000023e5a7e7143 sp=0x0000007aaf8fbee0 mode 0
Event: 0.523 Thread 0x0000023e74f7fa30 DEOPT PACKING pc=0x0000023e535060d6 sp=0x0000007aaf8fca90
Event: 0.523 Thread 0x0000023e74f7fa30 DEOPT UNPACKING pc=0x0000023e5a7e7143 sp=0x0000007aaf8fbf30 mode 0
Event: 0.523 Thread 0x0000023e74f7fa30 DEOPT PACKING pc=0x0000023e535060d6 sp=0x0000007aaf8fca40
Event: 0.523 Thread 0x0000023e74f7fa30 DEOPT UNPACKING pc=0x0000023e5a7e7143 sp=0x0000007aaf8fbee0 mode 0
Event: 0.523 Thread 0x0000023e74f7fa30 DEOPT PACKING pc=0x0000023e535060d6 sp=0x0000007aaf8fca90
Event: 0.523 Thread 0x0000023e74f7fa30 DEOPT UNPACKING pc=0x0000023e5a7e7143 sp=0x0000007aaf8fbf30 mode 0
Event: 0.523 Thread 0x0000023e74f7fa30 Uncommon trap: trap_request=0xffffff45 fr.pc=0x0000023e5af4a744 relative=0x0000000000000324
Event: 0.523 Thread 0x0000023e74f7fa30 Uncommon trap: reason=unstable_if action=reinterpret pc=0x0000023e5af4a744 method=java.io.ByteArrayInputStream.read([BII)I @ 35 c2
Event: 0.524 Thread 0x0000023e74f7fa30 DEOPT PACKING pc=0x0000023e5af4a744 sp=0x0000007aaf8fca40
Event: 0.524 Thread 0x0000023e74f7fa30 DEOPT UNPACKING pc=0x0000023e5a7e69a3 sp=0x0000007aaf8fca00 mode 2

Classes unloaded (0 events):
No events

Classes redefined (0 events):
No events

Internal exceptions (20 events):
Event: 0.086 Thread 0x0000023e4b84cdf0 Exception <a 'java/lang/NoSuchMethodError'{0x000000071536e8b0}: 'java.lang.Object java.lang.invoke.DirectMethodHandle$Holder.invokeStaticInit(java.lang.Object)'> (0x000000071536e8b0) 
thrown [s\src\hotspot\share\interpreter\linkResolver.cpp, line 759]
Event: 0.088 Thread 0x0000023e4b84cdf0 Exception <a 'java/lang/NoSuchMethodError'{0x0000000715376880}: 'void java.lang.invoke.DirectMethodHandle$Holder.invokeStatic(java.lang.Object, java.lang.Object)'> (0x0000000715376880) 
thrown [s\src\hotspot\share\interpreter\linkResolver.cpp, line 759]
Event: 0.213 Thread 0x0000023e4b84cdf0 Exception <a 'java/lang/NoSuchMethodError'{0x0000000714daa6f8}: 'void java.lang.invoke.DirectMethodHandle$Holder.invokeSpecial(java.lang.Object, java.lang.Object, java.lang.Object)'> (0x0000000714daa6f8) 
thrown [s\src\hotspot\share\interpreter\linkResolver.cpp, line 759]
Event: 0.217 Thread 0x0000023e4b84cdf0 Exception <a 'java/lang/NoSuchMethodError'{0x0000000714de1970}: 'void java.lang.invoke.DirectMethodHandle$Holder.invokeStatic(java.lang.Object, java.lang.Object, java.lang.Object)'> (0x0000000714de1970) 
thrown [s\src\hotspot\share\interpreter\linkResolver.cpp, line 759]
Event: 0.272 Thread 0x0000023e4b84cdf0 Exception <a 'java/lang/NoSuchMethodError'{0x0000000714dfe8a0}: 'int java.lang.invoke.DirectMethodHandle$Holder.invokeStaticInit(java.lang.Object, java.lang.Object, java.lang.Object)'> (0x0000000714dfe8a0) 
thrown [s\src\hotspot\share\interpreter\linkResolver.cpp, line 759]
Event: 0.285 Thread 0x0000023e4b84cdf0 Exception <a 'java/lang/NoSuchMethodError'{0x0000000714b349d8}: 'java.lang.Object java.lang.invoke.DirectMethodHandle$Holder.newInvokeSpecial(java.lang.Object, java.lang.Object, int, java.lang.Object)'> (0x0000000714b349d8) 
thrown [s\src\hotspot\share\interpreter\linkResolver.cpp, line 759]
Event: 0.285 Thread 0x0000023e4b84cdf0 Exception <a 'java/lang/NoSuchMethodError'{0x0000000714b38db8}: 'java.lang.Object java.lang.invoke.DirectMethodHandle$Holder.invokeSpecial(java.lang.Object, java.lang.Object, java.lang.Object, int, java.lang.Object)'> (0x0000000714b38db8) 
thrown [s\src\hotspot\share\interpreter\linkResolver.cpp, line 759]
Event: 0.316 Thread 0x0000023e74f7fa30 Exception <a 'java/lang/NoSuchMethodError'{0x00000007148e5180}: 'void java.lang.invoke.DirectMethodHandle$Holder.invokeStaticInit(java.lang.Object)'> (0x00000007148e5180) 
thrown [s\src\hotspot\share\interpreter\linkResolver.cpp, line 759]
Event: 0.318 Thread 0x0000023e4b84cdf0 Exception <a 'java/lang/NoSuchMethodError'{0x0000000714b4df48}: 'java.lang.Object java.lang.invoke.DirectMethodHandle$Holder.newInvokeSpecial(java.lang.Object, java.lang.Object, java.lang.Object, java.lang.Object, java.lang.Object, java.lang.Object)'> (0x0000000714b4df48) 
thrown [s\src\hotspot\share\interpreter\linkResolver.cpp, line 759]
Event: 0.320 Thread 0x0000023e4b84cdf0 Exception <a 'java/lang/NoSuchMethodError'{0x0000000714977170}: 'java.lang.Object java.lang.invoke.DirectMethodHandle$Holder.newInvokeSpecial(java.lang.Object, java.lang.Object, java.lang.Object, java.lang.Object, java.lang.Object)'> (0x0000000714977170) 
thrown [s\src\hotspot\share\interpreter\linkResolver.cpp, line 759]
Event: 0.321 Thread 0x0000023e74fdd870 Exception <a 'java/lang/NoSuchMethodError'{0x00000007149cc940}: 'void java.lang.invoke.DirectMethodHandle$Holder.invokeStatic(java.lang.Object, java.lang.Object, java.lang.Object, java.lang.Object)'> (0x00000007149cc940) 
thrown [s\src\hotspot\share\interpreter\linkResolver.cpp, line 759]
Event: 0.375 Thread 0x0000023e74f7fa30 Exception <a 'java/lang/NoSuchMethodError'{0x00000007157cb9e8}: 'java.lang.Object java.lang.invoke.DirectMethodHandle$Holder.invokeStaticInit(java.lang.Object, java.lang.Object, java.lang.Object, java.lang.Object)'> (0x00000007157cb9e8) 
thrown [s\src\hotspot\share\interpreter\linkResolver.cpp, line 759]
Event: 0.376 Thread 0x0000023e74f7fa30 Exception <a 'java/lang/NullPointerException'{0x00000007157d77b0}> (0x00000007157d77b0) 
thrown [s\src\hotspot\share\interpreter\linkResolver.cpp, line 1350]
Event: 0.391 Thread 0x0000023e74f7fa30 Exception <a 'java/lang/NoSuchMethodError'{0x0000000715559368}: 'java.lang.Object java.lang.invoke.DirectMethodHandle$Holder.invokeStatic(java.lang.Object, int, java.lang.Object)'> (0x0000000715559368) 
thrown [s\src\hotspot\share\interpreter\linkResolver.cpp, line 759]
Event: 0.395 Thread 0x0000023e74f7fa30 Exception <a 'java/lang/ClassNotFoundException'{0x00000007155d41d0}: sun/util/logging/resources/spi/loggingProvider> (0x00000007155d41d0) 
thrown [s\src\hotspot\share\classfile\systemDictionary.cpp, line 256]
Event: 0.415 Thread 0x0000023e74f7fa30 Exception <a 'java/lang/ClassNotFoundException'{0x000000071506de08}: com/sun/glass/ui/win/themes> (0x000000071506de08) 
thrown [s\src\hotspot\share\prims\jni.cpp, line 535]
Event: 0.416 Thread 0x0000023e74f7fa30 Exception <a 'java/lang/ClassNotFoundException'{0x00000007150760a0}: com/sun/glass/ui/win/themes_en> (0x00000007150760a0) 
thrown [s\src\hotspot\share\prims\jni.cpp, line 535]
Event: 0.416 Thread 0x0000023e74f7fa30 Exception <a 'java/lang/ClassNotFoundException'{0x000000071507e330}: com/sun/glass/ui/win/themes_en_US> (0x000000071507e330) 
thrown [s\src\hotspot\share\prims\jni.cpp, line 535]
Event: 0.460 Thread 0x0000023e74f7fa30 Exception <a 'java/lang/NoSuchMethodError'{0x0000000714da14c0}: 'void java.lang.invoke.DirectMethodHandle$Holder.invokeStaticInit(java.lang.Object, java.lang.Object)'> (0x0000000714da14c0) 
thrown [s\src\hotspot\share\interpreter\linkResolver.cpp, line 759]
Event: 0.465 Thread 0x0000023e74f7fa30 Exception <a 'java/lang/NoSuchMethodError'{0x0000000714dd71b8}: 'void java.lang.invoke.DirectMethodHandle$Holder.invokeSpecial(java.lang.Object, java.lang.Object, java.lang.Object, java.lang.Object, java.lang.Object)'> (0x0000000714dd71b8) 
thrown [s\src\hotspot\share\interpreter\linkResolver.cpp, line 759]

VM Operations (14 events):
Event: 0.067 Executing VM operation: HandshakeAllThreads
Event: 0.067 Executing VM operation: HandshakeAllThreads done
Event: 0.067 Executing VM operation: HandshakeAllThreads
Event: 0.067 Executing VM operation: HandshakeAllThreads done
Event: 0.279 Executing VM operation: HandshakeAllThreads
Event: 0.279 Executing VM operation: HandshakeAllThreads done
Event: 0.358 Executing VM operation: G1CollectForAllocation
Event: 0.360 Executing VM operation: G1CollectForAllocation done
Event: 0.428 Executing VM operation: HandshakeAllThreads
Event: 0.428 Executing VM operation: HandshakeAllThreads done
Event: 0.513 Executing VM operation: HandshakeAllThreads
Event: 0.513 Executing VM operation: HandshakeAllThreads done
Event: 0.520 Executing VM operation: HandshakeAllThreads
Event: 0.520 Executing VM operation: HandshakeAllThreads done

Events (20 events):
Event: 0.506 loading class java/time/format/FormatStyle
Event: 0.506 loading class java/time/format/FormatStyle done
Event: 0.510 loading class java/lang/Byte$ByteCache
Event: 0.510 loading class java/lang/Byte$ByteCache done
Event: 0.510 loading class java/lang/Short$ShortCache
Event: 0.510 loading class java/lang/Short$ShortCache done
Event: 0.515 loading class com/sun/org/apache/xerces/internal/impl/io/MalformedByteSequenceException
Event: 0.515 loading class java/io/CharConversionException
Event: 0.515 loading class java/io/CharConversionException done
Event: 0.515 loading class com/sun/org/apache/xerces/internal/impl/io/MalformedByteSequenceException done
Event: 0.524 loading class sun/security/util/ManifestEntryVerifier
Event: 0.524 loading class sun/security/util/ManifestEntryVerifier done
Event: 0.525 loading class sun/security/util/ManifestDigester
Event: 0.525 loading class sun/security/util/ManifestDigester done
Event: 0.525 loading class sun/security/util/ManifestDigester$Position
Event: 0.525 loading class sun/security/util/ManifestDigester$Position done
Event: 0.525 loading class sun/security/util/ManifestDigester$Entry
Event: 0.525 loading class sun/security/util/ManifestDigester$Entry done
Event: 0.526 loading class sun/security/util/ManifestDigester$Section
Event: 0.526 loading class sun/security/util/ManifestDigester$Section done


Dynamic libraries:
0x00007ff6f6570000 - 0x00007ff6f657e000 	D:\Programs\Java\Liberica JDK 17\bin\java.exe
0x00007ffa6ca10000 - 0x00007ffa6cc27000 	C:\Windows\SYSTEM32\ntdll.dll
0x00007ffa6baf0000 - 0x00007ffa6bbb4000 	C:\Windows\System32\KERNEL32.DLL
0x00007ffa6a200000 - 0x00007ffa6a5ac000 	C:\Windows\System32\KERNELBASE.dll
0x00007ffa6a630000 - 0x00007ffa6a741000 	C:\Windows\System32\ucrtbase.dll
0x00007ffa634f0000 - 0x00007ffa63507000 	D:\Programs\Java\Liberica JDK 17\bin\jli.dll
0x00007ffa616e0000 - 0x00007ffa616fb000 	D:\Programs\Java\Liberica JDK 17\bin\VCRUNTIME140.dll
0x00007ffa6c610000 - 0x00007ffa6c7be000 	C:\Windows\System32\USER32.dll
0x00007ffa6a0b0000 - 0x00007ffa6a0d6000 	C:\Windows\System32\win32u.dll
0x00007ffa5fe50000 - 0x00007ffa600e3000 	C:\Windows\WinSxS\amd64_microsoft.windows.common-controls_6595b64144ccf1df_6.0.22621.3672_none_2713b9d173822955\COMCTL32.dll
0x00007ffa6bf60000 - 0x00007ffa6bf89000 	C:\Windows\System32\GDI32.dll
0x00007ffa6c350000 - 0x00007ffa6c3f7000 	C:\Windows\System32\msvcrt.dll
0x00007ffa6a0e0000 - 0x00007ffa6a1f9000 	C:\Windows\System32\gdi32full.dll
0x00007ffa69d40000 - 0x00007ffa69dda000 	C:\Windows\System32\msvcp_win.dll
0x00007ffa6c820000 - 0x00007ffa6c851000 	C:\Windows\System32\IMM32.DLL
0x00007ffa65840000 - 0x00007ffa6584c000 	D:\Programs\Java\Liberica JDK 17\bin\vcruntime140_1.dll
0x00007ffa453d0000 - 0x00007ffa4545e000 	D:\Programs\Java\Liberica JDK 17\bin\msvcp140.dll
0x00007ffa058b0000 - 0x00007ffa06517000 	D:\Programs\Java\Liberica JDK 17\bin\server\jvm.dll
0x00007ffa6b670000 - 0x00007ffa6b722000 	C:\Windows\System32\ADVAPI32.dll
0x00007ffa6c400000 - 0x00007ffa6c4aa000 	C:\Windows\System32\sechost.dll
0x00007ffa69ea0000 - 0x00007ffa69ec8000 	C:\Windows\System32\bcrypt.dll
0x00007ffa6a830000 - 0x00007ffa6a945000 	C:\Windows\System32\RPCRT4.dll
0x00007ffa658e0000 - 0x00007ffa658e9000 	C:\Windows\SYSTEM32\WSOCK32.dll
0x00007ffa648d0000 - 0x00007ffa64904000 	C:\Windows\SYSTEM32\WINMM.dll
0x00007ffa6b9f0000 - 0x00007ffa6ba61000 	C:\Windows\System32\WS2_32.dll
0x00007ffa69600000 - 0x00007ffa6964d000 	C:\Windows\SYSTEM32\POWRPROF.dll
0x00007ffa592c0000 - 0x00007ffa592ca000 	C:\Windows\SYSTEM32\VERSION.dll
0x00007ffa695e0000 - 0x00007ffa695f3000 	C:\Windows\SYSTEM32\UMPDC.dll
0x00007ffa68d40000 - 0x00007ffa68d58000 	C:\Windows\SYSTEM32\kernel.appcore.dll
0x00007ffa64b30000 - 0x00007ffa64b3a000 	D:\Programs\Java\Liberica JDK 17\bin\jimage.dll
0x00007ffa67560000 - 0x00007ffa67792000 	C:\Windows\SYSTEM32\DBGHELP.DLL
0x00007ffa6bbd0000 - 0x00007ffa6bf58000 	C:\Windows\System32\combase.dll
0x00007ffa6a750000 - 0x00007ffa6a827000 	C:\Windows\System32\OLEAUT32.dll
0x00007ffa55e60000 - 0x00007ffa55e92000 	C:\Windows\SYSTEM32\dbgcore.DLL
0x00007ffa6a5b0000 - 0x00007ffa6a62b000 	C:\Windows\System32\bcryptPrimitives.dll
0x00007ffa601b0000 - 0x00007ffa601d5000 	D:\Programs\Java\Liberica JDK 17\bin\java.dll
0x00007ffa41ba0000 - 0x00007ffa41c77000 	D:\Programs\Java\Liberica JDK 17\bin\jsvml.dll
0x00007ffa6a950000 - 0x00007ffa6b1ac000 	C:\Windows\System32\SHELL32.dll
0x00007ffa67c40000 - 0x00007ffa68537000 	C:\Windows\SYSTEM32\windows.storage.dll
0x00007ffa67b00000 - 0x00007ffa67c3f000 	C:\Windows\SYSTEM32\wintypes.dll
0x00007ffa6bf90000 - 0x00007ffa6c084000 	C:\Windows\System32\SHCORE.dll
0x00007ffa6c7c0000 - 0x00007ffa6c81e000 	C:\Windows\System32\shlwapi.dll
0x00007ffa69c70000 - 0x00007ffa69c91000 	C:\Windows\SYSTEM32\profapi.dll
0x00007ffa59c80000 - 0x00007ffa59c99000 	D:\Programs\Java\Liberica JDK 17\bin\net.dll
0x00007ffa65fa0000 - 0x00007ffa660d6000 	C:\Windows\SYSTEM32\WINHTTP.dll
0x00007ffa691c0000 - 0x00007ffa69229000 	C:\Windows\system32\mswsock.dll
0x00007ffa51950000 - 0x00007ffa51966000 	D:\Programs\Java\Liberica JDK 17\bin\nio.dll
0x00007ffa59e10000 - 0x00007ffa59e28000 	D:\Programs\Java\Liberica JDK 17\bin\zip.dll
0x0000023e49830000 - 0x0000023e49833000 	C:\Users\ibuda\.openjfx\cache\17.0.6\api-ms-win-core-console-l1-1-0.dll
0x0000023e49840000 - 0x0000023e49843000 	C:\Users\ibuda\.openjfx\cache\17.0.6\api-ms-win-core-console-l1-2-0.dll
0x0000023e4b730000 - 0x0000023e4b733000 	C:\Users\ibuda\.openjfx\cache\17.0.6\api-ms-win-core-datetime-l1-1-0.dll
0x0000023e4b740000 - 0x0000023e4b743000 	C:\Users\ibuda\.openjfx\cache\17.0.6\api-ms-win-core-debug-l1-1-0.dll
0x0000023e4b750000 - 0x0000023e4b753000 	C:\Users\ibuda\.openjfx\cache\17.0.6\api-ms-win-core-errorhandling-l1-1-0.dll
0x0000023e4b760000 - 0x0000023e4b764000 	C:\Users\ibuda\.openjfx\cache\17.0.6\api-ms-win-core-file-l1-1-0.dll
0x0000023e4b770000 - 0x0000023e4b773000 	C:\Users\ibuda\.openjfx\cache\17.0.6\api-ms-win-core-file-l1-2-0.dll
0x0000023e4b780000 - 0x0000023e4b783000 	C:\Users\ibuda\.openjfx\cache\17.0.6\api-ms-win-core-file-l2-1-0.dll
0x0000023e4b790000 - 0x0000023e4b793000 	C:\Users\ibuda\.openjfx\cache\17.0.6\api-ms-win-core-handle-l1-1-0.dll
0x0000023e4b7a0000 - 0x0000023e4b7a3000 	C:\Users\ibuda\.openjfx\cache\17.0.6\api-ms-win-core-heap-l1-1-0.dll
0x0000023e4b7b0000 - 0x0000023e4b7b3000 	C:\Users\ibuda\.openjfx\cache\17.0.6\api-ms-win-core-interlocked-l1-1-0.dll
0x0000023e4b7c0000 - 0x0000023e4b7c3000 	C:\Users\ibuda\.openjfx\cache\17.0.6\api-ms-win-core-libraryloader-l1-1-0.dll
0x0000023e4b7d0000 - 0x0000023e4b7d3000 	C:\Users\ibuda\.openjfx\cache\17.0.6\api-ms-win-core-localization-l1-2-0.dll
0x0000023e4b7e0000 - 0x0000023e4b7e3000 	C:\Users\ibuda\.openjfx\cache\17.0.6\api-ms-win-core-memory-l1-1-0.dll
0x0000023e4b7f0000 - 0x0000023e4b7f3000 	C:\Users\ibuda\.openjfx\cache\17.0.6\api-ms-win-core-namedpipe-l1-1-0.dll
0x0000023e6fad0000 - 0x0000023e6fad3000 	C:\Users\ibuda\.openjfx\cache\17.0.6\api-ms-win-core-processenvironment-l1-1-0.dll
0x0000023e6fae0000 - 0x0000023e6fae3000 	C:\Users\ibuda\.openjfx\cache\17.0.6\api-ms-win-core-processthreads-l1-1-0.dll
0x0000023e6faf0000 - 0x0000023e6faf3000 	C:\Users\ibuda\.openjfx\cache\17.0.6\api-ms-win-core-processthreads-l1-1-1.dll
0x0000023e6fb00000 - 0x0000023e6fb03000 	C:\Users\ibuda\.openjfx\cache\17.0.6\api-ms-win-core-profile-l1-1-0.dll
0x0000023e6fb10000 - 0x0000023e6fb13000 	C:\Users\ibuda\.openjfx\cache\17.0.6\api-ms-win-core-rtlsupport-l1-1-0.dll
0x0000023e6fb20000 - 0x0000023e6fb23000 	C:\Users\ibuda\.openjfx\cache\17.0.6\api-ms-win-core-string-l1-1-0.dll
0x0000023e6fb30000 - 0x0000023e6fb33000 	C:\Users\ibuda\.openjfx\cache\17.0.6\api-ms-win-core-synch-l1-1-0.dll
0x0000023e6fb40000 - 0x0000023e6fb43000 	C:\Users\ibuda\.openjfx\cache\17.0.6\api-ms-win-core-synch-l1-2-0.dll
0x0000023e6fb50000 - 0x0000023e6fb53000 	C:\Users\ibuda\.openjfx\cache\17.0.6\api-ms-win-core-sysinfo-l1-1-0.dll
0x0000023e6fb60000 - 0x0000023e6fb63000 	C:\Users\ibuda\.openjfx\cache\17.0.6\api-ms-win-core-timezone-l1-1-0.dll
0x0000023e6fb70000 - 0x0000023e6fb73000 	C:\Users\ibuda\.openjfx\cache\17.0.6\api-ms-win-core-util-l1-1-0.dll
0x0000023e6fb80000 - 0x0000023e6fb83000 	C:\Users\ibuda\.openjfx\cache\17.0.6\api-ms-win-crt-conio-l1-1-0.dll
0x0000023e6fb90000 - 0x0000023e6fb94000 	C:\Users\ibuda\.openjfx\cache\17.0.6\api-ms-win-crt-convert-l1-1-0.dll
0x0000023e6fba0000 - 0x0000023e6fba3000 	C:\Users\ibuda\.openjfx\cache\17.0.6\api-ms-win-crt-environment-l1-1-0.dll
0x0000023e6fbb0000 - 0x0000023e6fbb3000 	C:\Users\ibuda\.openjfx\cache\17.0.6\api-ms-win-crt-filesystem-l1-1-0.dll
0x0000023e6fbc0000 - 0x0000023e6fbc3000 	C:\Users\ibuda\.openjfx\cache\17.0.6\api-ms-win-crt-heap-l1-1-0.dll
0x0000023e6fbd0000 - 0x0000023e6fbd3000 	C:\Users\ibuda\.openjfx\cache\17.0.6\api-ms-win-crt-locale-l1-1-0.dll
0x0000023e6fbe0000 - 0x0000023e6fbe5000 	C:\Users\ibuda\.openjfx\cache\17.0.6\api-ms-win-crt-math-l1-1-0.dll
0x0000023e6fbf0000 - 0x0000023e6fbf5000 	C:\Users\ibuda\.openjfx\cache\17.0.6\api-ms-win-crt-multibyte-l1-1-0.dll
0x0000023e6fc00000 - 0x0000023e6fc10000 	C:\Users\ibuda\.openjfx\cache\17.0.6\api-ms-win-crt-private-l1-1-0.dll
0x0000023e6fc10000 - 0x0000023e6fc13000 	C:\Users\ibuda\.openjfx\cache\17.0.6\api-ms-win-crt-process-l1-1-0.dll
0x0000023e6fc20000 - 0x0000023e6fc24000 	C:\Users\ibuda\.openjfx\cache\17.0.6\api-ms-win-crt-runtime-l1-1-0.dll
0x0000023e6fc30000 - 0x0000023e6fc34000 	C:\Users\ibuda\.openjfx\cache\17.0.6\api-ms-win-crt-stdio-l1-1-0.dll
0x0000023e6fc40000 - 0x0000023e6fc44000 	C:\Users\ibuda\.openjfx\cache\17.0.6\api-ms-win-crt-string-l1-1-0.dll
0x0000023e6fc50000 - 0x0000023e6fc53000 	C:\Users\ibuda\.openjfx\cache\17.0.6\api-ms-win-crt-time-l1-1-0.dll
0x0000023e6fc60000 - 0x0000023e6fc63000 	C:\Users\ibuda\.openjfx\cache\17.0.6\api-ms-win-crt-utility-l1-1-0.dll
0x00007ffa3fab0000 - 0x00007ffa3fbac000 	C:\Users\ibuda\.openjfx\cache\17.0.6\ucrtbase.dll
0x00007ffa51930000 - 0x00007ffa5194a000 	C:\Users\ibuda\.openjfx\cache\17.0.6\vcruntime140.dll
0x00007ffa5a1f0000 - 0x00007ffa5a1fc000 	C:\Users\ibuda\.openjfx\cache\17.0.6\vcruntime140_1.dll
0x00007ffa42ca0000 - 0x00007ffa42d2d000 	C:\Users\ibuda\.openjfx\cache\17.0.6\msvcp140.dll
0x00007ffa59e00000 - 0x00007ffa59e09000 	C:\Users\ibuda\.openjfx\cache\17.0.6\msvcp140_1.dll
0x00007ffa509f0000 - 0x00007ffa50a1f000 	C:\Users\ibuda\.openjfx\cache\17.0.6\msvcp140_2.dll
0x00007ffa453a0000 - 0x00007ffa453ca000 	C:\Users\ibuda\.openjfx\cache\17.0.6\prism_d3d.dll
0x00007ffa432c0000 - 0x00007ffa43468000 	C:\Windows\system32\d3d9.dll
0x00007ffa66fe0000 - 0x00007ffa6700b000 	C:\Windows\SYSTEM32\dwmapi.dll
0x00007ffa66e70000 - 0x00007ffa66ea9000 	C:\Windows\SYSTEM32\dxcore.dll
0x00007ffa66d50000 - 0x00007ffa66dfa000 	C:\Windows\system32\uxtheme.dll
0x00007ff9f3530000 - 0x00007ff9f35e0000 	C:\Windows\SYSTEM32\d3d9on12.dll
0x00007ffa66eb0000 - 0x00007ffa66fa7000 	C:\Windows\SYSTEM32\dxgi.dll
0x00007ffa2a1e0000 - 0x00007ffa2a206000 	C:\Windows\SYSTEM32\d3d12.dll
0x00007ffa69a40000 - 0x00007ffa69a8e000 	C:\Windows\SYSTEM32\cfgmgr32.dll
0x00007ff9f1cc0000 - 0x00007ff9f1ec2000 	C:\Windows\SYSTEM32\D3D12Core.dll
0x00007ff9f3430000 - 0x00007ff9f3523000 	C:\Windows\System32\DriverStore\FileRepository\iigd_dch.inf_amd64_30b27fc8a96c0745\igd12umd64.dll
0x00007ff9ef990000 - 0x00007ff9f0a79000 	C:\Windows\System32\DriverStore\FileRepository\iigd_dch.inf_amd64_30b27fc8a96c0745\igd12um64xel.dll
0x00007ffa69f40000 - 0x00007ffa6a0a7000 	C:\Windows\System32\CRYPT32.dll
0x00007ffa6b7e0000 - 0x00007ffa6b985000 	C:\Windows\System32\ole32.dll
0x00007ffa2a1b0000 - 0x00007ffa2a1d6000 	C:\Windows\System32\DriverStore\FileRepository\iigd_dch.inf_amd64_30b27fc8a96c0745\igdext64.dll
0x00007ffa2a060000 - 0x00007ffa2a0a7000 	C:\Windows\SYSTEM32\ControlLib.dll
0x00007ffa5ad80000 - 0x00007ffa5ae13000 	C:\Windows\System32\DriverStore\FileRepository\iigd_dch.inf_amd64_30b27fc8a96c0745\IntelControlLib.dll
0x00007ffa61c90000 - 0x00007ffa61cd9000 	C:\Windows\SYSTEM32\directxdatabasehelper.dll
0x00007ffa5a2b0000 - 0x00007ffa5a6ed000 	C:\Windows\System32\DriverStore\FileRepository\iigd_dch.inf_amd64_30b27fc8a96c0745\igdgmm64.dll
0x00007ffa51e60000 - 0x00007ffa55e56000 	C:\Windows\System32\DriverStore\FileRepository\iigd_dch.inf_amd64_30b27fc8a96c0745\igc64.dll
0x00007ffa2a030000 - 0x00007ffa2a05f000 	C:\Windows\SYSTEM32\D3DSCache.dll
0x00007ffa692c0000 - 0x00007ffa692e8000 	C:\Windows\SYSTEM32\USERENV.dll
0x00007ff9f0ec0000 - 0x00007ff9f11d2000 	C:\Windows\System32\DriverStore\FileRepository\iigd_dch.inf_amd64_30b27fc8a96c0745\igd12dxva64.dll
0x00007ffa6b1b0000 - 0x00007ffa6b624000 	C:\Windows\System32\SETUPAPI.dll
0x00007ff9f78a0000 - 0x00007ff9f8a78000 	C:\Windows\System32\DriverStore\FileRepository\iigd_dch.inf_amd64_30b27fc8a96c0745\igddxvacommon64.dll
0x00007ff9f5b70000 - 0x00007ff9f789b000 	C:\Windows\System32\DriverStore\FileRepository\iigd_dch.inf_amd64_30b27fc8a96c0745\media_bin_64.dll
0x00007ffa29410000 - 0x00007ffa29437000 	C:\Windows\System32\DriverStore\FileRepository\iigd_dch.inf_amd64_30b27fc8a96c0745\igdinfo64.dll
0x00007ffa5ce80000 - 0x00007ffa5d10a000 	C:\Windows\SYSTEM32\twinapi.appcore.dll
0x00007ffa45350000 - 0x00007ffa45392000 	C:\Users\ibuda\.openjfx\cache\17.0.6\glass.dll
0x00007ffa6c870000 - 0x00007ffa6c966000 	C:\Windows\System32\COMDLG32.dll
0x00007ffa6c4b0000 - 0x00007ffa6c603000 	C:\Windows\System32\MSCTF.dll
0x00007ffa4e6b0000 - 0x00007ffa4e6c4000 	C:\Users\ibuda\.openjfx\cache\17.0.6\javafx_font.dll
0x00007ffa627b0000 - 0x00007ffa62a23000 	C:\Windows\SYSTEM32\dwrite.dll

dbghelp: loaded successfully - version: 4.0.5 - missing functions: none
symbol engine: initialized successfully - sym options: 0x614 - pdb path: .;D:\Programs\Java\Liberica JDK 17\bin;C:\Windows\SYSTEM32;C:\Windows\WinSxS\amd64_microsoft.windows.common-controls_6595b64144ccf1df_6.0.22621.3672_none_2713b9d173822955;D:\Programs\Java\Liberica JDK 17\bin\server;C:\Users\ibuda\.openjfx\cache\17.0.6;C:\Windows\System32\DriverStore\FileRepository\iigd_dch.inf_amd64_30b27fc8a96c0745

VM Arguments:
jvm_args: --add-modules=javafx.controls,javafx.fxml --module-path=C:\Users\ibuda\.gradle\caches\modules-2\files-2.1\org.openjfx\javafx-fxml\17.0.6\5724aedc415683e62eeab3a3875550aa814c84fd\javafx-fxml-17.0.6-win.jar;C:\Users\ibuda\.gradle\caches\modules-2\files-2.1\org.openjfx\javafx-controls\17.0.6\c95b460be3bc372060ff32d0c666c1233c3e8400\javafx-controls-17.0.6-win.jar;C:\Users\ibuda\.gradle\caches\modules-2\files-2.1\org.openjfx\javafx-graphics\17.0.6\14326bf575b927d3c31a775f74bcf754ced35353\javafx-graphics-17.0.6-win.jar;C:\Users\ibuda\.gradle\caches\modules-2\files-2.1\org.openjfx\javafx-base\17.0.6\78ccb38688b70acc6b59718daca8bdb91f99db57\javafx-base-17.0.6-win.jar -Dfile.encoding=windows-1251 -Duser.country=US -Duser.language=en -Duser.variant 
java_command: whz.wirtschaft.abcxyz.HelloApplication
java_class_path (initial): D:\my\study\WHZ\4 Semester\Ein. in der Wirtschaftwissenschaften\Praktikum\abc-xyz\build\classes\java\main;D:\my\study\WHZ\4 Semester\Ein. in der Wirtschaftwissenschaften\Praktikum\abc-xyz\build\resources\main;C:\Users\ibuda\.gradle\caches\modules-2\files-2.1\com.microsoft.sqlserver\mssql-jdbc\12.4.2.jre11\d10ac00de02a1a682da0bea13aee20f49e756ef8\mssql-jdbc-12.4.2.jre11.jar
Launcher Type: SUN_STANDARD

[Global flags]
     intx CICompilerCount                          = 12                                        {product} {ergonomic}
     uint ConcGCThreads                            = 4                                         {product} {ergonomic}
     uint G1ConcRefinementThreads                  = 15                                        {product} {ergonomic}
   size_t G1HeapRegionSize                         = 2097152                                   {product} {ergonomic}
    uintx GCDrainStackTargetSize                   = 64                                        {product} {ergonomic}
   size_t InitialHeapSize                          = 264241152                                 {product} {ergonomic}
   size_t MarkStackSize                            = 4194304                                   {product} {ergonomic}
   size_t MaxHeapSize                              = 4196401152                                {product} {ergonomic}
   size_t MaxNewSize                               = 2516582400                                {product} {ergonomic}
   size_t MinHeapDeltaBytes                        = 2097152                                   {product} {ergonomic}
   size_t MinHeapSize                              = 8388608                                   {product} {ergonomic}
    uintx NonNMethodCodeHeapSize                   = 7602480                                {pd product} {ergonomic}
    uintx NonProfiledCodeHeapSize                  = 122027880                              {pd product} {ergonomic}
    uintx ProfiledCodeHeapSize                     = 122027880                              {pd product} {ergonomic}
    uintx ReservedCodeCacheSize                    = 251658240                              {pd product} {ergonomic}
     bool SegmentedCodeCache                       = true                                      {product} {ergonomic}
   size_t SoftMaxHeapSize                          = 4196401152                             {manageable} {ergonomic}
     bool UseCompressedClassPointers               = true                           {product lp64_product} {ergonomic}
     bool UseCompressedOops                        = true                           {product lp64_product} {ergonomic}
     bool UseG1GC                                  = true                                      {product} {ergonomic}
     bool UseLargePagesIndividualAllocation        = false                                  {pd product} {ergonomic}

Logging:
Log output configuration:
 #0: stdout all=warning uptime,level,tags
 #1: stderr all=off uptime,level,tags

Environment Variables:
JAVA_HOME=D:\Programs\Java\Liberica JDK 17
PATH=D:\Programs\Java\Liberica JDK 17\bin\;D:\Programs\Java\Liberica JDK 17\bin;D:\Programs\Git\cmd;C:\Program Files\dotnet\;D:\Programs\Inno Setup 6;C:\Program Files\Microsoft SQL Server\Client SDK\ODBC\170\Tools\Binn\;C:\Program Files (x86)\Microsoft SQL Server\150\Tools\Binn\;C:\Program Files\Microsoft SQL Server\150\Tools\Binn\;C:\Program Files\Microsoft SQL Server\150\DTS\Binn\;C:\Program Files (x86)\Microsoft SQL Server\160\DTS\Binn\;C:\Program Files\Azure Data Studio\bin;C:\Program Files (x86)\dotnet\;C:\Program Files (x86)\Windows Kits\10\Windows Performance Toolkit\;D:\Programs\nvm;D:\Programs\nodejs;D:\Programs\nodejs\;D:\Programs\gradle\gradle-8.7\bin;C:\Users\ibuda\AppData\Local\Microsoft\WindowsApps;D:\Programs\MiKTeX\miktex\bin\x64\;D:\Programs\Microsoft VS Code\bin;C:\Users\ibuda\.dotnet\tools;C:\Program Files\Azure Data Studio\bin;D:\Programs\flutter\bin;C:\Windows\System32\WindowsPowerShell\v1.0;C:\Windows\System32;C:\Users\ibuda\AppData\Local\Pub\Cache\bin;D:\Programs\nvm;D:\Programs\nodejs;C:\Users\ibuda\AppData\Roaming\npm
USERNAME=ibuda
OS=Windows_NT
PROCESSOR_IDENTIFIER=Intel64 Family 6 Model 186 Stepping 2, GenuineIntel
TMP=C:\Users\ibuda\AppData\Local\Temp
TEMP=C:\Users\ibuda\AppData\Local\Temp



---------------  S Y S T E M  ---------------

OS:
 Windows 11 , 64 bit Build 22621 (10.0.22621.3672)
OS uptime: 8 days 10:31 hours
Hyper-V role detected

CPU: total 20 (initial active 20) (10 cores per cpu, 2 threads per core) family 6 model 186 stepping 2 microcode 0x410e, cx8, cmov, fxsr, ht, mmx, 3dnowpref, sse, sse2, sse3, ssse3, sse4.1, sse4.2, popcnt, lzcnt, tsc, tscinvbit, avx, avx2, aes, erms, clmul, bmi1, bmi2, adx, sha, fma, vzeroupper, clflush, clflushopt, clwb, hv
Processor Information for processor 0
  Max Mhz: 2600, Current Mhz: 2600, Mhz Limit: 2600
Processor Information for processor 1
  Max Mhz: 2600, Current Mhz: 1496, Mhz Limit: 2600
Processor Information for processor 2
  Max Mhz: 2600, Current Mhz: 2600, Mhz Limit: 2600
Processor Information for processor 3
  Max Mhz: 2600, Current Mhz: 2600, Mhz Limit: 2600
Processor Information for processor 4
  Max Mhz: 2600, Current Mhz: 2600, Mhz Limit: 2600
Processor Information for processor 5
  Max Mhz: 2600, Current Mhz: 2600, Mhz Limit: 2600
Processor Information for processor 6
  Max Mhz: 2600, Current Mhz: 2600, Mhz Limit: 2600
Processor Information for processor 7
  Max Mhz: 2600, Current Mhz: 1496, Mhz Limit: 2600
Processor Information for processor 8
  Max Mhz: 2600, Current Mhz: 2600, Mhz Limit: 2600
Processor Information for processor 9
  Max Mhz: 2600, Current Mhz: 2600, Mhz Limit: 2600
Processor Information for processor 10
  Max Mhz: 2600, Current Mhz: 2600, Mhz Limit: 2600
Processor Information for processor 11
  Max Mhz: 2600, Current Mhz: 2600, Mhz Limit: 2600
Processor Information for processor 12
  Max Mhz: 2600, Current Mhz: 1900, Mhz Limit: 1898
Processor Information for processor 13
  Max Mhz: 2600, Current Mhz: 1900, Mhz Limit: 1898
Processor Information for processor 14
  Max Mhz: 2600, Current Mhz: 1900, Mhz Limit: 1898
Processor Information for processor 15
  Max Mhz: 2600, Current Mhz: 1900, Mhz Limit: 1898
Processor Information for processor 16
  Max Mhz: 2600, Current Mhz: 1900, Mhz Limit: 1898
Processor Information for processor 17
  Max Mhz: 2600, Current Mhz: 1900, Mhz Limit: 1898
Processor Information for processor 18
  Max Mhz: 2600, Current Mhz: 1900, Mhz Limit: 1898
Processor Information for processor 19
  Max Mhz: 2600, Current Mhz: 1900, Mhz Limit: 1898

Memory: 4k page, system-wide physical 16005M (2028M free)
TotalPageFile size 18901M (AvailPageFile size 4M)
current process WorkingSet (physical memory assigned to process): 125M, peak: 125M
current process commit charge ("private bytes"): 424M, peak: 459M

vm_info: OpenJDK 64-Bit Server VM (17.0.8.1+1-LTS) for windows-amd64 JRE (17.0.8.1+1-LTS), built on Aug 22 2023 01:44:18 by "" with MS VC++ 17.1 (VS2022)

END.
