#
# There is insufficient memory for the Java Runtime Environment to continue.
# Native memory allocation (mmap) failed to map 264241152 bytes for G1 virtual space
# Possible reasons:
#   The system is out of physical RAM or swap space
#   The process is running with CompressedOops enabled, and the Java Heap may be blocking the growth of the native heap
# Possible solutions:
#   Reduce memory load on the system
#   Increase physical memory or swap space
#   Check if swap backing store is full
#   Decrease Java heap size (-Xmx/-Xms)
#   Decrease number of Java threads
#   Decrease Java thread stack sizes (-Xss)
#   Set larger code cache with -XX:ReservedCodeCacheSize=
#   JVM is running with Zero Based Compressed Oops mode in which the Java heap is
#     placed in the first 32GB address space. The Java Heap base address is the
#     maximum limit for the native heap growth. Please use -XX:HeapBaseMinAddress
#     to set the Java Heap base and to place the Java Heap above 32GB virtual address.
# This output file may be truncated or incomplete.
#
#  Out of Memory Error (os_windows.cpp:3617), pid=9560, tid=12524
#
# JRE version:  (17.0.8.1+1) (build )
# Java VM: OpenJDK 64-Bit Server VM (17.0.8.1+1-LTS, mixed mode, sharing, tiered, compressed oops, compressed class ptrs, g1 gc, windows-amd64)
# No core dump will be written. Minidumps are not enabled by default on client versions of Windows
#

---------------  S U M M A R Y ------------

Command Line: --add-modules=javafx.controls,javafx.fxml --module-path=C:\Users\ibuda\.gradle\caches\modules-2\files-2.1\org.openjfx\javafx-fxml\17.0.6\5724aedc415683e62eeab3a3875550aa814c84fd\javafx-fxml-17.0.6-win.jar;C:\Users\ibuda\.gradle\caches\modules-2\files-2.1\org.openjfx\javafx-controls\17.0.6\c95b460be3bc372060ff32d0c666c1233c3e8400\javafx-controls-17.0.6-win.jar;C:\Users\ibuda\.gradle\caches\modules-2\files-2.1\org.openjfx\javafx-graphics\17.0.6\14326bf575b927d3c31a775f74bcf754ced35353\javafx-graphics-17.0.6-win.jar;C:\Users\ibuda\.gradle\caches\modules-2\files-2.1\org.openjfx\javafx-base\17.0.6\78ccb38688b70acc6b59718daca8bdb91f99db57\javafx-base-17.0.6-win.jar -Dfile.encoding=windows-1251 -Duser.country=US -Duser.language=en -Duser.variant whz.wirtschaft.abcxyz.HelloApplication

Host: 13th Gen Intel(R) Core(TM) i9-13900H, 20 cores, 15G,  Windows 11 , 64 bit Build 22621 (10.0.22621.3672)
Time: Tue Jun 25 09:14:34 2024 W. Europe Summer Time elapsed time: 0.008114 seconds (0d 0h 0m 0s)

---------------  T H R E A D  ---------------

Current thread (0x000002065607df10):  JavaThread "Unknown thread" [_thread_in_vm, id=12524, stack(0x0000006932e00000,0x0000006932f00000)]

Stack: [0x0000006932e00000,0x0000006932f00000]
Native frames: (J=compiled Java code, j=interpreted, Vv=VM code, C=native code)
V  [jvm.dll+0x679bda]
V  [jvm.dll+0x8360a4]
V  [jvm.dll+0x83784e]
V  [jvm.dll+0x837eb3]
V  [jvm.dll+0x247c4f]
V  [jvm.dll+0x676949]
V  [jvm.dll+0x66b2ba]
V  [jvm.dll+0x305da6]
V  [jvm.dll+0x30d196]
V  [jvm.dll+0x35cb7e]
V  [jvm.dll+0x35cdaf]
V  [jvm.dll+0x2dcfe8]
V  [jvm.dll+0x2ddf54]
V  [jvm.dll+0x807fb1]
V  [jvm.dll+0x36a731]
V  [jvm.dll+0x7e7328]
V  [jvm.dll+0x3edb9f]
V  [jvm.dll+0x3ef791]
C  [jli.dll+0x5287]
C  [ucrtbase.dll+0x29333]
C  [KERNEL32.DLL+0x1257d]
C  [ntdll.dll+0x5af28]


---------------  P R O C E S S  ---------------

Threads class SMR info:
_java_thread_list=0x00007ffa063e4678, length=0, elements={
}

Java Threads: ( => current thread )

Other Threads:
  0x00000206560ebdb0 GCTaskThread "GC Thread#0" [stack: 0x0000006932f00000,0x0000006933000000] [id=17464]
  0x00000206560fc710 ConcurrentGCThread "G1 Main Marker" [stack: 0x0000006933000000,0x0000006933100000] [id=15584]
  0x00000206560fd130 ConcurrentGCThread "G1 Conc#0" [stack: 0x0000006933100000,0x0000006933200000] [id=21244]

[error occurred during error reporting (printing all threads), id 0xc0000005, EXCEPTION_ACCESS_VIOLATION (0xc0000005) at pc=0x00007ffa05b9dbd7]

VM state: not at safepoint (not fully initialized)

VM Mutex/Monitor currently owned by a thread:  ([mutex/lock_event])
[0x0000020656077f80] Heap_lock - owner thread: 0x000002065607df10

Heap address: 0x0000000705e00000, size: 4002 MB, Compressed Oops mode: Zero based, Oop shift amount: 3

CDS archive(s) mapped at: [0x0000000000000000-0x0000000000000000-0x0000000000000000), size 0, SharedBaseAddress: 0x0000000800000000, ArchiveRelocationMode: 1.
Narrow klass base: 0x0000000000000000, Narrow klass shift: 0, Narrow klass range: 0x0

GC Precious Log:
<Empty>

Heap:
 garbage-first heap   total 0K, used 0K [0x0000000705e00000, 0x0000000800000000)
  region size 2048K, 0 young (0K), 0 survivors (0K)

[error occurred during error reporting (printing heap information), id 0xc0000005, EXCEPTION_ACCESS_VIOLATION (0xc0000005) at pc=0x00007ffa05f833a9]

GC Heap History (0 events):
No events

Dll operation events (1 events):
Event: 0.005 Loaded shared library D:\Programs\Java\Liberica JDK 17\bin\java.dll

Deoptimization events (0 events):
No events

Classes unloaded (0 events):
No events

Classes redefined (0 events):
No events

Internal exceptions (0 events):
No events

VM Operations (0 events):
No events

Events (0 events):
No events


Dynamic libraries:
0x00007ff6f6570000 - 0x00007ff6f657e000 	D:\Programs\Java\Liberica JDK 17\bin\java.exe
0x00007ffa6ca10000 - 0x00007ffa6cc27000 	C:\Windows\SYSTEM32\ntdll.dll
0x00007ffa6baf0000 - 0x00007ffa6bbb4000 	C:\Windows\System32\KERNEL32.DLL
0x00007ffa6a200000 - 0x00007ffa6a5ac000 	C:\Windows\System32\KERNELBASE.dll
0x00007ffa6a630000 - 0x00007ffa6a741000 	C:\Windows\System32\ucrtbase.dll
0x00007ffa634f0000 - 0x00007ffa63507000 	D:\Programs\Java\Liberica JDK 17\bin\jli.dll
0x00007ffa616e0000 - 0x00007ffa616fb000 	D:\Programs\Java\Liberica JDK 17\bin\VCRUNTIME140.dll
0x00007ffa6c610000 - 0x00007ffa6c7be000 	C:\Windows\System32\USER32.dll
0x00007ffa6a0b0000 - 0x00007ffa6a0d6000 	C:\Windows\System32\win32u.dll
0x00007ffa5fe50000 - 0x00007ffa600e3000 	C:\Windows\WinSxS\amd64_microsoft.windows.common-controls_6595b64144ccf1df_6.0.22621.3672_none_2713b9d173822955\COMCTL32.dll
0x00007ffa6bf60000 - 0x00007ffa6bf89000 	C:\Windows\System32\GDI32.dll
0x00007ffa6c350000 - 0x00007ffa6c3f7000 	C:\Windows\System32\msvcrt.dll
0x00007ffa6a0e0000 - 0x00007ffa6a1f9000 	C:\Windows\System32\gdi32full.dll
0x00007ffa69d40000 - 0x00007ffa69dda000 	C:\Windows\System32\msvcp_win.dll
0x00007ffa6c820000 - 0x00007ffa6c851000 	C:\Windows\System32\IMM32.DLL
0x00007ffa65840000 - 0x00007ffa6584c000 	D:\Programs\Java\Liberica JDK 17\bin\vcruntime140_1.dll
0x00007ffa453d0000 - 0x00007ffa4545e000 	D:\Programs\Java\Liberica JDK 17\bin\msvcp140.dll
0x00007ffa058b0000 - 0x00007ffa06517000 	D:\Programs\Java\Liberica JDK 17\bin\server\jvm.dll
0x00007ffa6b670000 - 0x00007ffa6b722000 	C:\Windows\System32\ADVAPI32.dll
0x00007ffa6c400000 - 0x00007ffa6c4aa000 	C:\Windows\System32\sechost.dll
0x00007ffa69ea0000 - 0x00007ffa69ec8000 	C:\Windows\System32\bcrypt.dll
0x00007ffa6a830000 - 0x00007ffa6a945000 	C:\Windows\System32\RPCRT4.dll
0x00007ffa69600000 - 0x00007ffa6964d000 	C:\Windows\SYSTEM32\POWRPROF.dll
0x00007ffa648d0000 - 0x00007ffa64904000 	C:\Windows\SYSTEM32\WINMM.dll
0x00007ffa592c0000 - 0x00007ffa592ca000 	C:\Windows\SYSTEM32\VERSION.dll
0x00007ffa658e0000 - 0x00007ffa658e9000 	C:\Windows\SYSTEM32\WSOCK32.dll
0x00007ffa6b9f0000 - 0x00007ffa6ba61000 	C:\Windows\System32\WS2_32.dll
0x00007ffa695e0000 - 0x00007ffa695f3000 	C:\Windows\SYSTEM32\UMPDC.dll
0x00007ffa68d40000 - 0x00007ffa68d58000 	C:\Windows\SYSTEM32\kernel.appcore.dll
0x00007ffa64b30000 - 0x00007ffa64b3a000 	D:\Programs\Java\Liberica JDK 17\bin\jimage.dll
0x00007ffa67560000 - 0x00007ffa67792000 	C:\Windows\SYSTEM32\DBGHELP.DLL
0x00007ffa6bbd0000 - 0x00007ffa6bf58000 	C:\Windows\System32\combase.dll
0x00007ffa6a750000 - 0x00007ffa6a827000 	C:\Windows\System32\OLEAUT32.dll
0x00007ffa55e60000 - 0x00007ffa55e92000 	C:\Windows\SYSTEM32\dbgcore.DLL
0x00007ffa6a5b0000 - 0x00007ffa6a62b000 	C:\Windows\System32\bcryptPrimitives.dll
0x00007ffa601b0000 - 0x00007ffa601d5000 	D:\Programs\Java\Liberica JDK 17\bin\java.dll

dbghelp: loaded successfully - version: 4.0.5 - missing functions: none
symbol engine: initialized successfully - sym options: 0x614 - pdb path: .;D:\Programs\Java\Liberica JDK 17\bin;C:\Windows\SYSTEM32;C:\Windows\WinSxS\amd64_microsoft.windows.common-controls_6595b64144ccf1df_6.0.22621.3672_none_2713b9d173822955;D:\Programs\Java\Liberica JDK 17\bin\server

VM Arguments:
jvm_args: --add-modules=javafx.controls,javafx.fxml --module-path=C:\Users\ibuda\.gradle\caches\modules-2\files-2.1\org.openjfx\javafx-fxml\17.0.6\5724aedc415683e62eeab3a3875550aa814c84fd\javafx-fxml-17.0.6-win.jar;C:\Users\ibuda\.gradle\caches\modules-2\files-2.1\org.openjfx\javafx-controls\17.0.6\c95b460be3bc372060ff32d0c666c1233c3e8400\javafx-controls-17.0.6-win.jar;C:\Users\ibuda\.gradle\caches\modules-2\files-2.1\org.openjfx\javafx-graphics\17.0.6\14326bf575b927d3c31a775f74bcf754ced35353\javafx-graphics-17.0.6-win.jar;C:\Users\ibuda\.gradle\caches\modules-2\files-2.1\org.openjfx\javafx-base\17.0.6\78ccb38688b70acc6b59718daca8bdb91f99db57\javafx-base-17.0.6-win.jar -Dfile.encoding=windows-1251 -Duser.country=US -Duser.language=en -Duser.variant 
java_command: whz.wirtschaft.abcxyz.HelloApplication
java_class_path (initial): D:\my\study\WHZ\4 Semester\Ein. in der Wirtschaftwissenschaften\Praktikum\abc-xyz\build\classes\java\main;D:\my\study\WHZ\4 Semester\Ein. in der Wirtschaftwissenschaften\Praktikum\abc-xyz\build\resources\main;C:\Users\ibuda\.gradle\caches\modules-2\files-2.1\com.microsoft.sqlserver\mssql-jdbc\12.4.2.jre11\d10ac00de02a1a682da0bea13aee20f49e756ef8\mssql-jdbc-12.4.2.jre11.jar
Launcher Type: SUN_STANDARD

[Global flags]
     intx CICompilerCount                          = 12                                        {product} {ergonomic}
     uint ConcGCThreads                            = 4                                         {product} {ergonomic}
     uint G1ConcRefinementThreads                  = 15                                        {product} {ergonomic}
   size_t G1HeapRegionSize                         = 2097152                                   {product} {ergonomic}
    uintx GCDrainStackTargetSize                   = 64                                        {product} {ergonomic}
   size_t InitialHeapSize                          = 264241152                                 {product} {ergonomic}
   size_t MarkStackSize                            = 4194304                                   {product} {ergonomic}
   size_t MaxHeapSize                              = 4196401152                                {product} {ergonomic}
   size_t MinHeapDeltaBytes                        = 2097152                                   {product} {ergonomic}
   size_t MinHeapSize                              = 8388608                                   {product} {ergonomic}
    uintx NonNMethodCodeHeapSize                   = 7602480                                {pd product} {ergonomic}
    uintx NonProfiledCodeHeapSize                  = 122027880                              {pd product} {ergonomic}
    uintx ProfiledCodeHeapSize                     = 122027880                              {pd product} {ergonomic}
    uintx ReservedCodeCacheSize                    = 251658240                              {pd product} {ergonomic}
     bool SegmentedCodeCache                       = true                                      {product} {ergonomic}
   size_t SoftMaxHeapSize                          = 4196401152                             {manageable} {ergonomic}
     bool UseCompressedClassPointers               = true                           {product lp64_product} {ergonomic}
     bool UseCompressedOops                        = true                           {product lp64_product} {ergonomic}
     bool UseG1GC                                  = true                                      {product} {ergonomic}
     bool UseLargePagesIndividualAllocation        = false                                  {pd product} {ergonomic}

Logging:
Log output configuration:
 #0: stdout all=warning uptime,level,tags
 #1: stderr all=off uptime,level,tags

Environment Variables:
JAVA_HOME=D:\Programs\Java\Liberica JDK 17
PATH=D:\Programs\Java\Liberica JDK 17\bin\;D:\Programs\Java\Liberica JDK 17\bin;D:\Programs\Git\cmd;C:\Program Files\dotnet\;D:\Programs\Inno Setup 6;C:\Program Files\Microsoft SQL Server\Client SDK\ODBC\170\Tools\Binn\;C:\Program Files (x86)\Microsoft SQL Server\150\Tools\Binn\;C:\Program Files\Microsoft SQL Server\150\Tools\Binn\;C:\Program Files\Microsoft SQL Server\150\DTS\Binn\;C:\Program Files (x86)\Microsoft SQL Server\160\DTS\Binn\;C:\Program Files\Azure Data Studio\bin;C:\Program Files (x86)\dotnet\;C:\Program Files (x86)\Windows Kits\10\Windows Performance Toolkit\;D:\Programs\nvm;D:\Programs\nodejs;D:\Programs\nodejs\;D:\Programs\gradle\gradle-8.7\bin;C:\Users\ibuda\AppData\Local\Microsoft\WindowsApps;D:\Programs\MiKTeX\miktex\bin\x64\;D:\Programs\Microsoft VS Code\bin;C:\Users\ibuda\.dotnet\tools;C:\Program Files\Azure Data Studio\bin;D:\Programs\flutter\bin;C:\Windows\System32\WindowsPowerShell\v1.0;C:\Windows\System32;C:\Users\ibuda\AppData\Local\Pub\Cache\bin;D:\Programs\nvm;D:\Programs\nodejs;C:\Users\ibuda\AppData\Roaming\npm
USERNAME=ibuda
OS=Windows_NT
PROCESSOR_IDENTIFIER=Intel64 Family 6 Model 186 Stepping 2, GenuineIntel
TMP=C:\Users\ibuda\AppData\Local\Temp
TEMP=C:\Users\ibuda\AppData\Local\Temp



---------------  S Y S T E M  ---------------

OS:
 Windows 11 , 64 bit Build 22621 (10.0.22621.3672)
OS uptime: 8 days 11:23 hours
Hyper-V role detected

CPU: total 20 (initial active 20) (10 cores per cpu, 2 threads per core) family 6 model 186 stepping 2 microcode 0x410e, cx8, cmov, fxsr, ht, mmx, 3dnowpref, sse, sse2, sse3, ssse3, sse4.1, sse4.2, popcnt, lzcnt, tsc, tscinvbit, avx, avx2, aes, erms, clmul, bmi1, bmi2, adx, sha, fma, vzeroupper, clflush, clflushopt, clwb, hv
Processor Information for processor 0
  Max Mhz: 2600, Current Mhz: 2600, Mhz Limit: 2600
Processor Information for processor 1
  Max Mhz: 2600, Current Mhz: 2600, Mhz Limit: 2600
Processor Information for processor 2
  Max Mhz: 2600, Current Mhz: 2600, Mhz Limit: 2600
Processor Information for processor 3
  Max Mhz: 2600, Current Mhz: 2600, Mhz Limit: 2600
Processor Information for processor 4
  Max Mhz: 2600, Current Mhz: 2600, Mhz Limit: 2600
Processor Information for processor 5
  Max Mhz: 2600, Current Mhz: 2600, Mhz Limit: 2600
Processor Information for processor 6
  Max Mhz: 2600, Current Mhz: 2600, Mhz Limit: 2600
Processor Information for processor 7
  Max Mhz: 2600, Current Mhz: 2600, Mhz Limit: 2600
Processor Information for processor 8
  Max Mhz: 2600, Current Mhz: 2600, Mhz Limit: 2600
Processor Information for processor 9
  Max Mhz: 2600, Current Mhz: 2600, Mhz Limit: 2600
Processor Information for processor 10
  Max Mhz: 2600, Current Mhz: 2600, Mhz Limit: 2600
Processor Information for processor 11
  Max Mhz: 2600, Current Mhz: 2600, Mhz Limit: 2600
Processor Information for processor 12
  Max Mhz: 2600, Current Mhz: 1900, Mhz Limit: 1898
Processor Information for processor 13
  Max Mhz: 2600, Current Mhz: 1900, Mhz Limit: 1898
Processor Information for processor 14
  Max Mhz: 2600, Current Mhz: 1500, Mhz Limit: 1898
Processor Information for processor 15
  Max Mhz: 2600, Current Mhz: 1500, Mhz Limit: 1898
Processor Information for processor 16
  Max Mhz: 2600, Current Mhz: 1900, Mhz Limit: 1898
Processor Information for processor 17
  Max Mhz: 2600, Current Mhz: 1500, Mhz Limit: 1898
Processor Information for processor 18
  Max Mhz: 2600, Current Mhz: 1500, Mhz Limit: 1898
Processor Information for processor 19
  Max Mhz: 2600, Current Mhz: 1900, Mhz Limit: 1898

Memory: 4k page, system-wide physical 16005M (1274M free)
TotalPageFile size 18901M (AvailPageFile size 174M)
current process WorkingSet (physical memory assigned to process): 11M, peak: 11M
current process commit charge ("private bytes"): 75M, peak: 327M

vm_info: OpenJDK 64-Bit Server VM (17.0.8.1+1-LTS) for windows-amd64 JRE (17.0.8.1+1-LTS), built on Aug 22 2023 01:44:18 by "" with MS VC++ 17.1 (VS2022)

END.
