#
# There is insufficient memory for the Java Runtime Environment to continue.
# Native memory allocation (mmap) failed to map 65536 bytes for Failed to commit metaspace.
# Possible reasons:
#   The system is out of physical RAM or swap space
#   The process is running with CompressedOops enabled, and the Java Heap may be blocking the growth of the native heap
# Possible solutions:
#   Reduce memory load on the system
#   Increase physical memory or swap space
#   Check if swap backing store is full
#   Decrease Java heap size (-Xmx/-Xms)
#   Decrease number of Java threads
#   Decrease Java thread stack sizes (-Xss)
#   Set larger code cache with -XX:ReservedCodeCacheSize=
#   JVM is running with Zero Based Compressed Oops mode in which the Java heap is
#     placed in the first 32GB address space. The Java Heap base address is the
#     maximum limit for the native heap growth. Please use -XX:HeapBaseMinAddress
#     to set the Java Heap base and to place the Java Heap above 32GB virtual address.
# This output file may be truncated or incomplete.
#
#  Out of Memory Error (virtualSpaceNode.cpp:110), pid=14772, tid=15080
#
# JRE version: OpenJDK Runtime Environment (17.0.8.1+1) (build 17.0.8.1+1-LTS)
# Java VM: OpenJDK 64-Bit Server VM (17.0.8.1+1-LTS, mixed mode, sharing, tiered, compressed oops, compressed class ptrs, g1 gc, windows-amd64)
# No core dump will be written. Minidumps are not enabled by default on client versions of Windows
#

---------------  S U M M A R Y ------------

Command Line: --add-modules=javafx.controls,javafx.fxml --module-path=C:\Users\ibuda\.gradle\caches\modules-2\files-2.1\org.openjfx\javafx-fxml\17.0.6\5724aedc415683e62eeab3a3875550aa814c84fd\javafx-fxml-17.0.6-win.jar;C:\Users\ibuda\.gradle\caches\modules-2\files-2.1\org.openjfx\javafx-controls\17.0.6\c95b460be3bc372060ff32d0c666c1233c3e8400\javafx-controls-17.0.6-win.jar;C:\Users\ibuda\.gradle\caches\modules-2\files-2.1\org.openjfx\javafx-graphics\17.0.6\14326bf575b927d3c31a775f74bcf754ced35353\javafx-graphics-17.0.6-win.jar;C:\Users\ibuda\.gradle\caches\modules-2\files-2.1\org.openjfx\javafx-base\17.0.6\78ccb38688b70acc6b59718daca8bdb91f99db57\javafx-base-17.0.6-win.jar -Dfile.encoding=windows-1251 -Duser.country=US -Duser.language=en -Duser.variant whz.wirtschaft.abcxyz.HelloApplication

Host: 13th Gen Intel(R) Core(TM) i9-13900H, 20 cores, 15G,  Windows 11 , 64 bit Build 22621 (10.0.22621.3672)
Time: Tue Jun 25 09:34:36 2024 W. Europe Summer Time elapsed time: 0.956946 seconds (0d 0h 0m 0s)

---------------  T H R E A D  ---------------

Current thread (0x000001c46ddddf90):  JavaThread "JavaFX Application Thread" [_thread_in_vm, id=15080, stack(0x000000a271300000,0x000000a271400000)]

Stack: [0x000000a271300000,0x000000a271400000]
Native frames: (J=compiled Java code, j=interpreted, Vv=VM code, C=native code)
V  [jvm.dll+0x679bda]
V  [jvm.dll+0x8360a4]
V  [jvm.dll+0x83784e]
V  [jvm.dll+0x837eb3]
V  [jvm.dll+0x247c4f]
V  [jvm.dll+0x83229b]
V  [jvm.dll+0x61e776]
V  [jvm.dll+0x1c1da7]
V  [jvm.dll+0x6210e0]
V  [jvm.dll+0x61f136]
V  [jvm.dll+0x2455ec]
V  [jvm.dll+0x6d05ed]
V  [jvm.dll+0x6d0fef]
V  [jvm.dll+0x3715f5]
V  [jvm.dll+0x3706a4]
V  [jvm.dll+0x370648]
V  [jvm.dll+0x38054a]
C  0x000001c45367b704

Java frames: (J=compiled Java code, j=interpreted, Vv=VM code)
j  javafx.scene.control.TableRow.createDefaultSkin()Ljavafx/scene/control/Skin;+0 javafx.controls
j  javafx.scene.control.Control.doProcessCSS()V+25 javafx.controls
j  javafx.scene.control.Control$1.doProcessCSS(Ljavafx/scene/Node;)V+4 javafx.controls
j  com.sun.javafx.scene.control.ControlHelper.processCSSImpl(Ljavafx/scene/Node;)V+4 javafx.controls
j  com.sun.javafx.scene.NodeHelper.processCSS(Ljavafx/scene/Node;)V+5 javafx.graphics
j  javafx.scene.Parent.doProcessCSS()V+121 javafx.graphics
j  javafx.scene.Parent$1.doProcessCSS(Ljavafx/scene/Node;)V+4 javafx.graphics
j  com.sun.javafx.scene.ParentHelper.processCSSImpl(Ljavafx/scene/Node;)V+4 javafx.graphics
j  com.sun.javafx.scene.NodeHelper.processCSS(Ljavafx/scene/Node;)V+5 javafx.graphics
j  javafx.scene.Parent.doProcessCSS()V+121 javafx.graphics
j  javafx.scene.Parent$1.doProcessCSS(Ljavafx/scene/Node;)V+4 javafx.graphics
j  com.sun.javafx.scene.ParentHelper.processCSSImpl(Ljavafx/scene/Node;)V+4 javafx.graphics
j  com.sun.javafx.scene.NodeHelper.processCSS(Ljavafx/scene/Node;)V+5 javafx.graphics
j  javafx.scene.Node.processCSS()V+99 javafx.graphics
j  javafx.scene.Node.applyCss()V+109 javafx.graphics
j  javafx.scene.control.skin.VirtualFlow.setCellIndex(Ljavafx/scene/control/IndexedCell;I)V+53 javafx.controls
j  javafx.scene.control.skin.VirtualFlow.getCell(I)Ljavafx/scene/control/IndexedCell;+174 javafx.controls
j  javafx.scene.control.skin.VirtualFlow.getOrCreateCellSize(IZ)D+133 javafx.controls
j  javafx.scene.control.skin.VirtualFlow.getOrCreateCellSize(I)D+3 javafx.controls
j  javafx.scene.control.skin.VirtualFlow.recalculateAndImproveEstimatedSize(I)V+91 javafx.controls
j  javafx.scene.control.skin.VirtualFlow.recalculateEstimatedSize()V+2 javafx.controls
j  javafx.scene.control.skin.VirtualFlow$5.invalidated()V+16 javafx.controls
j  javafx.beans.property.IntegerPropertyBase.markInvalid()V+13 javafx.base
j  javafx.beans.property.IntegerPropertyBase.set(I)V+72 javafx.base
j  javafx.scene.control.skin.VirtualFlow.setCellCount(I)V+5 javafx.controls
j  javafx.scene.control.skin.TableViewSkinBase.updateItemCount()V+42 javafx.controls
j  javafx.scene.control.skin.TableViewSkin.<init>(Ljavafx/scene/control/TableView;)V+247 javafx.controls
j  javafx.scene.control.TableView.createDefaultSkin()Ljavafx/scene/control/Skin;+5 javafx.controls
j  javafx.scene.control.Control.doProcessCSS()V+25 javafx.controls
j  javafx.scene.control.Control$1.doProcessCSS(Ljavafx/scene/Node;)V+4 javafx.controls
j  com.sun.javafx.scene.control.ControlHelper.processCSSImpl(Ljavafx/scene/Node;)V+4 javafx.controls
j  com.sun.javafx.scene.NodeHelper.processCSS(Ljavafx/scene/Node;)V+5 javafx.graphics
j  javafx.scene.Parent.doProcessCSS()V+121 javafx.graphics
j  javafx.scene.Parent$1.doProcessCSS(Ljavafx/scene/Node;)V+4 javafx.graphics
j  com.sun.javafx.scene.ParentHelper.processCSSImpl(Ljavafx/scene/Node;)V+4 javafx.graphics
j  com.sun.javafx.scene.NodeHelper.processCSS(Ljavafx/scene/Node;)V+5 javafx.graphics
j  javafx.scene.Node.processCSS()V+99 javafx.graphics
j  javafx.scene.Scene.doCSSPass()V+23 javafx.graphics
j  javafx.scene.Scene.preferredSize()V+6 javafx.graphics
j  javafx.scene.Scene$2.preferredSize(Ljavafx/scene/Scene;)V+1 javafx.graphics
j  com.sun.javafx.scene.SceneHelper.preferredSize(Ljavafx/scene/Scene;)V+4 javafx.graphics
j  javafx.stage.Window$12.invalidated()V+384 javafx.graphics
j  javafx.beans.property.BooleanPropertyBase.markInvalid()V+13 javafx.base
j  javafx.beans.property.BooleanPropertyBase.set(Z)V+72 javafx.base
j  javafx.stage.Window.setShowing(Z)V+11 javafx.graphics
j  javafx.stage.Window.show()V+2 javafx.graphics
j  javafx.stage.Stage.show()V+1 javafx.graphics
j  whz.wirtschaft.abcxyz.HelloApplication.start(Ljavafx/stage/Stage;)V+42
j  com.sun.javafx.application.LauncherImpl.lambda$launchApplication1$9(Ljava/util/concurrent/atomic/AtomicBoolean;Ljavafx/application/Application;)V+20 javafx.graphics
j  com.sun.javafx.application.LauncherImpl$$Lambda$89+0x000001c40103ab78.run()V+8 javafx.graphics
j  com.sun.javafx.application.PlatformImpl.lambda$runAndWait$12(Ljava/lang/Runnable;Ljava/util/concurrent/CountDownLatch;)V+1 javafx.graphics
j  com.sun.javafx.application.PlatformImpl$$Lambda$82+0x000001c401039048.run()V+8 javafx.graphics
j  com.sun.javafx.application.PlatformImpl.lambda$runLater$10(Ljava/lang/Runnable;)Ljava/lang/Void;+1 javafx.graphics
j  com.sun.javafx.application.PlatformImpl$$Lambda$84+0x000001c4010396b8.run()Ljava/lang/Object;+4 javafx.graphics
j  java.security.AccessController.executePrivileged(Ljava/security/PrivilegedAction;Ljava/security/AccessControlContext;Ljava/lang/Class;)Ljava/lang/Object;+29 java.base@17.0.8.1
j  java.security.AccessController.doPrivileged(Ljava/security/PrivilegedAction;Ljava/security/AccessControlContext;)Ljava/lang/Object;+13 java.base@17.0.8.1
j  com.sun.javafx.application.PlatformImpl.lambda$runLater$11(Ljava/lang/Runnable;Ljava/security/AccessControlContext;)V+7 javafx.graphics
j  com.sun.javafx.application.PlatformImpl$$Lambda$83+0x000001c401039268.run()V+8 javafx.graphics
j  com.sun.glass.ui.InvokeLaterDispatcher$Future.run()V+4 javafx.graphics
v  ~StubRoutines::call_stub
j  com.sun.glass.ui.win.WinApplication._runLoop(Ljava/lang/Runnable;)V+0 javafx.graphics
j  com.sun.glass.ui.win.WinApplication.lambda$runLoop$3(ILjava/lang/Runnable;)V+8 javafx.graphics
j  com.sun.glass.ui.win.WinApplication$$Lambda$72+0x000001c40102c6c0.run()V+12 javafx.graphics
j  java.lang.Thread.run()V+11 java.base@17.0.8.1
v  ~StubRoutines::call_stub

---------------  P R O C E S S  ---------------

Threads class SMR info:
_java_thread_list=0x000001c4722cb0e0, length=26, elements={
0x000001c44471ca00, 0x000001c468484d80, 0x000001c468485c00, 0x000001c46849f6e0,
0x000001c4684a02a0, 0x000001c4684a3d80, 0x000001c4684a4740, 0x000001c4684a56f0,
0x000001c4684ae9d0, 0x000001c4684b2c10, 0x000001c4685420e0, 0x000001c4685ebb80,
0x000001c468646920, 0x000001c468649110, 0x000001c468649630, 0x000001c468649d60,
0x000001c46864a6a0, 0x000001c4686f1510, 0x000001c46870e500, 0x000001c46d310c40,
0x000001c46d558d70, 0x000001c46dd70ce0, 0x000001c46ddddf90, 0x000001c46de18a10,
0x000001c46da02ba0, 0x000001c46db40be0
}

Java Threads: ( => current thread )
  0x000001c44471ca00 JavaThread "main" [_thread_blocked, id=14704, stack(0x000000a26f000000,0x000000a26f100000)]
  0x000001c468484d80 JavaThread "Reference Handler" daemon [_thread_blocked, id=23076, stack(0x000000a26f700000,0x000000a26f800000)]
  0x000001c468485c00 JavaThread "Finalizer" daemon [_thread_blocked, id=20536, stack(0x000000a26f800000,0x000000a26f900000)]
  0x000001c46849f6e0 JavaThread "Signal Dispatcher" daemon [_thread_blocked, id=21220, stack(0x000000a26f900000,0x000000a26fa00000)]
  0x000001c4684a02a0 JavaThread "Attach Listener" daemon [_thread_blocked, id=27400, stack(0x000000a26fa00000,0x000000a26fb00000)]
  0x000001c4684a3d80 JavaThread "Service Thread" daemon [_thread_blocked, id=21780, stack(0x000000a26fb00000,0x000000a26fc00000)]
  0x000001c4684a4740 JavaThread "Monitor Deflation Thread" daemon [_thread_blocked, id=25468, stack(0x000000a26fc00000,0x000000a26fd00000)]
  0x000001c4684a56f0 JavaThread "C2 CompilerThread0" daemon [_thread_blocked, id=7916, stack(0x000000a26fd00000,0x000000a26fe00000)]
  0x000001c4684ae9d0 JavaThread "C1 CompilerThread0" daemon [_thread_blocked, id=16444, stack(0x000000a26fe00000,0x000000a26ff00000)]
  0x000001c4684b2c10 JavaThread "Sweeper thread" daemon [_thread_blocked, id=17904, stack(0x000000a26ff00000,0x000000a270000000)]
  0x000001c4685420e0 JavaThread "C1 CompilerThread1" daemon [_thread_blocked, id=11484, stack(0x000000a270000000,0x000000a270100000)]
  0x000001c4685ebb80 JavaThread "Common-Cleaner" daemon [_thread_blocked, id=4324, stack(0x000000a270100000,0x000000a270200000)]
  0x000001c468646920 JavaThread "C2 CompilerThread1" daemon [_thread_in_native, id=8544, stack(0x000000a270200000,0x000000a270300000)]
  0x000001c468649110 JavaThread "C2 CompilerThread2" daemon [_thread_blocked, id=17340, stack(0x000000a270300000,0x000000a270400000)]
  0x000001c468649630 JavaThread "C1 CompilerThread2" daemon [_thread_blocked, id=6444, stack(0x000000a270400000,0x000000a270500000)]
  0x000001c468649d60 JavaThread "C1 CompilerThread3" daemon [_thread_blocked, id=8948, stack(0x000000a270500000,0x000000a270600000)]
  0x000001c46864a6a0 JavaThread "C2 CompilerThread3" daemon [_thread_blocked, id=12184, stack(0x000000a270600000,0x000000a270700000)]
  0x000001c4686f1510 JavaThread "C2 CompilerThread4" daemon [_thread_blocked, id=19384, stack(0x000000a270700000,0x000000a270800000)]
  0x000001c46870e500 JavaThread "C2 CompilerThread5" daemon [_thread_blocked, id=10572, stack(0x000000a270800000,0x000000a270900000)]
  0x000001c46d310c40 JavaThread "Notification Thread" daemon [_thread_blocked, id=23716, stack(0x000000a270b00000,0x000000a270c00000)]
  0x000001c46d558d70 JavaThread "QuantumRenderer-0" daemon [_thread_blocked, id=19036, stack(0x000000a270d00000,0x000000a270e00000)]
  0x000001c46dd70ce0 JavaThread "InvokeLaterDispatcher" daemon [_thread_blocked, id=2788, stack(0x000000a271200000,0x000000a271300000)]
=>0x000001c46ddddf90 JavaThread "JavaFX Application Thread" [_thread_in_vm, id=15080, stack(0x000000a271300000,0x000000a271400000)]
  0x000001c46de18a10 JavaThread "JavaFX-Launcher" [_thread_blocked, id=9644, stack(0x000000a271400000,0x000000a271500000)]
  0x000001c46da02ba0 JavaThread "Thread-2" daemon [_thread_in_native, id=18488, stack(0x000000a270a00000,0x000000a270b00000)]
  0x000001c46db40be0 JavaThread "Prism Font Disposer" daemon [_thread_blocked, id=13264, stack(0x000000a270900000,0x000000a270a00000)]

Other Threads:
  0x000001c46847fb30 VMThread "VM Thread" [stack: 0x000000a26f600000,0x000000a26f700000] [id=25308]
  0x000001c467f51120 WatcherThread [stack: 0x000000a270c00000,0x000000a270d00000] [id=20040]
  0x000001c44478ace0 GCTaskThread "GC Thread#0" [stack: 0x000000a26f100000,0x000000a26f200000] [id=14032]
  0x000001c46da0c2d0 GCTaskThread "GC Thread#1" [stack: 0x000000a271500000,0x000000a271600000] [id=12060]
  0x000001c46dd9ed30 GCTaskThread "GC Thread#2" [stack: 0x000000a271600000,0x000000a271700000] [id=19240]
  0x000001c46de8f3a0 GCTaskThread "GC Thread#3" [stack: 0x000000a271700000,0x000000a271800000] [id=11676]
  0x000001c46de5dfc0 GCTaskThread "GC Thread#4" [stack: 0x000000a271800000,0x000000a271900000] [id=8152]
  0x000001c46de5e280 GCTaskThread "GC Thread#5" [stack: 0x000000a271900000,0x000000a271a00000] [id=10516]
  0x000001c4733bdca0 GCTaskThread "GC Thread#6" [stack: 0x000000a271f00000,0x000000a272000000] [id=21592]
  0x000001c471fb6ec0 GCTaskThread "GC Thread#7" [stack: 0x000000a272000000,0x000000a272100000] [id=2832]
  0x000001c46e510f90 GCTaskThread "GC Thread#8" [stack: 0x000000a272100000,0x000000a272200000] [id=25928]
  0x000001c4730b6180 GCTaskThread "GC Thread#9" [stack: 0x000000a272200000,0x000000a272300000] [id=12392]
  0x000001c46e4b4bb0 GCTaskThread "GC Thread#10" [stack: 0x000000a272300000,0x000000a272400000] [id=18684]
  0x000001c46e4b4630 GCTaskThread "GC Thread#11" [stack: 0x000000a272400000,0x000000a272500000] [id=13928]
  0x000001c46e4b4e70 GCTaskThread "GC Thread#12" [stack: 0x000000a272500000,0x000000a272600000] [id=2656]
  0x000001c46e4b48f0 GCTaskThread "GC Thread#13" [stack: 0x000000a272600000,0x000000a272700000] [id=8800]
  0x000001c46e4b5970 GCTaskThread "GC Thread#14" [stack: 0x000000a272700000,0x000000a272800000] [id=12352]
  0x000001c44479b640 ConcurrentGCThread "G1 Main Marker" [stack: 0x000000a26f200000,0x000000a26f300000] [id=16244]
  0x000001c44479c050 ConcurrentGCThread "G1 Conc#0" [stack: 0x000000a26f300000,0x000000a26f400000] [id=21920]
  0x000001c46800aa60 ConcurrentGCThread "G1 Refine#0" [stack: 0x000000a26f400000,0x000000a26f500000] [id=23752]
  0x000001c46800b490 ConcurrentGCThread "G1 Service" [stack: 0x000000a26f500000,0x000000a26f600000] [id=10336]

Threads with active compile tasks:
C2 CompilerThread1      972 2279       4       java.lang.invoke.MethodType::makeImpl (109 bytes)

VM state: not at safepoint (normal execution)

VM Mutex/Monitor currently owned by a thread:  ([mutex/lock_event])
[0x000001c4447166b0] Metaspace_lock - owner thread: 0x000001c46ddddf90

Heap address: 0x0000000705e00000, size: 4002 MB, Compressed Oops mode: Zero based, Oop shift amount: 3

CDS archive(s) mapped at: [0x000001c400000000-0x000001c400bd0000-0x000001c400bd0000), size 12386304, SharedBaseAddress: 0x000001c400000000, ArchiveRelocationMode: 1.
Compressed class space mapped at: 0x000001c401000000-0x000001c441000000, reserved size: 1073741824
Narrow klass base: 0x000001c400000000, Narrow klass shift: 0, Narrow klass range: 0x100000000

GC Precious Log:
 CPUs: 20 total, 20 available
 Memory: 16005M
 Large Page Support: Disabled
 NUMA Support: Disabled
 Compressed Oops: Enabled (Zero based)
 Heap Region Size: 2M
 Heap Min Capacity: 8M
 Heap Initial Capacity: 252M
 Heap Max Capacity: 4002M
 Pre-touch: Disabled
 Parallel Workers: 15
 Concurrent Workers: 4
 Concurrent Refinement Workers: 15
 Periodic GC: Disabled

Heap:
 garbage-first heap   total 258048K, used 11668K [0x0000000705e00000, 0x0000000800000000)
  region size 2048K, 6 young (12288K), 3 survivors (6144K)
 Metaspace       used 20361K, committed 20608K, reserved 1114112K
  class space    used 2645K, committed 2816K, reserved 1048576K

Heap Regions: E=young(eden), S=young(survivor), O=old, HS=humongous(starts), HC=humongous(continues), CS=collection set, F=free, OA=open archive, CA=closed archive, TAMS=top-at-mark-start (previous, next)
|   0|0x0000000705e00000, 0x0000000705f65000, 0x0000000706000000| 69%| O|  |TAMS 0x0000000705e00000, 0x0000000705e00000| Untracked 
|   1|0x0000000706000000, 0x0000000706000000, 0x0000000706200000|  0%| F|  |TAMS 0x0000000706000000, 0x0000000706000000| Untracked 
|   2|0x0000000706200000, 0x0000000706200000, 0x0000000706400000|  0%| F|  |TAMS 0x0000000706200000, 0x0000000706200000| Untracked 
|   3|0x0000000706400000, 0x0000000706400000, 0x0000000706600000|  0%| F|  |TAMS 0x0000000706400000, 0x0000000706400000| Untracked 
|   4|0x0000000706600000, 0x0000000706600000, 0x0000000706800000|  0%| F|  |TAMS 0x0000000706600000, 0x0000000706600000| Untracked 
|   5|0x0000000706800000, 0x0000000706800000, 0x0000000706a00000|  0%| F|  |TAMS 0x0000000706800000, 0x0000000706800000| Untracked 
|   6|0x0000000706a00000, 0x0000000706a00000, 0x0000000706c00000|  0%| F|  |TAMS 0x0000000706a00000, 0x0000000706a00000| Untracked 
|   7|0x0000000706c00000, 0x0000000706c00000, 0x0000000706e00000|  0%| F|  |TAMS 0x0000000706c00000, 0x0000000706c00000| Untracked 
|   8|0x0000000706e00000, 0x0000000706e00000, 0x0000000707000000|  0%| F|  |TAMS 0x0000000706e00000, 0x0000000706e00000| Untracked 
|   9|0x0000000707000000, 0x0000000707000000, 0x0000000707200000|  0%| F|  |TAMS 0x0000000707000000, 0x0000000707000000| Untracked 
|  10|0x0000000707200000, 0x0000000707200000, 0x0000000707400000|  0%| F|  |TAMS 0x0000000707200000, 0x0000000707200000| Untracked 
|  11|0x0000000707400000, 0x0000000707400000, 0x0000000707600000|  0%| F|  |TAMS 0x0000000707400000, 0x0000000707400000| Untracked 
|  12|0x0000000707600000, 0x0000000707600000, 0x0000000707800000|  0%| F|  |TAMS 0x0000000707600000, 0x0000000707600000| Untracked 
|  13|0x0000000707800000, 0x0000000707800000, 0x0000000707a00000|  0%| F|  |TAMS 0x0000000707800000, 0x0000000707800000| Untracked 
|  14|0x0000000707a00000, 0x0000000707a00000, 0x0000000707c00000|  0%| F|  |TAMS 0x0000000707a00000, 0x0000000707a00000| Untracked 
|  15|0x0000000707c00000, 0x0000000707c00000, 0x0000000707e00000|  0%| F|  |TAMS 0x0000000707c00000, 0x0000000707c00000| Untracked 
|  16|0x0000000707e00000, 0x0000000707e00000, 0x0000000708000000|  0%| F|  |TAMS 0x0000000707e00000, 0x0000000707e00000| Untracked 
|  17|0x0000000708000000, 0x0000000708000000, 0x0000000708200000|  0%| F|  |TAMS 0x0000000708000000, 0x0000000708000000| Untracked 
|  18|0x0000000708200000, 0x0000000708200000, 0x0000000708400000|  0%| F|  |TAMS 0x0000000708200000, 0x0000000708200000| Untracked 
|  19|0x0000000708400000, 0x0000000708400000, 0x0000000708600000|  0%| F|  |TAMS 0x0000000708400000, 0x0000000708400000| Untracked 
|  20|0x0000000708600000, 0x0000000708600000, 0x0000000708800000|  0%| F|  |TAMS 0x0000000708600000, 0x0000000708600000| Untracked 
|  21|0x0000000708800000, 0x0000000708800000, 0x0000000708a00000|  0%| F|  |TAMS 0x0000000708800000, 0x0000000708800000| Untracked 
|  22|0x0000000708a00000, 0x0000000708a00000, 0x0000000708c00000|  0%| F|  |TAMS 0x0000000708a00000, 0x0000000708a00000| Untracked 
|  23|0x0000000708c00000, 0x0000000708c00000, 0x0000000708e00000|  0%| F|  |TAMS 0x0000000708c00000, 0x0000000708c00000| Untracked 
|  24|0x0000000708e00000, 0x0000000708e00000, 0x0000000709000000|  0%| F|  |TAMS 0x0000000708e00000, 0x0000000708e00000| Untracked 
|  25|0x0000000709000000, 0x0000000709000000, 0x0000000709200000|  0%| F|  |TAMS 0x0000000709000000, 0x0000000709000000| Untracked 
|  26|0x0000000709200000, 0x0000000709200000, 0x0000000709400000|  0%| F|  |TAMS 0x0000000709200000, 0x0000000709200000| Untracked 
|  27|0x0000000709400000, 0x0000000709400000, 0x0000000709600000|  0%| F|  |TAMS 0x0000000709400000, 0x0000000709400000| Untracked 
|  28|0x0000000709600000, 0x0000000709600000, 0x0000000709800000|  0%| F|  |TAMS 0x0000000709600000, 0x0000000709600000| Untracked 
|  29|0x0000000709800000, 0x0000000709800000, 0x0000000709a00000|  0%| F|  |TAMS 0x0000000709800000, 0x0000000709800000| Untracked 
|  30|0x0000000709a00000, 0x0000000709a00000, 0x0000000709c00000|  0%| F|  |TAMS 0x0000000709a00000, 0x0000000709a00000| Untracked 
|  31|0x0000000709c00000, 0x0000000709c00000, 0x0000000709e00000|  0%| F|  |TAMS 0x0000000709c00000, 0x0000000709c00000| Untracked 
|  32|0x0000000709e00000, 0x0000000709e00000, 0x000000070a000000|  0%| F|  |TAMS 0x0000000709e00000, 0x0000000709e00000| Untracked 
|  33|0x000000070a000000, 0x000000070a000000, 0x000000070a200000|  0%| F|  |TAMS 0x000000070a000000, 0x000000070a000000| Untracked 
|  34|0x000000070a200000, 0x000000070a200000, 0x000000070a400000|  0%| F|  |TAMS 0x000000070a200000, 0x000000070a200000| Untracked 
|  35|0x000000070a400000, 0x000000070a400000, 0x000000070a600000|  0%| F|  |TAMS 0x000000070a400000, 0x000000070a400000| Untracked 
|  36|0x000000070a600000, 0x000000070a600000, 0x000000070a800000|  0%| F|  |TAMS 0x000000070a600000, 0x000000070a600000| Untracked 
|  37|0x000000070a800000, 0x000000070a800000, 0x000000070aa00000|  0%| F|  |TAMS 0x000000070a800000, 0x000000070a800000| Untracked 
|  38|0x000000070aa00000, 0x000000070aa00000, 0x000000070ac00000|  0%| F|  |TAMS 0x000000070aa00000, 0x000000070aa00000| Untracked 
|  39|0x000000070ac00000, 0x000000070ac00000, 0x000000070ae00000|  0%| F|  |TAMS 0x000000070ac00000, 0x000000070ac00000| Untracked 
|  40|0x000000070ae00000, 0x000000070ae00000, 0x000000070b000000|  0%| F|  |TAMS 0x000000070ae00000, 0x000000070ae00000| Untracked 
|  41|0x000000070b000000, 0x000000070b000000, 0x000000070b200000|  0%| F|  |TAMS 0x000000070b000000, 0x000000070b000000| Untracked 
|  42|0x000000070b200000, 0x000000070b200000, 0x000000070b400000|  0%| F|  |TAMS 0x000000070b200000, 0x000000070b200000| Untracked 
|  43|0x000000070b400000, 0x000000070b400000, 0x000000070b600000|  0%| F|  |TAMS 0x000000070b400000, 0x000000070b400000| Untracked 
|  44|0x000000070b600000, 0x000000070b600000, 0x000000070b800000|  0%| F|  |TAMS 0x000000070b600000, 0x000000070b600000| Untracked 
|  45|0x000000070b800000, 0x000000070b800000, 0x000000070ba00000|  0%| F|  |TAMS 0x000000070b800000, 0x000000070b800000| Untracked 
|  46|0x000000070ba00000, 0x000000070ba00000, 0x000000070bc00000|  0%| F|  |TAMS 0x000000070ba00000, 0x000000070ba00000| Untracked 
|  47|0x000000070bc00000, 0x000000070bc00000, 0x000000070be00000|  0%| F|  |TAMS 0x000000070bc00000, 0x000000070bc00000| Untracked 
|  48|0x000000070be00000, 0x000000070be00000, 0x000000070c000000|  0%| F|  |TAMS 0x000000070be00000, 0x000000070be00000| Untracked 
|  49|0x000000070c000000, 0x000000070c000000, 0x000000070c200000|  0%| F|  |TAMS 0x000000070c000000, 0x000000070c000000| Untracked 
|  50|0x000000070c200000, 0x000000070c200000, 0x000000070c400000|  0%| F|  |TAMS 0x000000070c200000, 0x000000070c200000| Untracked 
|  51|0x000000070c400000, 0x000000070c400000, 0x000000070c600000|  0%| F|  |TAMS 0x000000070c400000, 0x000000070c400000| Untracked 
|  52|0x000000070c600000, 0x000000070c600000, 0x000000070c800000|  0%| F|  |TAMS 0x000000070c600000, 0x000000070c600000| Untracked 
|  53|0x000000070c800000, 0x000000070c800000, 0x000000070ca00000|  0%| F|  |TAMS 0x000000070c800000, 0x000000070c800000| Untracked 
|  54|0x000000070ca00000, 0x000000070ca00000, 0x000000070cc00000|  0%| F|  |TAMS 0x000000070ca00000, 0x000000070ca00000| Untracked 
|  55|0x000000070cc00000, 0x000000070cc00000, 0x000000070ce00000|  0%| F|  |TAMS 0x000000070cc00000, 0x000000070cc00000| Untracked 
|  56|0x000000070ce00000, 0x000000070ce00000, 0x000000070d000000|  0%| F|  |TAMS 0x000000070ce00000, 0x000000070ce00000| Untracked 
|  57|0x000000070d000000, 0x000000070d000000, 0x000000070d200000|  0%| F|  |TAMS 0x000000070d000000, 0x000000070d000000| Untracked 
|  58|0x000000070d200000, 0x000000070d200000, 0x000000070d400000|  0%| F|  |TAMS 0x000000070d200000, 0x000000070d200000| Untracked 
|  59|0x000000070d400000, 0x000000070d400000, 0x000000070d600000|  0%| F|  |TAMS 0x000000070d400000, 0x000000070d400000| Untracked 
|  60|0x000000070d600000, 0x000000070d600000, 0x000000070d800000|  0%| F|  |TAMS 0x000000070d600000, 0x000000070d600000| Untracked 
|  61|0x000000070d800000, 0x000000070d800000, 0x000000070da00000|  0%| F|  |TAMS 0x000000070d800000, 0x000000070d800000| Untracked 
|  62|0x000000070da00000, 0x000000070da00000, 0x000000070dc00000|  0%| F|  |TAMS 0x000000070da00000, 0x000000070da00000| Untracked 
|  63|0x000000070dc00000, 0x000000070dc00000, 0x000000070de00000|  0%| F|  |TAMS 0x000000070dc00000, 0x000000070dc00000| Untracked 
|  64|0x000000070de00000, 0x000000070de00000, 0x000000070e000000|  0%| F|  |TAMS 0x000000070de00000, 0x000000070de00000| Untracked 
|  65|0x000000070e000000, 0x000000070e000000, 0x000000070e200000|  0%| F|  |TAMS 0x000000070e000000, 0x000000070e000000| Untracked 
|  66|0x000000070e200000, 0x000000070e200000, 0x000000070e400000|  0%| F|  |TAMS 0x000000070e200000, 0x000000070e200000| Untracked 
|  67|0x000000070e400000, 0x000000070e400000, 0x000000070e600000|  0%| F|  |TAMS 0x000000070e400000, 0x000000070e400000| Untracked 
|  68|0x000000070e600000, 0x000000070e600000, 0x000000070e800000|  0%| F|  |TAMS 0x000000070e600000, 0x000000070e600000| Untracked 
|  69|0x000000070e800000, 0x000000070e800000, 0x000000070ea00000|  0%| F|  |TAMS 0x000000070e800000, 0x000000070e800000| Untracked 
|  70|0x000000070ea00000, 0x000000070ea00000, 0x000000070ec00000|  0%| F|  |TAMS 0x000000070ea00000, 0x000000070ea00000| Untracked 
|  71|0x000000070ec00000, 0x000000070ec00000, 0x000000070ee00000|  0%| F|  |TAMS 0x000000070ec00000, 0x000000070ec00000| Untracked 
|  72|0x000000070ee00000, 0x000000070ee00000, 0x000000070f000000|  0%| F|  |TAMS 0x000000070ee00000, 0x000000070ee00000| Untracked 
|  73|0x000000070f000000, 0x000000070f000000, 0x000000070f200000|  0%| F|  |TAMS 0x000000070f000000, 0x000000070f000000| Untracked 
|  74|0x000000070f200000, 0x000000070f200000, 0x000000070f400000|  0%| F|  |TAMS 0x000000070f200000, 0x000000070f200000| Untracked 
|  75|0x000000070f400000, 0x000000070f400000, 0x000000070f600000|  0%| F|  |TAMS 0x000000070f400000, 0x000000070f400000| Untracked 
|  76|0x000000070f600000, 0x000000070f600000, 0x000000070f800000|  0%| F|  |TAMS 0x000000070f600000, 0x000000070f600000| Untracked 
|  77|0x000000070f800000, 0x000000070f800000, 0x000000070fa00000|  0%| F|  |TAMS 0x000000070f800000, 0x000000070f800000| Untracked 
|  78|0x000000070fa00000, 0x000000070fa00000, 0x000000070fc00000|  0%| F|  |TAMS 0x000000070fa00000, 0x000000070fa00000| Untracked 
|  79|0x000000070fc00000, 0x000000070fc00000, 0x000000070fe00000|  0%| F|  |TAMS 0x000000070fc00000, 0x000000070fc00000| Untracked 
|  80|0x000000070fe00000, 0x000000070fe00000, 0x0000000710000000|  0%| F|  |TAMS 0x000000070fe00000, 0x000000070fe00000| Untracked 
|  81|0x0000000710000000, 0x0000000710000000, 0x0000000710200000|  0%| F|  |TAMS 0x0000000710000000, 0x0000000710000000| Untracked 
|  82|0x0000000710200000, 0x0000000710200000, 0x0000000710400000|  0%| F|  |TAMS 0x0000000710200000, 0x0000000710200000| Untracked 
|  83|0x0000000710400000, 0x0000000710400000, 0x0000000710600000|  0%| F|  |TAMS 0x0000000710400000, 0x0000000710400000| Untracked 
|  84|0x0000000710600000, 0x0000000710600000, 0x0000000710800000|  0%| F|  |TAMS 0x0000000710600000, 0x0000000710600000| Untracked 
|  85|0x0000000710800000, 0x0000000710800000, 0x0000000710a00000|  0%| F|  |TAMS 0x0000000710800000, 0x0000000710800000| Untracked 
|  86|0x0000000710a00000, 0x0000000710a00000, 0x0000000710c00000|  0%| F|  |TAMS 0x0000000710a00000, 0x0000000710a00000| Untracked 
|  87|0x0000000710c00000, 0x0000000710c00000, 0x0000000710e00000|  0%| F|  |TAMS 0x0000000710c00000, 0x0000000710c00000| Untracked 
|  88|0x0000000710e00000, 0x0000000710e00000, 0x0000000711000000|  0%| F|  |TAMS 0x0000000710e00000, 0x0000000710e00000| Untracked 
|  89|0x0000000711000000, 0x0000000711000000, 0x0000000711200000|  0%| F|  |TAMS 0x0000000711000000, 0x0000000711000000| Untracked 
|  90|0x0000000711200000, 0x0000000711200000, 0x0000000711400000|  0%| F|  |TAMS 0x0000000711200000, 0x0000000711200000| Untracked 
|  91|0x0000000711400000, 0x0000000711400000, 0x0000000711600000|  0%| F|  |TAMS 0x0000000711400000, 0x0000000711400000| Untracked 
|  92|0x0000000711600000, 0x0000000711600000, 0x0000000711800000|  0%| F|  |TAMS 0x0000000711600000, 0x0000000711600000| Untracked 
|  93|0x0000000711800000, 0x0000000711800000, 0x0000000711a00000|  0%| F|  |TAMS 0x0000000711800000, 0x0000000711800000| Untracked 
|  94|0x0000000711a00000, 0x0000000711a00000, 0x0000000711c00000|  0%| F|  |TAMS 0x0000000711a00000, 0x0000000711a00000| Untracked 
|  95|0x0000000711c00000, 0x0000000711c00000, 0x0000000711e00000|  0%| F|  |TAMS 0x0000000711c00000, 0x0000000711c00000| Untracked 
|  96|0x0000000711e00000, 0x0000000711e00000, 0x0000000712000000|  0%| F|  |TAMS 0x0000000711e00000, 0x0000000711e00000| Untracked 
|  97|0x0000000712000000, 0x0000000712000000, 0x0000000712200000|  0%| F|  |TAMS 0x0000000712000000, 0x0000000712000000| Untracked 
|  98|0x0000000712200000, 0x0000000712200000, 0x0000000712400000|  0%| F|  |TAMS 0x0000000712200000, 0x0000000712200000| Untracked 
|  99|0x0000000712400000, 0x0000000712400000, 0x0000000712600000|  0%| F|  |TAMS 0x0000000712400000, 0x0000000712400000| Untracked 
| 100|0x0000000712600000, 0x0000000712600000, 0x0000000712800000|  0%| F|  |TAMS 0x0000000712600000, 0x0000000712600000| Untracked 
| 101|0x0000000712800000, 0x0000000712a00000, 0x0000000712a00000|100%| S|CS|TAMS 0x0000000712800000, 0x0000000712800000| Complete 
| 102|0x0000000712a00000, 0x0000000712c00000, 0x0000000712c00000|100%| S|CS|TAMS 0x0000000712a00000, 0x0000000712a00000| Complete 
| 103|0x0000000712c00000, 0x0000000712e00000, 0x0000000712e00000|100%| S|CS|TAMS 0x0000000712c00000, 0x0000000712c00000| Complete 
| 104|0x0000000712e00000, 0x0000000712e00000, 0x0000000713000000|  0%| F|  |TAMS 0x0000000712e00000, 0x0000000712e00000| Untracked 
| 105|0x0000000713000000, 0x0000000713000000, 0x0000000713200000|  0%| F|  |TAMS 0x0000000713000000, 0x0000000713000000| Untracked 
| 106|0x0000000713200000, 0x0000000713200000, 0x0000000713400000|  0%| F|  |TAMS 0x0000000713200000, 0x0000000713200000| Untracked 
| 107|0x0000000713400000, 0x0000000713400000, 0x0000000713600000|  0%| F|  |TAMS 0x0000000713400000, 0x0000000713400000| Untracked 
| 108|0x0000000713600000, 0x0000000713600000, 0x0000000713800000|  0%| F|  |TAMS 0x0000000713600000, 0x0000000713600000| Untracked 
| 109|0x0000000713800000, 0x0000000713800000, 0x0000000713a00000|  0%| F|  |TAMS 0x0000000713800000, 0x0000000713800000| Untracked 
| 110|0x0000000713a00000, 0x0000000713a00000, 0x0000000713c00000|  0%| F|  |TAMS 0x0000000713a00000, 0x0000000713a00000| Untracked 
| 111|0x0000000713c00000, 0x0000000713c00000, 0x0000000713e00000|  0%| F|  |TAMS 0x0000000713c00000, 0x0000000713c00000| Untracked 
| 112|0x0000000713e00000, 0x0000000713e00000, 0x0000000714000000|  0%| F|  |TAMS 0x0000000713e00000, 0x0000000713e00000| Untracked 
| 113|0x0000000714000000, 0x0000000714000000, 0x0000000714200000|  0%| F|  |TAMS 0x0000000714000000, 0x0000000714000000| Untracked 
| 114|0x0000000714200000, 0x0000000714200000, 0x0000000714400000|  0%| F|  |TAMS 0x0000000714200000, 0x0000000714200000| Untracked 
| 115|0x0000000714400000, 0x0000000714400000, 0x0000000714600000|  0%| F|  |TAMS 0x0000000714400000, 0x0000000714400000| Untracked 
| 116|0x0000000714600000, 0x0000000714600000, 0x0000000714800000|  0%| F|  |TAMS 0x0000000714600000, 0x0000000714600000| Untracked 
| 117|0x0000000714800000, 0x0000000714800000, 0x0000000714a00000|  0%| F|  |TAMS 0x0000000714800000, 0x0000000714800000| Untracked 
| 118|0x0000000714a00000, 0x0000000714a00000, 0x0000000714c00000|  0%| F|  |TAMS 0x0000000714a00000, 0x0000000714a00000| Untracked 
| 119|0x0000000714c00000, 0x0000000714c00000, 0x0000000714e00000|  0%| F|  |TAMS 0x0000000714c00000, 0x0000000714c00000| Untracked 
| 120|0x0000000714e00000, 0x0000000714e00000, 0x0000000715000000|  0%| F|  |TAMS 0x0000000714e00000, 0x0000000714e00000| Untracked 
| 121|0x0000000715000000, 0x0000000715000000, 0x0000000715200000|  0%| F|  |TAMS 0x0000000715000000, 0x0000000715000000| Untracked 
| 122|0x0000000715200000, 0x0000000715200000, 0x0000000715400000|  0%| F|  |TAMS 0x0000000715200000, 0x0000000715200000| Untracked 
| 123|0x0000000715400000, 0x0000000715600000, 0x0000000715600000|100%| E|  |TAMS 0x0000000715400000, 0x0000000715400000| Complete 
| 124|0x0000000715600000, 0x0000000715800000, 0x0000000715800000|100%| E|CS|TAMS 0x0000000715600000, 0x0000000715600000| Complete 
| 125|0x0000000715800000, 0x0000000715a00000, 0x0000000715a00000|100%| E|CS|TAMS 0x0000000715800000, 0x0000000715800000| Complete 

Card table byte_map: [0x000001c45c490000,0x000001c45cc70000] _byte_map_base: 0x000001c458c61000

Marking Bits (Prev, Next): (CMBitMap*) 0x000001c44478b300, (CMBitMap*) 0x000001c44478b340
 Prev Bits: [0x000001c45d450000, 0x000001c4612d8000)
 Next Bits: [0x000001c4612e0000, 0x000001c465168000)

Polling page: 0x000001c4426a0000

Metaspace:

Usage:
  Non-class:     17.30 MB used.
      Class:      2.58 MB used.
       Both:     19.88 MB used.

Virtual space:
  Non-class space:       64.00 MB reserved,      17.38 MB ( 27%) committed,  1 nodes.
      Class space:        1.00 GB reserved,       2.75 MB ( <1%) committed,  1 nodes.
             Both:        1.06 GB reserved,      20.12 MB (  2%) committed. 

Chunk freelists:
   Non-Class:  14.05 MB
       Class:  13.17 MB
        Both:  27.22 MB

MaxMetaspaceSize: unlimited
CompressedClassSpaceSize: 1.00 GB
Initial GC threshold: 21.00 MB
Current GC threshold: 21.00 MB
CDS: on
MetaspaceReclaimPolicy: balanced
 - commit_granule_bytes: 65536.
 - commit_granule_words: 8192.
 - virtual_space_node_default_size: 8388608.
 - enlarge_chunks_in_place: 1.
 - new_chunks_are_fully_committed: 0.
 - uncommit_free_chunks: 1.
 - use_allocation_guard: 0.
 - handle_deallocations: 1.


Internal statistics:

num_allocs_failed_limit: 0.
num_arena_births: 220.
num_arena_deaths: 0.
num_vsnodes_births: 2.
num_vsnodes_deaths: 0.
num_space_committed: 322.
num_space_uncommitted: 0.
num_chunks_returned_to_freelist: 0.
num_chunks_taken_from_freelist: 720.
num_chunk_merges: 0.
num_chunk_splits: 506.
num_chunks_enlarged: 381.
num_inconsistent_stats: 0.

CodeHeap 'non-profiled nmethods': size=119168Kb used=922Kb max_used=922Kb free=118245Kb
 bounds [0x000001c453db0000, 0x000001c454020000, 0x000001c45b210000]
CodeHeap 'profiled nmethods': size=119104Kb used=4706Kb max_used=4706Kb free=114397Kb
 bounds [0x000001c44c210000, 0x000001c44c6b0000, 0x000001c453660000]
CodeHeap 'non-nmethods': size=7488Kb used=3110Kb max_used=3128Kb free=4377Kb
 bounds [0x000001c453660000, 0x000001c453980000, 0x000001c453db0000]
 total_blobs=3074 nmethods=2302 adapters=681
 compilation: enabled
              stopped_count=0, restarted_count=0
 full_count=0

Compilation events (20 events):
Event: 0.951 Thread 0x000001c468649d60 nmethod 2295 0x000001c453e94990 code [0x000001c453e94b20, 0x000001c453e94bf8]
Event: 0.951 Thread 0x000001c4684ae9d0 nmethod 2294 0x000001c44c69a690 code [0x000001c44c69a840, 0x000001c44c69aaa8]
Event: 0.952 Thread 0x000001c4684ae9d0 2296       1       javafx.scene.layout.Region::getUserAgentStylesheet (2 bytes)
Event: 0.952 Thread 0x000001c4684ae9d0 nmethod 2296 0x000001c453e94c90 code [0x000001c453e94e20, 0x000001c453e94ef8]
Event: 0.952 Thread 0x000001c4684ae9d0 2297       3       java.util.WeakHashMap::get (75 bytes)
Event: 0.952 Thread 0x000001c468649d60 2298       3       javafx.css.converter.FontConverter::getInstance (4 bytes)
Event: 0.952 Thread 0x000001c4685420e0 2299   !   3       javafx.scene.CssStyleHelper::lookup (514 bytes)
Event: 0.952 Thread 0x000001c4684ae9d0 nmethod 2297 0x000001c44c69ab90 code [0x000001c44c69adc0, 0x000001c44c69b698]
Event: 0.952 Thread 0x000001c4684ae9d0 2300       1       javafx.css.ParsedValue::getValue (5 bytes)
Event: 0.952 Thread 0x000001c468649d60 nmethod 2298 0x000001c44c69ba10 code [0x000001c44c69bba0, 0x000001c44c69bc98]
Event: 0.953 Thread 0x000001c4684ae9d0 nmethod 2300 0x000001c453e94f90 code [0x000001c453e95120, 0x000001c453e951f8]
Event: 0.953 Thread 0x000001c468649d60 2301       3       java.util.ArrayList$SubList::checkForComodification (23 bytes)
Event: 0.953 Thread 0x000001c4684ae9d0 2302       3       javafx.scene.CssStyleHelper::handleNoStyleFound (88 bytes)
Event: 0.953 Thread 0x000001c468649d60 nmethod 2301 0x000001c44c69bd10 code [0x000001c44c69bec0, 0x000001c44c69c088]
Event: 0.953 Thread 0x000001c468649d60 2303       3       com.sun.javafx.css.StyleManager$CacheContainer::getStyleMapList (23 bytes)
Event: 0.953 Thread 0x000001c468649630 nmethod 2290 0x000001c44c69c190 code [0x000001c44c69c9a0, 0x000001c44c6a1e18]
Event: 0.953 Thread 0x000001c468649d60 nmethod 2303 0x000001c44c6a3e90 code [0x000001c44c6a4060, 0x000001c44c6a4458]
Event: 0.953 Thread 0x000001c4684ae9d0 nmethod 2302 0x000001c44c6a4590 code [0x000001c44c6a47a0, 0x000001c44c6a4cf8]
Event: 0.954 Thread 0x000001c4685420e0 nmethod 2299 0x000001c44c6a4e90 code [0x000001c44c6a53a0, 0x000001c44c6a7c38]
Event: 0.954 Thread 0x000001c468649110 nmethod 2280 0x000001c453e95290 code [0x000001c453e95480, 0x000001c453e96428]

GC Heap History (4 events):
Event: 0.354 GC heap before
{Heap before GC invocations=0 (full 0):
 garbage-first heap   total 258048K, used 22528K [0x0000000705e00000, 0x0000000800000000)
  region size 2048K, 11 young (22528K), 0 survivors (0K)
 Metaspace       used 4977K, committed 5120K, reserved 1114112K
  class space    used 608K, committed 704K, reserved 1048576K
}
Event: 0.356 GC heap after
{Heap after GC invocations=1 (full 0):
 garbage-first heap   total 258048K, used 2448K [0x0000000705e00000, 0x0000000800000000)
  region size 2048K, 2 young (4096K), 2 survivors (4096K)
 Metaspace       used 4977K, committed 5120K, reserved 1114112K
  class space    used 608K, committed 704K, reserved 1048576K
}
Event: 0.912 GC heap before
{Heap before GC invocations=1 (full 0):
 garbage-first heap   total 258048K, used 41360K [0x0000000705e00000, 0x0000000800000000)
  region size 2048K, 22 young (45056K), 2 survivors (4096K)
 Metaspace       used 19540K, committed 19776K, reserved 1114112K
  class space    used 2495K, committed 2624K, reserved 1048576K
}
Event: 0.916 GC heap after
{Heap after GC invocations=2 (full 0):
 garbage-first heap   total 258048K, used 7572K [0x0000000705e00000, 0x0000000800000000)
  region size 2048K, 3 young (6144K), 3 survivors (6144K)
 Metaspace       used 19540K, committed 19776K, reserved 1114112K
  class space    used 2495K, committed 2624K, reserved 1048576K
}

Dll operation events (20 events):
Event: 0.171 Loaded shared library C:\Users\ibuda\.openjfx\cache\17.0.6\api-ms-win-crt-math-l1-1-0.dll
Event: 0.172 Loaded shared library C:\Users\ibuda\.openjfx\cache\17.0.6\api-ms-win-crt-multibyte-l1-1-0.dll
Event: 0.173 Loaded shared library C:\Users\ibuda\.openjfx\cache\17.0.6\api-ms-win-crt-private-l1-1-0.dll
Event: 0.174 Loaded shared library C:\Users\ibuda\.openjfx\cache\17.0.6\api-ms-win-crt-process-l1-1-0.dll
Event: 0.175 Loaded shared library C:\Users\ibuda\.openjfx\cache\17.0.6\api-ms-win-crt-runtime-l1-1-0.dll
Event: 0.177 Loaded shared library C:\Users\ibuda\.openjfx\cache\17.0.6\api-ms-win-crt-stdio-l1-1-0.dll
Event: 0.178 Loaded shared library C:\Users\ibuda\.openjfx\cache\17.0.6\api-ms-win-crt-string-l1-1-0.dll
Event: 0.179 Loaded shared library C:\Users\ibuda\.openjfx\cache\17.0.6\api-ms-win-crt-time-l1-1-0.dll
Event: 0.180 Loaded shared library C:\Users\ibuda\.openjfx\cache\17.0.6\api-ms-win-crt-utility-l1-1-0.dll
Event: 0.187 Loaded shared library C:\Users\ibuda\.openjfx\cache\17.0.6\ucrtbase.dll
Event: 0.189 Loaded shared library C:\Users\ibuda\.openjfx\cache\17.0.6\vcruntime140.dll
Event: 0.191 Loaded shared library C:\Users\ibuda\.openjfx\cache\17.0.6\vcruntime140_1.dll
Event: 0.195 Loaded shared library C:\Users\ibuda\.openjfx\cache\17.0.6\msvcp140.dll
Event: 0.196 Loaded shared library C:\Users\ibuda\.openjfx\cache\17.0.6\msvcp140_1.dll
Event: 0.198 Loaded shared library C:\Users\ibuda\.openjfx\cache\17.0.6\msvcp140_2.dll
Event: 0.218 Loaded shared library C:\Users\ibuda\.openjfx\cache\17.0.6\prism_d3d.dll
Event: 0.269 Loaded shared library C:\Users\ibuda\.openjfx\cache\17.0.6\glass.dll
Event: 0.333 Loaded shared library D:\Programs\Java\Liberica JDK 17\bin\jimage.dll
Event: 0.421 Loaded shared library C:\Users\ibuda\.openjfx\cache\17.0.6\javafx_font.dll
Event: 0.712 Loaded shared library D:\Programs\Java\Liberica JDK 17\bin\sunmscapi.dll

Deoptimization events (20 events):
Event: 0.833 Thread 0x000001c46ddddf90 Uncommon trap: trap_request=0xffffff45 fr.pc=0x000001c453dc7b98 relative=0x0000000000000098
Event: 0.833 Thread 0x000001c46ddddf90 Uncommon trap: reason=unstable_if action=reinterpret pc=0x000001c453dc7b98 method=java.util.HashMap.hash(Ljava/lang/Object;)I @ 1 c2
Event: 0.833 Thread 0x000001c46ddddf90 DEOPT PACKING pc=0x000001c453dc7b98 sp=0x000000a2713fdb50
Event: 0.833 Thread 0x000001c46ddddf90 DEOPT UNPACKING pc=0x000001c4536b69a3 sp=0x000000a2713fdae8 mode 2
Event: 0.883 Thread 0x000001c46ddddf90 Uncommon trap: trap_request=0xffffffde fr.pc=0x000001c453dbec2c relative=0x00000000000001ac
Event: 0.883 Thread 0x000001c46ddddf90 Uncommon trap: reason=class_check action=maybe_recompile pc=0x000001c453dbec2c method=java.lang.String.equals(Ljava/lang/Object;)Z @ 8 c2
Event: 0.883 Thread 0x000001c46ddddf90 DEOPT PACKING pc=0x000001c453dbec2c sp=0x000000a2713fda10
Event: 0.883 Thread 0x000001c46ddddf90 DEOPT UNPACKING pc=0x000001c4536b69a3 sp=0x000000a2713fd9b8 mode 2
Event: 0.883 Thread 0x000001c46ddddf90 Uncommon trap: trap_request=0xffffffde fr.pc=0x000001c453dbec2c relative=0x00000000000001ac
Event: 0.883 Thread 0x000001c46ddddf90 Uncommon trap: reason=class_check action=maybe_recompile pc=0x000001c453dbec2c method=java.lang.String.equals(Ljava/lang/Object;)Z @ 8 c2
Event: 0.883 Thread 0x000001c46ddddf90 DEOPT PACKING pc=0x000001c453dbec2c sp=0x000000a2713fd920
Event: 0.883 Thread 0x000001c46ddddf90 DEOPT UNPACKING pc=0x000001c4536b69a3 sp=0x000000a2713fd8c8 mode 2
Event: 0.883 Thread 0x000001c46ddddf90 Uncommon trap: trap_request=0xffffffde fr.pc=0x000001c453dbec2c relative=0x00000000000001ac
Event: 0.883 Thread 0x000001c46ddddf90 Uncommon trap: reason=class_check action=maybe_recompile pc=0x000001c453dbec2c method=java.lang.String.equals(Ljava/lang/Object;)Z @ 8 c2
Event: 0.883 Thread 0x000001c46ddddf90 DEOPT PACKING pc=0x000001c453dbec2c sp=0x000000a2713fd920
Event: 0.883 Thread 0x000001c46ddddf90 DEOPT UNPACKING pc=0x000001c4536b69a3 sp=0x000000a2713fd8c8 mode 2
Event: 0.900 Thread 0x000001c46ddddf90 Uncommon trap: trap_request=0xffffffde fr.pc=0x000001c453dbec2c relative=0x00000000000001ac
Event: 0.900 Thread 0x000001c46ddddf90 Uncommon trap: reason=class_check action=maybe_recompile pc=0x000001c453dbec2c method=java.lang.String.equals(Ljava/lang/Object;)Z @ 8 c2
Event: 0.900 Thread 0x000001c46ddddf90 DEOPT PACKING pc=0x000001c453dbec2c sp=0x000000a2713fd720
Event: 0.900 Thread 0x000001c46ddddf90 DEOPT UNPACKING pc=0x000001c4536b69a3 sp=0x000000a2713fd6c8 mode 2

Classes unloaded (0 events):
No events

Classes redefined (0 events):
No events

Internal exceptions (20 events):
Event: 0.588 Thread 0x000001c46ddddf90 Exception <a 'java/lang/NoSuchMethodError'{0x0000000713fa97b8}: 'java.lang.Object java.lang.invoke.DirectMethodHandle$Holder.newInvokeSpecial(java.lang.Object, java.lang.Object, long)'> (0x0000000713fa97b8) 
thrown [s\src\hotspot\share\interpreter\linkResolver.cpp, line 759]
Event: 0.589 Thread 0x000001c46ddddf90 Exception <a 'java/lang/NoSuchMethodError'{0x0000000713fad328}: 'java.lang.Object java.lang.invoke.Invokers$Holder.linkToTargetMethod(java.lang.Object, long, java.lang.Object)'> (0x0000000713fad328) 
thrown [s\src\hotspot\share\interpreter\linkResolver.cpp, line 759]
Event: 0.635 Thread 0x000001c46ddddf90 Exception <a 'java/lang/reflect/InvocationTargetException'{0x0000000713d5b640}> (0x0000000713d5b640) 
thrown [s\src\hotspot\share\runtime\reflection.cpp, line 1121]
Event: 0.636 Thread 0x000001c46ddddf90 Exception <a 'java/lang/NoSuchMethodError'{0x0000000713d63c18}: 'java.lang.Object java.lang.invoke.DirectMethodHandle$Holder.invokeStaticInit(java.lang.Object, int, int, int, int)'> (0x0000000713d63c18) 
thrown [s\src\hotspot\share\interpreter\linkResolver.cpp, line 759]
Event: 0.666 Thread 0x000001c46ddddf90 Exception <a 'java/lang/NoSuchMethodError'{0x0000000713a3aea0}: 'java.lang.Object java.lang.invoke.DirectMethodHandle$Holder.invokeStaticInit(java.lang.Object, java.lang.Object, int, int, int, int)'> (0x0000000713a3aea0) 
thrown [s\src\hotspot\share\interpreter\linkResolver.cpp, line 759]
Event: 0.677 Thread 0x000001c46ddddf90 Exception <a 'sun/nio/fs/WindowsException'{0x0000000713ac0878}> (0x0000000713ac0878) 
thrown [s\src\hotspot\share\prims\jni.cpp, line 516]
Event: 0.685 Thread 0x000001c46ddddf90 Exception <a 'java/lang/NoSuchMethodError'{0x0000000713ae9b40}: 'int java.lang.invoke.DirectMethodHandle$Holder.invokeStaticInit(java.lang.Object, java.lang.Object, java.lang.Object, java.lang.Object)'> (0x0000000713ae9b40) 
thrown [s\src\hotspot\share\interpreter\linkResolver.cpp, line 759]
Event: 0.685 Thread 0x000001c46ddddf90 Exception <a 'java/lang/IncompatibleClassChangeError'{0x0000000713af2f48}: Found class java.lang.Object, but interface was expected> (0x0000000713af2f48) 
thrown [s\src\hotspot\share\interpreter\linkResolver.cpp, line 826]
Event: 0.686 Thread 0x000001c46ddddf90 Exception <a 'java/lang/NoSuchMethodError'{0x0000000713af8b08}: 'int java.lang.invoke.DirectMethodHandle$Holder.invokeStaticInit(java.lang.Object, java.lang.Object)'> (0x0000000713af8b08) 
thrown [s\src\hotspot\share\interpreter\linkResolver.cpp, line 759]
Event: 0.826 Thread 0x000001c46ddddf90 Implicit null exception at 0x000001c453e3a87e to 0x000001c453e3c01c
Event: 0.833 Thread 0x000001c46ddddf90 Implicit null exception at 0x000001c453e6f88f to 0x000001c453e6fc64
Event: 0.833 Thread 0x000001c46ddddf90 Implicit null exception at 0x000001c453dc7b0f to 0x000001c453dc7b89
Event: 0.835 Thread 0x000001c46ddddf90 Exception <a 'java/lang/ClassNotFoundException'{0x00000007135be8e8}: com/sun/javafx/scene/control/skin/resources/controls-nt> (0x00000007135be8e8) 
thrown [s\src\hotspot\share\prims\jni.cpp, line 535]
Event: 0.836 Thread 0x000001c46ddddf90 Exception <a 'java/lang/ClassNotFoundException'{0x00000007135c6eb0}: com/sun/javafx/scene/control/skin/resources/controls-nt_en> (0x00000007135c6eb0) 
thrown [s\src\hotspot\share\prims\jni.cpp, line 535]
Event: 0.836 Thread 0x000001c46ddddf90 Exception <a 'java/lang/ClassNotFoundException'{0x00000007135c9000}: com/sun/javafx/scene/control/skin/resources/controls-nt_en_US> (0x00000007135c9000) 
thrown [s\src\hotspot\share\prims\jni.cpp, line 535]
Event: 0.896 Thread 0x000001c46ddddf90 Exception <a 'java/lang/NoSuchMethodError'{0x0000000712e15888}: 'java.lang.Object java.lang.invoke.DirectMethodHandle$Holder.invokeInterface(java.lang.Object, java.lang.Object, java.lang.Object)'> (0x0000000712e15888) 
thrown [s\src\hotspot\share\interpreter\linkResolver.cpp, line 759]
Event: 0.896 Thread 0x000001c46ddddf90 Exception <a 'java/lang/IncompatibleClassChangeError'{0x0000000712e19210}: Found class java.lang.Object, but interface was expected> (0x0000000712e19210) 
thrown [s\src\hotspot\share\interpreter\linkResolver.cpp, line 826]
Event: 0.911 Thread 0x000001c46ddddf90 Exception <a 'java/lang/ClassNotFoundException'{0x0000000712febff8}: com/sun/javafx/scene/control/skin/resources/controls> (0x0000000712febff8) 
thrown [s\src\hotspot\share\prims\jni.cpp, line 535]
Event: 0.911 Thread 0x000001c46ddddf90 Exception <a 'java/lang/ClassNotFoundException'{0x0000000712ff9f98}: com/sun/javafx/scene/control/skin/resources/controls_en> (0x0000000712ff9f98) 
thrown [s\src\hotspot\share\prims\jni.cpp, line 535]
Event: 0.912 Thread 0x000001c46ddddf90 Exception <a 'java/lang/ClassNotFoundException'{0x0000000712ffc0d8}: com/sun/javafx/scene/control/skin/resources/controls_en_US> (0x0000000712ffc0d8) 
thrown [s\src\hotspot\share\prims\jni.cpp, line 535]

VM Operations (20 events):
Event: 0.551 Executing VM operation: ICBufferFull
Event: 0.551 Executing VM operation: ICBufferFull done
Event: 0.573 Executing VM operation: HandshakeAllThreads
Event: 0.573 Executing VM operation: HandshakeAllThreads done
Event: 0.603 Executing VM operation: HandshakeAllThreads
Event: 0.603 Executing VM operation: HandshakeAllThreads done
Event: 0.678 Executing VM operation: HandshakeAllThreads
Event: 0.678 Executing VM operation: HandshakeAllThreads done
Event: 0.682 Executing VM operation: HandshakeAllThreads
Event: 0.682 Executing VM operation: HandshakeAllThreads done
Event: 0.704 Executing VM operation: HandshakeAllThreads
Event: 0.704 Executing VM operation: HandshakeAllThreads done
Event: 0.721 Executing VM operation: HandshakeAllThreads
Event: 0.721 Executing VM operation: HandshakeAllThreads done
Event: 0.722 Executing VM operation: HandshakeAllThreads
Event: 0.722 Executing VM operation: HandshakeAllThreads done
Event: 0.835 Executing VM operation: ICBufferFull
Event: 0.835 Executing VM operation: ICBufferFull done
Event: 0.912 Executing VM operation: G1CollectForAllocation
Event: 0.916 Executing VM operation: G1CollectForAllocation done

Events (20 events):
Event: 0.819 loading class sun/security/ssl/Alert
Event: 0.820 loading class sun/security/ssl/Alert done
Event: 0.820 loading class sun/security/ssl/Alert$AlertConsumer
Event: 0.820 loading class sun/security/ssl/Alert$AlertConsumer done
Event: 0.820 loading class sun/security/ssl/Alert$Level
Event: 0.820 loading class sun/security/ssl/Alert$Level done
Event: 0.820 loading class javax/crypto/AEADBadTagException
Event: 0.820 loading class javax/crypto/AEADBadTagException done
Event: 0.820 loading class javax/net/ssl/SSLHandshakeException
Event: 0.820 loading class javax/net/ssl/SSLException
Event: 0.820 loading class javax/net/ssl/SSLException done
Event: 0.820 loading class javax/net/ssl/SSLHandshakeException done
Event: 0.852 loading class java/lang/StrictMath
Event: 0.852 loading class java/lang/StrictMath done
Event: 0.866 loading class jdk/jfr/FlightRecorder
Event: 0.867 loading class jdk/jfr/FlightRecorder done
Event: 0.889 loading class sun/nio/cs/UTF_16BE$Decoder
Event: 0.890 loading class sun/nio/cs/UTF_16BE$Decoder done
Event: 0.890 Thread 0x000001c46d05dbd0 Thread exited: 0x000001c46d05dbd0
Event: 0.892 Thread 0x000001c46db40be0 Thread added: 0x000001c46db40be0


Dynamic libraries:
0x00007ff6f6570000 - 0x00007ff6f657e000 	D:\Programs\Java\Liberica JDK 17\bin\java.exe
0x00007ffa6ca10000 - 0x00007ffa6cc27000 	C:\Windows\SYSTEM32\ntdll.dll
0x00007ffa6baf0000 - 0x00007ffa6bbb4000 	C:\Windows\System32\KERNEL32.DLL
0x00007ffa6a200000 - 0x00007ffa6a5ac000 	C:\Windows\System32\KERNELBASE.dll
0x00007ffa6a630000 - 0x00007ffa6a741000 	C:\Windows\System32\ucrtbase.dll
0x00007ffa634f0000 - 0x00007ffa63507000 	D:\Programs\Java\Liberica JDK 17\bin\jli.dll
0x00007ffa616e0000 - 0x00007ffa616fb000 	D:\Programs\Java\Liberica JDK 17\bin\VCRUNTIME140.dll
0x00007ffa6c610000 - 0x00007ffa6c7be000 	C:\Windows\System32\USER32.dll
0x00007ffa5fe50000 - 0x00007ffa600e3000 	C:\Windows\WinSxS\amd64_microsoft.windows.common-controls_6595b64144ccf1df_6.0.22621.3672_none_2713b9d173822955\COMCTL32.dll
0x00007ffa6a0b0000 - 0x00007ffa6a0d6000 	C:\Windows\System32\win32u.dll
0x00007ffa6bf60000 - 0x00007ffa6bf89000 	C:\Windows\System32\GDI32.dll
0x00007ffa6c350000 - 0x00007ffa6c3f7000 	C:\Windows\System32\msvcrt.dll
0x00007ffa6a0e0000 - 0x00007ffa6a1f9000 	C:\Windows\System32\gdi32full.dll
0x00007ffa69d40000 - 0x00007ffa69dda000 	C:\Windows\System32\msvcp_win.dll
0x00007ffa6c820000 - 0x00007ffa6c851000 	C:\Windows\System32\IMM32.DLL
0x00007ffa65840000 - 0x00007ffa6584c000 	D:\Programs\Java\Liberica JDK 17\bin\vcruntime140_1.dll
0x00007ffa453d0000 - 0x00007ffa4545e000 	D:\Programs\Java\Liberica JDK 17\bin\msvcp140.dll
0x00007ffa058b0000 - 0x00007ffa06517000 	D:\Programs\Java\Liberica JDK 17\bin\server\jvm.dll
0x00007ffa6b670000 - 0x00007ffa6b722000 	C:\Windows\System32\ADVAPI32.dll
0x00007ffa6c400000 - 0x00007ffa6c4aa000 	C:\Windows\System32\sechost.dll
0x00007ffa69ea0000 - 0x00007ffa69ec8000 	C:\Windows\System32\bcrypt.dll
0x00007ffa6a830000 - 0x00007ffa6a945000 	C:\Windows\System32\RPCRT4.dll
0x00007ffa69600000 - 0x00007ffa6964d000 	C:\Windows\SYSTEM32\POWRPROF.dll
0x00007ffa648d0000 - 0x00007ffa64904000 	C:\Windows\SYSTEM32\WINMM.dll
0x00007ffa658e0000 - 0x00007ffa658e9000 	C:\Windows\SYSTEM32\WSOCK32.dll
0x00007ffa592c0000 - 0x00007ffa592ca000 	C:\Windows\SYSTEM32\VERSION.dll
0x00007ffa6b9f0000 - 0x00007ffa6ba61000 	C:\Windows\System32\WS2_32.dll
0x00007ffa695e0000 - 0x00007ffa695f3000 	C:\Windows\SYSTEM32\UMPDC.dll
0x00007ffa68d40000 - 0x00007ffa68d58000 	C:\Windows\SYSTEM32\kernel.appcore.dll
0x00007ffa64b30000 - 0x00007ffa64b3a000 	D:\Programs\Java\Liberica JDK 17\bin\jimage.dll
0x00007ffa67560000 - 0x00007ffa67792000 	C:\Windows\SYSTEM32\DBGHELP.DLL
0x00007ffa6bbd0000 - 0x00007ffa6bf58000 	C:\Windows\System32\combase.dll
0x00007ffa6a750000 - 0x00007ffa6a827000 	C:\Windows\System32\OLEAUT32.dll
0x00007ffa55e60000 - 0x00007ffa55e92000 	C:\Windows\SYSTEM32\dbgcore.DLL
0x00007ffa6a5b0000 - 0x00007ffa6a62b000 	C:\Windows\System32\bcryptPrimitives.dll
0x00007ffa601b0000 - 0x00007ffa601d5000 	D:\Programs\Java\Liberica JDK 17\bin\java.dll
0x00007ffa41ba0000 - 0x00007ffa41c77000 	D:\Programs\Java\Liberica JDK 17\bin\jsvml.dll
0x00007ffa6a950000 - 0x00007ffa6b1ac000 	C:\Windows\System32\SHELL32.dll
0x00007ffa67c40000 - 0x00007ffa68537000 	C:\Windows\SYSTEM32\windows.storage.dll
0x00007ffa67b00000 - 0x00007ffa67c3f000 	C:\Windows\SYSTEM32\wintypes.dll
0x00007ffa6bf90000 - 0x00007ffa6c084000 	C:\Windows\System32\SHCORE.dll
0x00007ffa6c7c0000 - 0x00007ffa6c81e000 	C:\Windows\System32\shlwapi.dll
0x00007ffa69c70000 - 0x00007ffa69c91000 	C:\Windows\SYSTEM32\profapi.dll
0x00007ffa59c80000 - 0x00007ffa59c99000 	D:\Programs\Java\Liberica JDK 17\bin\net.dll
0x00007ffa65fa0000 - 0x00007ffa660d6000 	C:\Windows\SYSTEM32\WINHTTP.dll
0x00007ffa691c0000 - 0x00007ffa69229000 	C:\Windows\system32\mswsock.dll
0x00007ffa51950000 - 0x00007ffa51966000 	D:\Programs\Java\Liberica JDK 17\bin\nio.dll
0x00007ffa59e10000 - 0x00007ffa59e28000 	D:\Programs\Java\Liberica JDK 17\bin\zip.dll
0x000001c442700000 - 0x000001c442703000 	C:\Users\ibuda\.openjfx\cache\17.0.6\api-ms-win-core-console-l1-1-0.dll
0x000001c442710000 - 0x000001c442713000 	C:\Users\ibuda\.openjfx\cache\17.0.6\api-ms-win-core-console-l1-2-0.dll
0x000001c444610000 - 0x000001c444613000 	C:\Users\ibuda\.openjfx\cache\17.0.6\api-ms-win-core-datetime-l1-1-0.dll
0x000001c444620000 - 0x000001c444623000 	C:\Users\ibuda\.openjfx\cache\17.0.6\api-ms-win-core-debug-l1-1-0.dll
0x000001c444630000 - 0x000001c444633000 	C:\Users\ibuda\.openjfx\cache\17.0.6\api-ms-win-core-errorhandling-l1-1-0.dll
0x000001c444640000 - 0x000001c444644000 	C:\Users\ibuda\.openjfx\cache\17.0.6\api-ms-win-core-file-l1-1-0.dll
0x000001c444650000 - 0x000001c444653000 	C:\Users\ibuda\.openjfx\cache\17.0.6\api-ms-win-core-file-l1-2-0.dll
0x000001c444660000 - 0x000001c444663000 	C:\Users\ibuda\.openjfx\cache\17.0.6\api-ms-win-core-file-l2-1-0.dll
0x000001c444670000 - 0x000001c444673000 	C:\Users\ibuda\.openjfx\cache\17.0.6\api-ms-win-core-handle-l1-1-0.dll
0x000001c444680000 - 0x000001c444683000 	C:\Users\ibuda\.openjfx\cache\17.0.6\api-ms-win-core-heap-l1-1-0.dll
0x000001c444690000 - 0x000001c444693000 	C:\Users\ibuda\.openjfx\cache\17.0.6\api-ms-win-core-interlocked-l1-1-0.dll
0x000001c4446a0000 - 0x000001c4446a3000 	C:\Users\ibuda\.openjfx\cache\17.0.6\api-ms-win-core-libraryloader-l1-1-0.dll
0x000001c4446b0000 - 0x000001c4446b3000 	C:\Users\ibuda\.openjfx\cache\17.0.6\api-ms-win-core-localization-l1-2-0.dll
0x000001c4446c0000 - 0x000001c4446c3000 	C:\Users\ibuda\.openjfx\cache\17.0.6\api-ms-win-core-memory-l1-1-0.dll
0x000001c468970000 - 0x000001c468973000 	C:\Users\ibuda\.openjfx\cache\17.0.6\api-ms-win-core-namedpipe-l1-1-0.dll
0x000001c468980000 - 0x000001c468983000 	C:\Users\ibuda\.openjfx\cache\17.0.6\api-ms-win-core-processenvironment-l1-1-0.dll
0x000001c468990000 - 0x000001c468993000 	C:\Users\ibuda\.openjfx\cache\17.0.6\api-ms-win-core-processthreads-l1-1-0.dll
0x000001c4689a0000 - 0x000001c4689a3000 	C:\Users\ibuda\.openjfx\cache\17.0.6\api-ms-win-core-processthreads-l1-1-1.dll
0x000001c4689b0000 - 0x000001c4689b3000 	C:\Users\ibuda\.openjfx\cache\17.0.6\api-ms-win-core-profile-l1-1-0.dll
0x000001c4689c0000 - 0x000001c4689c3000 	C:\Users\ibuda\.openjfx\cache\17.0.6\api-ms-win-core-rtlsupport-l1-1-0.dll
0x000001c4689d0000 - 0x000001c4689d3000 	C:\Users\ibuda\.openjfx\cache\17.0.6\api-ms-win-core-string-l1-1-0.dll
0x000001c4689e0000 - 0x000001c4689e3000 	C:\Users\ibuda\.openjfx\cache\17.0.6\api-ms-win-core-synch-l1-1-0.dll
0x000001c4689f0000 - 0x000001c4689f3000 	C:\Users\ibuda\.openjfx\cache\17.0.6\api-ms-win-core-synch-l1-2-0.dll
0x000001c468a00000 - 0x000001c468a03000 	C:\Users\ibuda\.openjfx\cache\17.0.6\api-ms-win-core-sysinfo-l1-1-0.dll
0x000001c468a10000 - 0x000001c468a13000 	C:\Users\ibuda\.openjfx\cache\17.0.6\api-ms-win-core-timezone-l1-1-0.dll
0x000001c468a20000 - 0x000001c468a23000 	C:\Users\ibuda\.openjfx\cache\17.0.6\api-ms-win-core-util-l1-1-0.dll
0x000001c468a30000 - 0x000001c468a33000 	C:\Users\ibuda\.openjfx\cache\17.0.6\api-ms-win-crt-conio-l1-1-0.dll
0x000001c468a40000 - 0x000001c468a44000 	C:\Users\ibuda\.openjfx\cache\17.0.6\api-ms-win-crt-convert-l1-1-0.dll
0x000001c468a50000 - 0x000001c468a53000 	C:\Users\ibuda\.openjfx\cache\17.0.6\api-ms-win-crt-environment-l1-1-0.dll
0x000001c468a60000 - 0x000001c468a63000 	C:\Users\ibuda\.openjfx\cache\17.0.6\api-ms-win-crt-filesystem-l1-1-0.dll
0x000001c468a70000 - 0x000001c468a73000 	C:\Users\ibuda\.openjfx\cache\17.0.6\api-ms-win-crt-heap-l1-1-0.dll
0x000001c468a80000 - 0x000001c468a83000 	C:\Users\ibuda\.openjfx\cache\17.0.6\api-ms-win-crt-locale-l1-1-0.dll
0x000001c468a90000 - 0x000001c468a95000 	C:\Users\ibuda\.openjfx\cache\17.0.6\api-ms-win-crt-math-l1-1-0.dll
0x000001c468aa0000 - 0x000001c468aa5000 	C:\Users\ibuda\.openjfx\cache\17.0.6\api-ms-win-crt-multibyte-l1-1-0.dll
0x000001c468ab0000 - 0x000001c468ac0000 	C:\Users\ibuda\.openjfx\cache\17.0.6\api-ms-win-crt-private-l1-1-0.dll
0x000001c468ac0000 - 0x000001c468ac3000 	C:\Users\ibuda\.openjfx\cache\17.0.6\api-ms-win-crt-process-l1-1-0.dll
0x000001c468ad0000 - 0x000001c468ad4000 	C:\Users\ibuda\.openjfx\cache\17.0.6\api-ms-win-crt-runtime-l1-1-0.dll
0x000001c468ae0000 - 0x000001c468ae4000 	C:\Users\ibuda\.openjfx\cache\17.0.6\api-ms-win-crt-stdio-l1-1-0.dll
0x000001c468af0000 - 0x000001c468af4000 	C:\Users\ibuda\.openjfx\cache\17.0.6\api-ms-win-crt-string-l1-1-0.dll
0x000001c468b00000 - 0x000001c468b03000 	C:\Users\ibuda\.openjfx\cache\17.0.6\api-ms-win-crt-time-l1-1-0.dll
0x000001c468b10000 - 0x000001c468b13000 	C:\Users\ibuda\.openjfx\cache\17.0.6\api-ms-win-crt-utility-l1-1-0.dll
0x00007ffa3f810000 - 0x00007ffa3f90c000 	C:\Users\ibuda\.openjfx\cache\17.0.6\ucrtbase.dll
0x00007ffa617a0000 - 0x00007ffa617ba000 	C:\Users\ibuda\.openjfx\cache\17.0.6\vcruntime140.dll
0x00007ffa61790000 - 0x00007ffa6179c000 	C:\Users\ibuda\.openjfx\cache\17.0.6\vcruntime140_1.dll
0x00007ffa55fa0000 - 0x00007ffa5602d000 	C:\Users\ibuda\.openjfx\cache\17.0.6\msvcp140.dll
0x00007ffa60210000 - 0x00007ffa60219000 	C:\Users\ibuda\.openjfx\cache\17.0.6\msvcp140_1.dll
0x00007ffa55f30000 - 0x00007ffa55f5f000 	C:\Users\ibuda\.openjfx\cache\17.0.6\msvcp140_2.dll
0x00007ffa51d00000 - 0x00007ffa51d2a000 	C:\Users\ibuda\.openjfx\cache\17.0.6\prism_d3d.dll
0x00007ffa432c0000 - 0x00007ffa43468000 	C:\Windows\system32\d3d9.dll
0x00007ffa66fe0000 - 0x00007ffa6700b000 	C:\Windows\SYSTEM32\dwmapi.dll
0x00007ffa66e70000 - 0x00007ffa66ea9000 	C:\Windows\SYSTEM32\dxcore.dll
0x00007ffa66d50000 - 0x00007ffa66dfa000 	C:\Windows\system32\uxtheme.dll
0x00007ff9f3530000 - 0x00007ff9f35e0000 	C:\Windows\SYSTEM32\d3d9on12.dll
0x00007ffa66eb0000 - 0x00007ffa66fa7000 	C:\Windows\SYSTEM32\dxgi.dll
0x00007ffa2a1e0000 - 0x00007ffa2a206000 	C:\Windows\SYSTEM32\d3d12.dll
0x00007ffa69a40000 - 0x00007ffa69a8e000 	C:\Windows\SYSTEM32\cfgmgr32.dll
0x00007ff9f1cc0000 - 0x00007ff9f1ec2000 	C:\Windows\SYSTEM32\D3D12Core.dll
0x00007ff9f3430000 - 0x00007ff9f3523000 	C:\Windows\System32\DriverStore\FileRepository\iigd_dch.inf_amd64_30b27fc8a96c0745\igd12umd64.dll
0x00007ff9ef990000 - 0x00007ff9f0a79000 	C:\Windows\System32\DriverStore\FileRepository\iigd_dch.inf_amd64_30b27fc8a96c0745\igd12um64xel.dll
0x00007ffa69f40000 - 0x00007ffa6a0a7000 	C:\Windows\System32\CRYPT32.dll
0x00007ffa6b7e0000 - 0x00007ffa6b985000 	C:\Windows\System32\ole32.dll
0x00007ffa2a1b0000 - 0x00007ffa2a1d6000 	C:\Windows\System32\DriverStore\FileRepository\iigd_dch.inf_amd64_30b27fc8a96c0745\igdext64.dll
0x00007ffa2a060000 - 0x00007ffa2a0a7000 	C:\Windows\SYSTEM32\ControlLib.dll
0x00007ffa5ad80000 - 0x00007ffa5ae13000 	C:\Windows\System32\DriverStore\FileRepository\iigd_dch.inf_amd64_30b27fc8a96c0745\IntelControlLib.dll
0x00007ffa61c90000 - 0x00007ffa61cd9000 	C:\Windows\SYSTEM32\directxdatabasehelper.dll
0x00007ffa5a2b0000 - 0x00007ffa5a6ed000 	C:\Windows\System32\DriverStore\FileRepository\iigd_dch.inf_amd64_30b27fc8a96c0745\igdgmm64.dll
0x00007ffa51e60000 - 0x00007ffa55e56000 	C:\Windows\System32\DriverStore\FileRepository\iigd_dch.inf_amd64_30b27fc8a96c0745\igc64.dll
0x00007ffa2a030000 - 0x00007ffa2a05f000 	C:\Windows\SYSTEM32\D3DSCache.dll
0x00007ffa692c0000 - 0x00007ffa692e8000 	C:\Windows\SYSTEM32\USERENV.dll
0x00007ff9f0ec0000 - 0x00007ff9f11d2000 	C:\Windows\System32\DriverStore\FileRepository\iigd_dch.inf_amd64_30b27fc8a96c0745\igd12dxva64.dll
0x00007ffa6b1b0000 - 0x00007ffa6b624000 	C:\Windows\System32\SETUPAPI.dll
0x00007ff9f78a0000 - 0x00007ff9f8a78000 	C:\Windows\System32\DriverStore\FileRepository\iigd_dch.inf_amd64_30b27fc8a96c0745\igddxvacommon64.dll
0x00007ff9f5b70000 - 0x00007ff9f789b000 	C:\Windows\System32\DriverStore\FileRepository\iigd_dch.inf_amd64_30b27fc8a96c0745\media_bin_64.dll
0x00007ffa29410000 - 0x00007ffa29437000 	C:\Windows\System32\DriverStore\FileRepository\iigd_dch.inf_amd64_30b27fc8a96c0745\igdinfo64.dll
0x00007ffa5ce80000 - 0x00007ffa5d10a000 	C:\Windows\SYSTEM32\twinapi.appcore.dll
0x00007ffa45380000 - 0x00007ffa453c2000 	C:\Users\ibuda\.openjfx\cache\17.0.6\glass.dll
0x00007ffa6c870000 - 0x00007ffa6c966000 	C:\Windows\System32\COMDLG32.dll
0x00007ffa6c4b0000 - 0x00007ffa6c603000 	C:\Windows\System32\MSCTF.dll
0x00007ffa51930000 - 0x00007ffa51944000 	C:\Users\ibuda\.openjfx\cache\17.0.6\javafx_font.dll
0x00007ffa627b0000 - 0x00007ffa62a23000 	C:\Windows\SYSTEM32\dwrite.dll

dbghelp: loaded successfully - version: 4.0.5 - missing functions: none
symbol engine: initialized successfully - sym options: 0x614 - pdb path: .;D:\Programs\Java\Liberica JDK 17\bin;C:\Windows\SYSTEM32;C:\Windows\WinSxS\amd64_microsoft.windows.common-controls_6595b64144ccf1df_6.0.22621.3672_none_2713b9d173822955;D:\Programs\Java\Liberica JDK 17\bin\server;C:\Users\ibuda\.openjfx\cache\17.0.6;C:\Windows\System32\DriverStore\FileRepository\iigd_dch.inf_amd64_30b27fc8a96c0745;C:\Program Files\Bonjour;C:\Program Files\Common Files\Microsoft Shared\Ink

VM Arguments:
jvm_args: --add-modules=javafx.controls,javafx.fxml --module-path=C:\Users\ibuda\.gradle\caches\modules-2\files-2.1\org.openjfx\javafx-fxml\17.0.6\5724aedc415683e62eeab3a3875550aa814c84fd\javafx-fxml-17.0.6-win.jar;C:\Users\ibuda\.gradle\caches\modules-2\files-2.1\org.openjfx\javafx-controls\17.0.6\c95b460be3bc372060ff32d0c666c1233c3e8400\javafx-controls-17.0.6-win.jar;C:\Users\ibuda\.gradle\caches\modules-2\files-2.1\org.openjfx\javafx-graphics\17.0.6\14326bf575b927d3c31a775f74bcf754ced35353\javafx-graphics-17.0.6-win.jar;C:\Users\ibuda\.gradle\caches\modules-2\files-2.1\org.openjfx\javafx-base\17.0.6\78ccb38688b70acc6b59718daca8bdb91f99db57\javafx-base-17.0.6-win.jar -Dfile.encoding=windows-1251 -Duser.country=US -Duser.language=en -Duser.variant 
java_command: whz.wirtschaft.abcxyz.HelloApplication
java_class_path (initial): D:\my\study\WHZ\4 Semester\Ein. in der Wirtschaftwissenschaften\Praktikum\abc-xyz\build\classes\java\main;D:\my\study\WHZ\4 Semester\Ein. in der Wirtschaftwissenschaften\Praktikum\abc-xyz\build\resources\main;C:\Users\ibuda\.gradle\caches\modules-2\files-2.1\com.microsoft.sqlserver\mssql-jdbc\12.4.2.jre11\d10ac00de02a1a682da0bea13aee20f49e756ef8\mssql-jdbc-12.4.2.jre11.jar
Launcher Type: SUN_STANDARD

[Global flags]
     intx CICompilerCount                          = 12                                        {product} {ergonomic}
     uint ConcGCThreads                            = 4                                         {product} {ergonomic}
     uint G1ConcRefinementThreads                  = 15                                        {product} {ergonomic}
   size_t G1HeapRegionSize                         = 2097152                                   {product} {ergonomic}
    uintx GCDrainStackTargetSize                   = 64                                        {product} {ergonomic}
   size_t InitialHeapSize                          = 264241152                                 {product} {ergonomic}
   size_t MarkStackSize                            = 4194304                                   {product} {ergonomic}
   size_t MaxHeapSize                              = 4196401152                                {product} {ergonomic}
   size_t MaxNewSize                               = 2516582400                                {product} {ergonomic}
   size_t MinHeapDeltaBytes                        = 2097152                                   {product} {ergonomic}
   size_t MinHeapSize                              = 8388608                                   {product} {ergonomic}
    uintx NonNMethodCodeHeapSize                   = 7602480                                {pd product} {ergonomic}
    uintx NonProfiledCodeHeapSize                  = 122027880                              {pd product} {ergonomic}
    uintx ProfiledCodeHeapSize                     = 122027880                              {pd product} {ergonomic}
    uintx ReservedCodeCacheSize                    = 251658240                              {pd product} {ergonomic}
     bool SegmentedCodeCache                       = true                                      {product} {ergonomic}
   size_t SoftMaxHeapSize                          = 4196401152                             {manageable} {ergonomic}
     bool UseCompressedClassPointers               = true                           {product lp64_product} {ergonomic}
     bool UseCompressedOops                        = true                           {product lp64_product} {ergonomic}
     bool UseG1GC                                  = true                                      {product} {ergonomic}
     bool UseLargePagesIndividualAllocation        = false                                  {pd product} {ergonomic}

Logging:
Log output configuration:
 #0: stdout all=warning uptime,level,tags
 #1: stderr all=off uptime,level,tags

Environment Variables:
JAVA_HOME=D:\Programs\Java\Liberica JDK 17
PATH=D:\Programs\Java\Liberica JDK 17\bin\;D:\Programs\Java\Liberica JDK 17\bin;D:\Programs\Git\cmd;C:\Program Files\dotnet\;D:\Programs\Inno Setup 6;C:\Program Files\Microsoft SQL Server\Client SDK\ODBC\170\Tools\Binn\;C:\Program Files (x86)\Microsoft SQL Server\150\Tools\Binn\;C:\Program Files\Microsoft SQL Server\150\Tools\Binn\;C:\Program Files\Microsoft SQL Server\150\DTS\Binn\;C:\Program Files (x86)\Microsoft SQL Server\160\DTS\Binn\;C:\Program Files\Azure Data Studio\bin;C:\Program Files (x86)\dotnet\;C:\Program Files (x86)\Windows Kits\10\Windows Performance Toolkit\;D:\Programs\nvm;D:\Programs\nodejs;D:\Programs\nodejs\;D:\Programs\gradle\gradle-8.7\bin;C:\Users\ibuda\AppData\Local\Microsoft\WindowsApps;D:\Programs\MiKTeX\miktex\bin\x64\;D:\Programs\Microsoft VS Code\bin;C:\Users\ibuda\.dotnet\tools;C:\Program Files\Azure Data Studio\bin;D:\Programs\flutter\bin;C:\Windows\System32\WindowsPowerShell\v1.0;C:\Windows\System32;C:\Users\ibuda\AppData\Local\Pub\Cache\bin;D:\Programs\nvm;D:\Programs\nodejs;C:\Users\ibuda\AppData\Roaming\npm
USERNAME=ibuda
OS=Windows_NT
PROCESSOR_IDENTIFIER=Intel64 Family 6 Model 186 Stepping 2, GenuineIntel
TMP=C:\Users\ibuda\AppData\Local\Temp
TEMP=C:\Users\ibuda\AppData\Local\Temp



---------------  S Y S T E M  ---------------

OS:
 Windows 11 , 64 bit Build 22621 (10.0.22621.3672)
OS uptime: 8 days 11:44 hours
Hyper-V role detected

CPU: total 20 (initial active 20) (10 cores per cpu, 2 threads per core) family 6 model 186 stepping 2 microcode 0x410e, cx8, cmov, fxsr, ht, mmx, 3dnowpref, sse, sse2, sse3, ssse3, sse4.1, sse4.2, popcnt, lzcnt, tsc, tscinvbit, avx, avx2, aes, erms, clmul, bmi1, bmi2, adx, sha, fma, vzeroupper, clflush, clflushopt, clwb, hv
Processor Information for processor 0
  Max Mhz: 2600, Current Mhz: 2600, Mhz Limit: 2600
Processor Information for processor 1
  Max Mhz: 2600, Current Mhz: 1496, Mhz Limit: 2600
Processor Information for processor 2
  Max Mhz: 2600, Current Mhz: 2600, Mhz Limit: 2600
Processor Information for processor 3
  Max Mhz: 2600, Current Mhz: 1496, Mhz Limit: 2600
Processor Information for processor 4
  Max Mhz: 2600, Current Mhz: 1496, Mhz Limit: 2600
Processor Information for processor 5
  Max Mhz: 2600, Current Mhz: 1496, Mhz Limit: 2600
Processor Information for processor 6
  Max Mhz: 2600, Current Mhz: 2600, Mhz Limit: 2600
Processor Information for processor 7
  Max Mhz: 2600, Current Mhz: 2600, Mhz Limit: 2600
Processor Information for processor 8
  Max Mhz: 2600, Current Mhz: 2600, Mhz Limit: 2600
Processor Information for processor 9
  Max Mhz: 2600, Current Mhz: 2600, Mhz Limit: 2600
Processor Information for processor 10
  Max Mhz: 2600, Current Mhz: 2600, Mhz Limit: 2600
Processor Information for processor 11
  Max Mhz: 2600, Current Mhz: 2600, Mhz Limit: 2600
Processor Information for processor 12
  Max Mhz: 2600, Current Mhz: 1900, Mhz Limit: 1898
Processor Information for processor 13
  Max Mhz: 2600, Current Mhz: 1900, Mhz Limit: 1898
Processor Information for processor 14
  Max Mhz: 2600, Current Mhz: 1900, Mhz Limit: 1898
Processor Information for processor 15
  Max Mhz: 2600, Current Mhz: 1900, Mhz Limit: 1898
Processor Information for processor 16
  Max Mhz: 2600, Current Mhz: 1500, Mhz Limit: 1898
Processor Information for processor 17
  Max Mhz: 2600, Current Mhz: 1900, Mhz Limit: 1898
Processor Information for processor 18
  Max Mhz: 2600, Current Mhz: 1900, Mhz Limit: 1898
Processor Information for processor 19
  Max Mhz: 2600, Current Mhz: 1900, Mhz Limit: 1898

Memory: 4k page, system-wide physical 16005M (2063M free)
TotalPageFile size 18901M (AvailPageFile size 5M)
current process WorkingSet (physical memory assigned to process): 185M, peak: 185M
current process commit charge ("private bytes"): 453M, peak: 458M

vm_info: OpenJDK 64-Bit Server VM (17.0.8.1+1-LTS) for windows-amd64 JRE (17.0.8.1+1-LTS), built on Aug 22 2023 01:44:18 by "" with MS VC++ 17.1 (VS2022)

END.
