#
# There is insufficient memory for the Java Runtime Environment to continue.
# Native memory allocation (malloc) failed to allocate 73056 bytes for Chunk::new
# Possible reasons:
#   The system is out of physical RAM or swap space
#   The process is running with CompressedOops enabled, and the Java Heap may be blocking the growth of the native heap
# Possible solutions:
#   Reduce memory load on the system
#   Increase physical memory or swap space
#   Check if swap backing store is full
#   Decrease Java heap size (-Xmx/-Xms)
#   Decrease number of Java threads
#   Decrease Java thread stack sizes (-Xss)
#   Set larger code cache with -XX:ReservedCodeCacheSize=
#   JVM is running with Zero Based Compressed Oops mode in which the Java heap is
#     placed in the first 32GB address space. The Java Heap base address is the
#     maximum limit for the native heap growth. Please use -XX:HeapBaseMinAddress
#     to set the Java Heap base and to place the Java Heap above 32GB virtual address.
# This output file may be truncated or incomplete.
#
#  Out of Memory Error (arena.cpp:189), pid=22484, tid=18376
#
# JRE version: OpenJDK Runtime Environment (17.0.8.1+1) (build 17.0.8.1+1-LTS)
# Java VM: OpenJDK 64-Bit Server VM (17.0.8.1+1-LTS, mixed mode, sharing, tiered, compressed oops, compressed class ptrs, g1 gc, windows-amd64)
# No core dump will be written. Minidumps are not enabled by default on client versions of Windows
#

---------------  S U M M A R Y ------------

Command Line: --add-modules=javafx.controls,javafx.fxml --module-path=C:\Users\ibuda\.gradle\caches\modules-2\files-2.1\org.openjfx\javafx-fxml\17.0.6\5724aedc415683e62eeab3a3875550aa814c84fd\javafx-fxml-17.0.6-win.jar;C:\Users\ibuda\.gradle\caches\modules-2\files-2.1\org.openjfx\javafx-controls\17.0.6\c95b460be3bc372060ff32d0c666c1233c3e8400\javafx-controls-17.0.6-win.jar;C:\Users\ibuda\.gradle\caches\modules-2\files-2.1\org.openjfx\javafx-graphics\17.0.6\14326bf575b927d3c31a775f74bcf754ced35353\javafx-graphics-17.0.6-win.jar;C:\Users\ibuda\.gradle\caches\modules-2\files-2.1\org.openjfx\javafx-base\17.0.6\78ccb38688b70acc6b59718daca8bdb91f99db57\javafx-base-17.0.6-win.jar -Dfile.encoding=windows-1251 -Duser.country=US -Duser.language=en -Duser.variant whz.wirtschaft.abcxyz.HelloApplication

Host: 13th Gen Intel(R) Core(TM) i9-13900H, 20 cores, 15G,  Windows 11 , 64 bit Build 22621 (10.0.22621.3672)
Time: Tue Jun 25 09:35:05 2024 W. Europe Summer Time elapsed time: 0.324411 seconds (0d 0h 0m 0s)

---------------  T H R E A D  ---------------

Current thread (0x000002cc3533aba0):  JavaThread "C2 CompilerThread0" daemon [_thread_in_native, id=18376, stack(0x000000e6a8800000,0x000000e6a8900000)]


Current CompileTask:
C2:    324  978       4       java.lang.String::newStringUTF8NoRepl (274 bytes)

Stack: [0x000000e6a8800000,0x000000e6a8900000]
Native frames: (J=compiled Java code, j=interpreted, Vv=VM code, C=native code)
V  [jvm.dll+0x679bda]
V  [jvm.dll+0x8360a4]
V  [jvm.dll+0x83784e]
V  [jvm.dll+0x837eb3]
V  [jvm.dll+0x247c4f]
V  [jvm.dll+0xac1cc]
V  [jvm.dll+0xac7ac]
V  [jvm.dll+0x364a6e]
V  [jvm.dll+0x32f0f1]
V  [jvm.dll+0x32e58a]
V  [jvm.dll+0x219eef]
V  [jvm.dll+0x219321]
V  [jvm.dll+0x1a58a0]
V  [jvm.dll+0x2290ab]
V  [jvm.dll+0x22736b]
V  [jvm.dll+0x7ec0bc]
V  [jvm.dll+0x7e64ba]
V  [jvm.dll+0x678a25]
C  [ucrtbase.dll+0x29333]
C  [KERNEL32.DLL+0x1257d]
C  [ntdll.dll+0x5af28]


---------------  P R O C E S S  ---------------

Threads class SMR info:
_java_thread_list=0x000002cc7b6b8c30, length=24, elements={
0x000002cc1157cd00, 0x000002cc353103d0, 0x000002cc35311250, 0x000002cc3532d150,
0x000002cc3532dc20, 0x000002cc353306f0, 0x000002cc353310b0, 0x000002cc3533aba0,
0x000002cc353490a0, 0x000002cc3534f700, 0x000002cc35347b60, 0x000002cc3547fa30,
0x000002cc353480b0, 0x000002cc35346620, 0x000002cc35348600, 0x000002cc353470c0,
0x000002cc35347610, 0x000002cc35348b50, 0x000002cc35a089a0, 0x000002cc35eb2a40,
0x000002cc7b53af80, 0x000002cc7b55b5c0, 0x000002cc7b6de910, 0x000002cc7b7643a0
}

Java Threads: ( => current thread )
  0x000002cc1157cd00 JavaThread "main" [_thread_blocked, id=10088, stack(0x000000e6a7b00000,0x000000e6a7c00000)]
  0x000002cc353103d0 JavaThread "Reference Handler" daemon [_thread_blocked, id=24804, stack(0x000000e6a8200000,0x000000e6a8300000)]
  0x000002cc35311250 JavaThread "Finalizer" daemon [_thread_blocked, id=27612, stack(0x000000e6a8300000,0x000000e6a8400000)]
  0x000002cc3532d150 JavaThread "Signal Dispatcher" daemon [_thread_blocked, id=15496, stack(0x000000e6a8400000,0x000000e6a8500000)]
  0x000002cc3532dc20 JavaThread "Attach Listener" daemon [_thread_blocked, id=15888, stack(0x000000e6a8500000,0x000000e6a8600000)]
  0x000002cc353306f0 JavaThread "Service Thread" daemon [_thread_blocked, id=17972, stack(0x000000e6a8600000,0x000000e6a8700000)]
  0x000002cc353310b0 JavaThread "Monitor Deflation Thread" daemon [_thread_blocked, id=19200, stack(0x000000e6a8700000,0x000000e6a8800000)]
=>0x000002cc3533aba0 JavaThread "C2 CompilerThread0" daemon [_thread_in_native, id=18376, stack(0x000000e6a8800000,0x000000e6a8900000)]
  0x000002cc353490a0 JavaThread "C1 CompilerThread0" daemon [_thread_blocked, id=27452, stack(0x000000e6a8900000,0x000000e6a8a00000)]
  0x000002cc3534f700 JavaThread "Sweeper thread" daemon [_thread_blocked, id=3532, stack(0x000000e6a8a00000,0x000000e6a8b00000)]
  0x000002cc35347b60 JavaThread "C1 CompilerThread1" daemon [_thread_blocked, id=23960, stack(0x000000e6a8b00000,0x000000e6a8c00000)]
  0x000002cc3547fa30 JavaThread "Common-Cleaner" daemon [_thread_blocked, id=14712, stack(0x000000e6a8c00000,0x000000e6a8d00000)]
  0x000002cc353480b0 JavaThread "C2 CompilerThread1" daemon [_thread_blocked, id=14584, stack(0x000000e6a8d00000,0x000000e6a8e00000)]
  0x000002cc35346620 JavaThread "C1 CompilerThread2" daemon [_thread_blocked, id=7392, stack(0x000000e6a8e00000,0x000000e6a8f00000)]
  0x000002cc35348600 JavaThread "C1 CompilerThread3" daemon [_thread_blocked, id=18164, stack(0x000000e6a8f00000,0x000000e6a9000000)]
  0x000002cc353470c0 JavaThread "C2 CompilerThread2" daemon [_thread_blocked, id=7616, stack(0x000000e6a9000000,0x000000e6a9100000)]
  0x000002cc35347610 JavaThread "C2 CompilerThread3" daemon [_thread_blocked, id=424, stack(0x000000e6a9100000,0x000000e6a9200000)]
  0x000002cc35348b50 JavaThread "C2 CompilerThread4" daemon [_thread_blocked, id=18240, stack(0x000000e6a9200000,0x000000e6a9300000)]
  0x000002cc35a089a0 JavaThread "Notification Thread" daemon [_thread_blocked, id=16408, stack(0x000000e6a9500000,0x000000e6a9600000)]
  0x000002cc35eb2a40 JavaThread "QuantumRenderer-0" daemon [_thread_blocked, id=9352, stack(0x000000e6a9700000,0x000000e6a9800000)]
  0x000002cc7b53af80 JavaThread "InvokeLaterDispatcher" daemon [_thread_blocked, id=19296, stack(0x000000e6a9400000,0x000000e6a9500000)]
  0x000002cc7b55b5c0 JavaThread "JavaFX Application Thread" [_thread_in_vm, id=11304, stack(0x000000e6a9c00000,0x000000e6a9d00000)]
  0x000002cc7b6de910 JavaThread "JavaFX-Launcher" [_thread_blocked, id=8236, stack(0x000000e6a9e00000,0x000000e6a9f00000)]
  0x000002cc7b7643a0 JavaThread "Thread-2" daemon [_thread_in_native, id=16140, stack(0x000000e6a9300000,0x000000e6a9400000)]

Other Threads:
  0x000002cc3530b7c0 VMThread "VM Thread" [stack: 0x000000e6a8100000,0x000000e6a8200000] [id=17464]
  0x000002cc34dc40e0 WatcherThread [stack: 0x000000e6a9600000,0x000000e6a9700000] [id=15376]
  0x000002cc115eabe0 GCTaskThread "GC Thread#0" [stack: 0x000000e6a7c00000,0x000000e6a7d00000] [id=5096]
  0x000002cc7b764c30 GCTaskThread "GC Thread#1" [stack: 0x000000e6a9f00000,0x000000e6aa000000] [id=13524]
  0x000002cc7b764ef0 GCTaskThread "GC Thread#2" [stack: 0x000000e6aa000000,0x000000e6aa100000] [id=5928]
  0x000002cc7b72e2c0 GCTaskThread "GC Thread#3" [stack: 0x000000e6aa100000,0x000000e6aa200000] [id=24060]
  0x000002cc7b72e580 GCTaskThread "GC Thread#4" [stack: 0x000000e6aa200000,0x000000e6aa300000] [id=4812]
  0x000002cc7b72e840 GCTaskThread "GC Thread#5" [stack: 0x000000e6aa300000,0x000000e6aa400000] [id=16528]
  0x000002cc115fb540 ConcurrentGCThread "G1 Main Marker" [stack: 0x000000e6a7d00000,0x000000e6a7e00000] [id=21040]
  0x000002cc115fbf50 ConcurrentGCThread "G1 Conc#0" [stack: 0x000000e6a7e00000,0x000000e6a7f00000] [id=23104]
  0x000002cc34e896d0 ConcurrentGCThread "G1 Refine#0" [stack: 0x000000e6a7f00000,0x000000e6a8000000] [id=2072]
  0x000002cc34e8c020 ConcurrentGCThread "G1 Service" [stack: 0x000000e6a8000000,0x000000e6a8100000] [id=22304]

Threads with active compile tasks:
C2 CompilerThread0      334  978       4       java.lang.String::newStringUTF8NoRepl (274 bytes)

VM state: not at safepoint (normal execution)

VM Mutex/Monitor currently owned by a thread:  ([mutex/lock_event])
[0x000002cc11576410] Metaspace_lock - owner thread: 0x000002cc7b55b5c0

Heap address: 0x0000000705e00000, size: 4002 MB, Compressed Oops mode: Zero based, Oop shift amount: 3

CDS archive(s) mapped at: [0x000002cc36000000-0x000002cc36bd0000-0x000002cc36bd0000), size 12386304, SharedBaseAddress: 0x000002cc36000000, ArchiveRelocationMode: 1.
Compressed class space mapped at: 0x000002cc37000000-0x000002cc77000000, reserved size: 1073741824
Narrow klass base: 0x000002cc36000000, Narrow klass shift: 0, Narrow klass range: 0x100000000

GC Precious Log:
 CPUs: 20 total, 20 available
 Memory: 16005M
 Large Page Support: Disabled
 NUMA Support: Disabled
 Compressed Oops: Enabled (Zero based)
 Heap Region Size: 2M
 Heap Min Capacity: 8M
 Heap Initial Capacity: 252M
 Heap Max Capacity: 4002M
 Pre-touch: Disabled
 Parallel Workers: 15
 Concurrent Workers: 4
 Concurrent Refinement Workers: 15
 Periodic GC: Disabled

Heap:
 garbage-first heap   total 258048K, used 6784K [0x0000000705e00000, 0x0000000800000000)
  region size 2048K, 5 young (10240K), 2 survivors (4096K)
 Metaspace       used 5831K, committed 6016K, reserved 1114112K
  class space    used 703K, committed 832K, reserved 1048576K

Heap Regions: E=young(eden), S=young(survivor), O=old, HS=humongous(starts), HC=humongous(continues), CS=collection set, F=free, OA=open archive, CA=closed archive, TAMS=top-at-mark-start (previous, next)
|   0|0x0000000705e00000, 0x0000000705e00000, 0x0000000706000000|  0%| F|  |TAMS 0x0000000705e00000, 0x0000000705e00000| Untracked 
|   1|0x0000000706000000, 0x0000000706000000, 0x0000000706200000|  0%| F|  |TAMS 0x0000000706000000, 0x0000000706000000| Untracked 
|   2|0x0000000706200000, 0x0000000706200000, 0x0000000706400000|  0%| F|  |TAMS 0x0000000706200000, 0x0000000706200000| Untracked 
|   3|0x0000000706400000, 0x0000000706400000, 0x0000000706600000|  0%| F|  |TAMS 0x0000000706400000, 0x0000000706400000| Untracked 
|   4|0x0000000706600000, 0x0000000706600000, 0x0000000706800000|  0%| F|  |TAMS 0x0000000706600000, 0x0000000706600000| Untracked 
|   5|0x0000000706800000, 0x0000000706800000, 0x0000000706a00000|  0%| F|  |TAMS 0x0000000706800000, 0x0000000706800000| Untracked 
|   6|0x0000000706a00000, 0x0000000706a00000, 0x0000000706c00000|  0%| F|  |TAMS 0x0000000706a00000, 0x0000000706a00000| Untracked 
|   7|0x0000000706c00000, 0x0000000706c00000, 0x0000000706e00000|  0%| F|  |TAMS 0x0000000706c00000, 0x0000000706c00000| Untracked 
|   8|0x0000000706e00000, 0x0000000706e00000, 0x0000000707000000|  0%| F|  |TAMS 0x0000000706e00000, 0x0000000706e00000| Untracked 
|   9|0x0000000707000000, 0x0000000707000000, 0x0000000707200000|  0%| F|  |TAMS 0x0000000707000000, 0x0000000707000000| Untracked 
|  10|0x0000000707200000, 0x0000000707200000, 0x0000000707400000|  0%| F|  |TAMS 0x0000000707200000, 0x0000000707200000| Untracked 
|  11|0x0000000707400000, 0x0000000707400000, 0x0000000707600000|  0%| F|  |TAMS 0x0000000707400000, 0x0000000707400000| Untracked 
|  12|0x0000000707600000, 0x0000000707600000, 0x0000000707800000|  0%| F|  |TAMS 0x0000000707600000, 0x0000000707600000| Untracked 
|  13|0x0000000707800000, 0x0000000707800000, 0x0000000707a00000|  0%| F|  |TAMS 0x0000000707800000, 0x0000000707800000| Untracked 
|  14|0x0000000707a00000, 0x0000000707a00000, 0x0000000707c00000|  0%| F|  |TAMS 0x0000000707a00000, 0x0000000707a00000| Untracked 
|  15|0x0000000707c00000, 0x0000000707c00000, 0x0000000707e00000|  0%| F|  |TAMS 0x0000000707c00000, 0x0000000707c00000| Untracked 
|  16|0x0000000707e00000, 0x0000000707e00000, 0x0000000708000000|  0%| F|  |TAMS 0x0000000707e00000, 0x0000000707e00000| Untracked 
|  17|0x0000000708000000, 0x0000000708000000, 0x0000000708200000|  0%| F|  |TAMS 0x0000000708000000, 0x0000000708000000| Untracked 
|  18|0x0000000708200000, 0x0000000708200000, 0x0000000708400000|  0%| F|  |TAMS 0x0000000708200000, 0x0000000708200000| Untracked 
|  19|0x0000000708400000, 0x0000000708400000, 0x0000000708600000|  0%| F|  |TAMS 0x0000000708400000, 0x0000000708400000| Untracked 
|  20|0x0000000708600000, 0x0000000708600000, 0x0000000708800000|  0%| F|  |TAMS 0x0000000708600000, 0x0000000708600000| Untracked 
|  21|0x0000000708800000, 0x0000000708800000, 0x0000000708a00000|  0%| F|  |TAMS 0x0000000708800000, 0x0000000708800000| Untracked 
|  22|0x0000000708a00000, 0x0000000708a00000, 0x0000000708c00000|  0%| F|  |TAMS 0x0000000708a00000, 0x0000000708a00000| Untracked 
|  23|0x0000000708c00000, 0x0000000708c00000, 0x0000000708e00000|  0%| F|  |TAMS 0x0000000708c00000, 0x0000000708c00000| Untracked 
|  24|0x0000000708e00000, 0x0000000708e00000, 0x0000000709000000|  0%| F|  |TAMS 0x0000000708e00000, 0x0000000708e00000| Untracked 
|  25|0x0000000709000000, 0x0000000709000000, 0x0000000709200000|  0%| F|  |TAMS 0x0000000709000000, 0x0000000709000000| Untracked 
|  26|0x0000000709200000, 0x0000000709200000, 0x0000000709400000|  0%| F|  |TAMS 0x0000000709200000, 0x0000000709200000| Untracked 
|  27|0x0000000709400000, 0x0000000709400000, 0x0000000709600000|  0%| F|  |TAMS 0x0000000709400000, 0x0000000709400000| Untracked 
|  28|0x0000000709600000, 0x0000000709600000, 0x0000000709800000|  0%| F|  |TAMS 0x0000000709600000, 0x0000000709600000| Untracked 
|  29|0x0000000709800000, 0x0000000709800000, 0x0000000709a00000|  0%| F|  |TAMS 0x0000000709800000, 0x0000000709800000| Untracked 
|  30|0x0000000709a00000, 0x0000000709a00000, 0x0000000709c00000|  0%| F|  |TAMS 0x0000000709a00000, 0x0000000709a00000| Untracked 
|  31|0x0000000709c00000, 0x0000000709c00000, 0x0000000709e00000|  0%| F|  |TAMS 0x0000000709c00000, 0x0000000709c00000| Untracked 
|  32|0x0000000709e00000, 0x0000000709e00000, 0x000000070a000000|  0%| F|  |TAMS 0x0000000709e00000, 0x0000000709e00000| Untracked 
|  33|0x000000070a000000, 0x000000070a000000, 0x000000070a200000|  0%| F|  |TAMS 0x000000070a000000, 0x000000070a000000| Untracked 
|  34|0x000000070a200000, 0x000000070a200000, 0x000000070a400000|  0%| F|  |TAMS 0x000000070a200000, 0x000000070a200000| Untracked 
|  35|0x000000070a400000, 0x000000070a400000, 0x000000070a600000|  0%| F|  |TAMS 0x000000070a400000, 0x000000070a400000| Untracked 
|  36|0x000000070a600000, 0x000000070a600000, 0x000000070a800000|  0%| F|  |TAMS 0x000000070a600000, 0x000000070a600000| Untracked 
|  37|0x000000070a800000, 0x000000070a800000, 0x000000070aa00000|  0%| F|  |TAMS 0x000000070a800000, 0x000000070a800000| Untracked 
|  38|0x000000070aa00000, 0x000000070aa00000, 0x000000070ac00000|  0%| F|  |TAMS 0x000000070aa00000, 0x000000070aa00000| Untracked 
|  39|0x000000070ac00000, 0x000000070ac00000, 0x000000070ae00000|  0%| F|  |TAMS 0x000000070ac00000, 0x000000070ac00000| Untracked 
|  40|0x000000070ae00000, 0x000000070ae00000, 0x000000070b000000|  0%| F|  |TAMS 0x000000070ae00000, 0x000000070ae00000| Untracked 
|  41|0x000000070b000000, 0x000000070b000000, 0x000000070b200000|  0%| F|  |TAMS 0x000000070b000000, 0x000000070b000000| Untracked 
|  42|0x000000070b200000, 0x000000070b200000, 0x000000070b400000|  0%| F|  |TAMS 0x000000070b200000, 0x000000070b200000| Untracked 
|  43|0x000000070b400000, 0x000000070b400000, 0x000000070b600000|  0%| F|  |TAMS 0x000000070b400000, 0x000000070b400000| Untracked 
|  44|0x000000070b600000, 0x000000070b600000, 0x000000070b800000|  0%| F|  |TAMS 0x000000070b600000, 0x000000070b600000| Untracked 
|  45|0x000000070b800000, 0x000000070b800000, 0x000000070ba00000|  0%| F|  |TAMS 0x000000070b800000, 0x000000070b800000| Untracked 
|  46|0x000000070ba00000, 0x000000070ba00000, 0x000000070bc00000|  0%| F|  |TAMS 0x000000070ba00000, 0x000000070ba00000| Untracked 
|  47|0x000000070bc00000, 0x000000070bc00000, 0x000000070be00000|  0%| F|  |TAMS 0x000000070bc00000, 0x000000070bc00000| Untracked 
|  48|0x000000070be00000, 0x000000070be00000, 0x000000070c000000|  0%| F|  |TAMS 0x000000070be00000, 0x000000070be00000| Untracked 
|  49|0x000000070c000000, 0x000000070c000000, 0x000000070c200000|  0%| F|  |TAMS 0x000000070c000000, 0x000000070c000000| Untracked 
|  50|0x000000070c200000, 0x000000070c200000, 0x000000070c400000|  0%| F|  |TAMS 0x000000070c200000, 0x000000070c200000| Untracked 
|  51|0x000000070c400000, 0x000000070c400000, 0x000000070c600000|  0%| F|  |TAMS 0x000000070c400000, 0x000000070c400000| Untracked 
|  52|0x000000070c600000, 0x000000070c600000, 0x000000070c800000|  0%| F|  |TAMS 0x000000070c600000, 0x000000070c600000| Untracked 
|  53|0x000000070c800000, 0x000000070c800000, 0x000000070ca00000|  0%| F|  |TAMS 0x000000070c800000, 0x000000070c800000| Untracked 
|  54|0x000000070ca00000, 0x000000070ca00000, 0x000000070cc00000|  0%| F|  |TAMS 0x000000070ca00000, 0x000000070ca00000| Untracked 
|  55|0x000000070cc00000, 0x000000070cc00000, 0x000000070ce00000|  0%| F|  |TAMS 0x000000070cc00000, 0x000000070cc00000| Untracked 
|  56|0x000000070ce00000, 0x000000070ce00000, 0x000000070d000000|  0%| F|  |TAMS 0x000000070ce00000, 0x000000070ce00000| Untracked 
|  57|0x000000070d000000, 0x000000070d000000, 0x000000070d200000|  0%| F|  |TAMS 0x000000070d000000, 0x000000070d000000| Untracked 
|  58|0x000000070d200000, 0x000000070d200000, 0x000000070d400000|  0%| F|  |TAMS 0x000000070d200000, 0x000000070d200000| Untracked 
|  59|0x000000070d400000, 0x000000070d400000, 0x000000070d600000|  0%| F|  |TAMS 0x000000070d400000, 0x000000070d400000| Untracked 
|  60|0x000000070d600000, 0x000000070d600000, 0x000000070d800000|  0%| F|  |TAMS 0x000000070d600000, 0x000000070d600000| Untracked 
|  61|0x000000070d800000, 0x000000070d800000, 0x000000070da00000|  0%| F|  |TAMS 0x000000070d800000, 0x000000070d800000| Untracked 
|  62|0x000000070da00000, 0x000000070da00000, 0x000000070dc00000|  0%| F|  |TAMS 0x000000070da00000, 0x000000070da00000| Untracked 
|  63|0x000000070dc00000, 0x000000070dc00000, 0x000000070de00000|  0%| F|  |TAMS 0x000000070dc00000, 0x000000070dc00000| Untracked 
|  64|0x000000070de00000, 0x000000070de00000, 0x000000070e000000|  0%| F|  |TAMS 0x000000070de00000, 0x000000070de00000| Untracked 
|  65|0x000000070e000000, 0x000000070e000000, 0x000000070e200000|  0%| F|  |TAMS 0x000000070e000000, 0x000000070e000000| Untracked 
|  66|0x000000070e200000, 0x000000070e200000, 0x000000070e400000|  0%| F|  |TAMS 0x000000070e200000, 0x000000070e200000| Untracked 
|  67|0x000000070e400000, 0x000000070e400000, 0x000000070e600000|  0%| F|  |TAMS 0x000000070e400000, 0x000000070e400000| Untracked 
|  68|0x000000070e600000, 0x000000070e600000, 0x000000070e800000|  0%| F|  |TAMS 0x000000070e600000, 0x000000070e600000| Untracked 
|  69|0x000000070e800000, 0x000000070e800000, 0x000000070ea00000|  0%| F|  |TAMS 0x000000070e800000, 0x000000070e800000| Untracked 
|  70|0x000000070ea00000, 0x000000070ea00000, 0x000000070ec00000|  0%| F|  |TAMS 0x000000070ea00000, 0x000000070ea00000| Untracked 
|  71|0x000000070ec00000, 0x000000070ec00000, 0x000000070ee00000|  0%| F|  |TAMS 0x000000070ec00000, 0x000000070ec00000| Untracked 
|  72|0x000000070ee00000, 0x000000070ee00000, 0x000000070f000000|  0%| F|  |TAMS 0x000000070ee00000, 0x000000070ee00000| Untracked 
|  73|0x000000070f000000, 0x000000070f000000, 0x000000070f200000|  0%| F|  |TAMS 0x000000070f000000, 0x000000070f000000| Untracked 
|  74|0x000000070f200000, 0x000000070f200000, 0x000000070f400000|  0%| F|  |TAMS 0x000000070f200000, 0x000000070f200000| Untracked 
|  75|0x000000070f400000, 0x000000070f400000, 0x000000070f600000|  0%| F|  |TAMS 0x000000070f400000, 0x000000070f400000| Untracked 
|  76|0x000000070f600000, 0x000000070f600000, 0x000000070f800000|  0%| F|  |TAMS 0x000000070f600000, 0x000000070f600000| Untracked 
|  77|0x000000070f800000, 0x000000070f800000, 0x000000070fa00000|  0%| F|  |TAMS 0x000000070f800000, 0x000000070f800000| Untracked 
|  78|0x000000070fa00000, 0x000000070fa00000, 0x000000070fc00000|  0%| F|  |TAMS 0x000000070fa00000, 0x000000070fa00000| Untracked 
|  79|0x000000070fc00000, 0x000000070fc00000, 0x000000070fe00000|  0%| F|  |TAMS 0x000000070fc00000, 0x000000070fc00000| Untracked 
|  80|0x000000070fe00000, 0x000000070fe00000, 0x0000000710000000|  0%| F|  |TAMS 0x000000070fe00000, 0x000000070fe00000| Untracked 
|  81|0x0000000710000000, 0x0000000710000000, 0x0000000710200000|  0%| F|  |TAMS 0x0000000710000000, 0x0000000710000000| Untracked 
|  82|0x0000000710200000, 0x0000000710200000, 0x0000000710400000|  0%| F|  |TAMS 0x0000000710200000, 0x0000000710200000| Untracked 
|  83|0x0000000710400000, 0x0000000710400000, 0x0000000710600000|  0%| F|  |TAMS 0x0000000710400000, 0x0000000710400000| Untracked 
|  84|0x0000000710600000, 0x0000000710600000, 0x0000000710800000|  0%| F|  |TAMS 0x0000000710600000, 0x0000000710600000| Untracked 
|  85|0x0000000710800000, 0x0000000710800000, 0x0000000710a00000|  0%| F|  |TAMS 0x0000000710800000, 0x0000000710800000| Untracked 
|  86|0x0000000710a00000, 0x0000000710a00000, 0x0000000710c00000|  0%| F|  |TAMS 0x0000000710a00000, 0x0000000710a00000| Untracked 
|  87|0x0000000710c00000, 0x0000000710c00000, 0x0000000710e00000|  0%| F|  |TAMS 0x0000000710c00000, 0x0000000710c00000| Untracked 
|  88|0x0000000710e00000, 0x0000000710e00000, 0x0000000711000000|  0%| F|  |TAMS 0x0000000710e00000, 0x0000000710e00000| Untracked 
|  89|0x0000000711000000, 0x0000000711000000, 0x0000000711200000|  0%| F|  |TAMS 0x0000000711000000, 0x0000000711000000| Untracked 
|  90|0x0000000711200000, 0x0000000711200000, 0x0000000711400000|  0%| F|  |TAMS 0x0000000711200000, 0x0000000711200000| Untracked 
|  91|0x0000000711400000, 0x0000000711400000, 0x0000000711600000|  0%| F|  |TAMS 0x0000000711400000, 0x0000000711400000| Untracked 
|  92|0x0000000711600000, 0x0000000711600000, 0x0000000711800000|  0%| F|  |TAMS 0x0000000711600000, 0x0000000711600000| Untracked 
|  93|0x0000000711800000, 0x0000000711800000, 0x0000000711a00000|  0%| F|  |TAMS 0x0000000711800000, 0x0000000711800000| Untracked 
|  94|0x0000000711a00000, 0x0000000711a00000, 0x0000000711c00000|  0%| F|  |TAMS 0x0000000711a00000, 0x0000000711a00000| Untracked 
|  95|0x0000000711c00000, 0x0000000711c00000, 0x0000000711e00000|  0%| F|  |TAMS 0x0000000711c00000, 0x0000000711c00000| Untracked 
|  96|0x0000000711e00000, 0x0000000711e00000, 0x0000000712000000|  0%| F|  |TAMS 0x0000000711e00000, 0x0000000711e00000| Untracked 
|  97|0x0000000712000000, 0x0000000712000000, 0x0000000712200000|  0%| F|  |TAMS 0x0000000712000000, 0x0000000712000000| Untracked 
|  98|0x0000000712200000, 0x0000000712200000, 0x0000000712400000|  0%| F|  |TAMS 0x0000000712200000, 0x0000000712200000| Untracked 
|  99|0x0000000712400000, 0x0000000712400000, 0x0000000712600000|  0%| F|  |TAMS 0x0000000712400000, 0x0000000712400000| Untracked 
| 100|0x0000000712600000, 0x0000000712600000, 0x0000000712800000|  0%| F|  |TAMS 0x0000000712600000, 0x0000000712600000| Untracked 
| 101|0x0000000712800000, 0x0000000712800000, 0x0000000712a00000|  0%| F|  |TAMS 0x0000000712800000, 0x0000000712800000| Untracked 
| 102|0x0000000712a00000, 0x0000000712a00000, 0x0000000712c00000|  0%| F|  |TAMS 0x0000000712a00000, 0x0000000712a00000| Untracked 
| 103|0x0000000712c00000, 0x0000000712c00000, 0x0000000712e00000|  0%| F|  |TAMS 0x0000000712c00000, 0x0000000712c00000| Untracked 
| 104|0x0000000712e00000, 0x0000000712e00000, 0x0000000713000000|  0%| F|  |TAMS 0x0000000712e00000, 0x0000000712e00000| Untracked 
| 105|0x0000000713000000, 0x0000000713000000, 0x0000000713200000|  0%| F|  |TAMS 0x0000000713000000, 0x0000000713000000| Untracked 
| 106|0x0000000713200000, 0x0000000713200000, 0x0000000713400000|  0%| F|  |TAMS 0x0000000713200000, 0x0000000713200000| Untracked 
| 107|0x0000000713400000, 0x0000000713400000, 0x0000000713600000|  0%| F|  |TAMS 0x0000000713400000, 0x0000000713400000| Untracked 
| 108|0x0000000713600000, 0x0000000713600000, 0x0000000713800000|  0%| F|  |TAMS 0x0000000713600000, 0x0000000713600000| Untracked 
| 109|0x0000000713800000, 0x0000000713800000, 0x0000000713a00000|  0%| F|  |TAMS 0x0000000713800000, 0x0000000713800000| Untracked 
| 110|0x0000000713a00000, 0x0000000713a00000, 0x0000000713c00000|  0%| F|  |TAMS 0x0000000713a00000, 0x0000000713a00000| Untracked 
| 111|0x0000000713c00000, 0x0000000713c00000, 0x0000000713e00000|  0%| F|  |TAMS 0x0000000713c00000, 0x0000000713c00000| Untracked 
| 112|0x0000000713e00000, 0x0000000713e00000, 0x0000000714000000|  0%| F|  |TAMS 0x0000000713e00000, 0x0000000713e00000| Untracked 
| 113|0x0000000714000000, 0x00000007140a0000, 0x0000000714200000| 31%| S|CS|TAMS 0x0000000714000000, 0x0000000714000000| Complete 
| 114|0x0000000714200000, 0x0000000714400000, 0x0000000714400000|100%| S|CS|TAMS 0x0000000714200000, 0x0000000714200000| Complete 
| 115|0x0000000714400000, 0x0000000714400000, 0x0000000714600000|  0%| F|  |TAMS 0x0000000714400000, 0x0000000714400000| Untracked 
| 116|0x0000000714600000, 0x0000000714600000, 0x0000000714800000|  0%| F|  |TAMS 0x0000000714600000, 0x0000000714600000| Untracked 
| 117|0x0000000714800000, 0x0000000714800000, 0x0000000714a00000|  0%| F|  |TAMS 0x0000000714800000, 0x0000000714800000| Untracked 
| 118|0x0000000714a00000, 0x0000000714a00000, 0x0000000714c00000|  0%| F|  |TAMS 0x0000000714a00000, 0x0000000714a00000| Untracked 
| 119|0x0000000714c00000, 0x0000000714c00000, 0x0000000714e00000|  0%| F|  |TAMS 0x0000000714c00000, 0x0000000714c00000| Untracked 
| 120|0x0000000714e00000, 0x0000000714e00000, 0x0000000715000000|  0%| F|  |TAMS 0x0000000714e00000, 0x0000000714e00000| Untracked 
| 121|0x0000000715000000, 0x0000000715000000, 0x0000000715200000|  0%| F|  |TAMS 0x0000000715000000, 0x0000000715000000| Untracked 
| 122|0x0000000715200000, 0x0000000715200000, 0x0000000715400000|  0%| F|  |TAMS 0x0000000715200000, 0x0000000715200000| Untracked 
| 123|0x0000000715400000, 0x0000000715551e60, 0x0000000715600000| 65%| E|  |TAMS 0x0000000715400000, 0x0000000715400000| Complete 
| 124|0x0000000715600000, 0x0000000715800000, 0x0000000715800000|100%| E|CS|TAMS 0x0000000715600000, 0x0000000715600000| Complete 
| 125|0x0000000715800000, 0x0000000715a00000, 0x0000000715a00000|100%| E|CS|TAMS 0x0000000715800000, 0x0000000715800000| Complete 

Card table byte_map: [0x000002cc29300000,0x000002cc29ae0000] _byte_map_base: 0x000002cc25ad1000

Marking Bits (Prev, Next): (CMBitMap*) 0x000002cc115eb200, (CMBitMap*) 0x000002cc115eb240
 Prev Bits: [0x000002cc2a2c0000, 0x000002cc2e148000)
 Next Bits: [0x000002cc2e150000, 0x000002cc31fd8000)

Polling page: 0x000002cc0f440000

Metaspace:

Usage:
  Non-class:      5.01 MB used.
      Class:    703.92 KB used.
       Both:      5.70 MB used.

Virtual space:
  Non-class space:       64.00 MB reserved,       5.06 MB (  8%) committed,  1 nodes.
      Class space:        1.00 GB reserved,     832.00 KB ( <1%) committed,  1 nodes.
             Both:        1.06 GB reserved,       5.88 MB ( <1%) committed. 

Chunk freelists:
   Non-Class:  9.23 MB
       Class:  15.23 MB
        Both:  24.47 MB

MaxMetaspaceSize: unlimited
CompressedClassSpaceSize: 1.00 GB
Initial GC threshold: 21.00 MB
Current GC threshold: 21.00 MB
CDS: on
MetaspaceReclaimPolicy: balanced
 - commit_granule_bytes: 65536.
 - commit_granule_words: 8192.
 - virtual_space_node_default_size: 8388608.
 - enlarge_chunks_in_place: 1.
 - new_chunks_are_fully_committed: 0.
 - uncommit_free_chunks: 1.
 - use_allocation_guard: 0.
 - handle_deallocations: 1.


Internal statistics:

num_allocs_failed_limit: 0.
num_arena_births: 92.
num_arena_deaths: 0.
num_vsnodes_births: 2.
num_vsnodes_deaths: 0.
num_space_committed: 94.
num_space_uncommitted: 0.
num_chunks_returned_to_freelist: 0.
num_chunks_taken_from_freelist: 240.
num_chunk_merges: 0.
num_chunk_splits: 165.
num_chunks_enlarged: 125.
num_inconsistent_stats: 0.

CodeHeap 'non-profiled nmethods': size=119168Kb used=338Kb max_used=338Kb free=118829Kb
 bounds [0x000002cc20c10000, 0x000002cc20e80000, 0x000002cc28070000]
CodeHeap 'profiled nmethods': size=119104Kb used=1561Kb max_used=1561Kb free=117542Kb
 bounds [0x000002cc19070000, 0x000002cc192e0000, 0x000002cc204c0000]
CodeHeap 'non-nmethods': size=7488Kb used=2895Kb max_used=2921Kb free=4592Kb
 bounds [0x000002cc204c0000, 0x000002cc207a0000, 0x000002cc20c10000]
 total_blobs=1487 nmethods=977 adapters=420
 compilation: enabled
              stopped_count=0, restarted_count=0
 full_count=0

Compilation events (20 events):
Event: 0.309 Thread 0x000002cc35346620 nmethod 968 0x000002cc191f2f10 code [0x000002cc191f30c0, 0x000002cc191f3288]
Event: 0.312 Thread 0x000002cc35348600  969       3       com.sun.org.apache.xerces.internal.utils.XMLSecurityManager$Limit::is (35 bytes)
Event: 0.312 Thread 0x000002cc35348600 nmethod 969 0x000002cc191f3310 code [0x000002cc191f34c0, 0x000002cc191f3738]
Event: 0.313 Thread 0x000002cc353490a0  971       3       java.util.Arrays::rangeCheck (74 bytes)
Event: 0.313 Thread 0x000002cc35348600  970       3       java.util.Arrays::fill (28 bytes)
Event: 0.313 Thread 0x000002cc35348600 nmethod 970 0x000002cc191f3810 code [0x000002cc191f39c0, 0x000002cc191f3be8]
Event: 0.313 Thread 0x000002cc353470c0  972 %     4       java.util.Arrays::fill @ 10 (28 bytes)
Event: 0.313 Thread 0x000002cc353490a0 nmethod 971 0x000002cc191f3d10 code [0x000002cc191f3fc0, 0x000002cc191f4a08]
Event: 0.313 Thread 0x000002cc35346620  973       3       java.util.Arrays::equals (43 bytes)
Event: 0.314 Thread 0x000002cc35346620 nmethod 973 0x000002cc191f4e10 code [0x000002cc191f4fe0, 0x000002cc191f52c8]
Event: 0.316 Thread 0x000002cc353470c0 nmethod 972% 0x000002cc20c64490 code [0x000002cc20c64620, 0x000002cc20c64818]
Event: 0.318 Thread 0x000002cc35347b60  974       3       com.sun.org.apache.xerces.internal.util.XMLChar::isInvalid (13 bytes)
Event: 0.318 Thread 0x000002cc35346620  975       3       com.sun.org.apache.xerces.internal.util.XMLChar::isValid (34 bytes)
Event: 0.318 Thread 0x000002cc35346620 nmethod 975 0x000002cc191f5390 code [0x000002cc191f5520, 0x000002cc191f5758]
Event: 0.318 Thread 0x000002cc35347b60 nmethod 974 0x000002cc191f5810 code [0x000002cc191f59c0, 0x000002cc191f5cb8]
Event: 0.319 Thread 0x000002cc35346620  976       3       java.util.AbstractList::<init> (10 bytes)
Event: 0.319 Thread 0x000002cc35346620 nmethod 976 0x000002cc191f5d90 code [0x000002cc191f5f40, 0x000002cc191f6118]
Event: 0.320 Thread 0x000002cc35348600  977       3       java.lang.StringCoding::hasNegatives (25 bytes)
Event: 0.320 Thread 0x000002cc35348600 nmethod 977 0x000002cc191f6210 code [0x000002cc191f63c0, 0x000002cc191f65f8]
Event: 0.322 Thread 0x000002cc3533aba0  978       4       java.lang.String::newStringUTF8NoRepl (274 bytes)

GC Heap History (2 events):
Event: 0.294 GC heap before
{Heap before GC invocations=0 (full 0):
 garbage-first heap   total 258048K, used 22528K [0x0000000705e00000, 0x0000000800000000)
  region size 2048K, 11 young (22528K), 0 survivors (0K)
 Metaspace       used 4247K, committed 4416K, reserved 1114112K
  class space    used 489K, committed 576K, reserved 1048576K
}
Event: 0.296 GC heap after
{Heap after GC invocations=1 (full 0):
 garbage-first heap   total 258048K, used 2688K [0x0000000705e00000, 0x0000000800000000)
  region size 2048K, 2 young (4096K), 2 survivors (4096K)
 Metaspace       used 4247K, committed 4416K, reserved 1114112K
  class space    used 489K, committed 576K, reserved 1048576K
}

Dll operation events (20 events):
Event: 0.150 Loaded shared library C:\Users\ibuda\.openjfx\cache\17.0.6\api-ms-win-crt-heap-l1-1-0.dll
Event: 0.151 Loaded shared library C:\Users\ibuda\.openjfx\cache\17.0.6\api-ms-win-crt-locale-l1-1-0.dll
Event: 0.152 Loaded shared library C:\Users\ibuda\.openjfx\cache\17.0.6\api-ms-win-crt-math-l1-1-0.dll
Event: 0.153 Loaded shared library C:\Users\ibuda\.openjfx\cache\17.0.6\api-ms-win-crt-multibyte-l1-1-0.dll
Event: 0.154 Loaded shared library C:\Users\ibuda\.openjfx\cache\17.0.6\api-ms-win-crt-private-l1-1-0.dll
Event: 0.155 Loaded shared library C:\Users\ibuda\.openjfx\cache\17.0.6\api-ms-win-crt-process-l1-1-0.dll
Event: 0.156 Loaded shared library C:\Users\ibuda\.openjfx\cache\17.0.6\api-ms-win-crt-runtime-l1-1-0.dll
Event: 0.157 Loaded shared library C:\Users\ibuda\.openjfx\cache\17.0.6\api-ms-win-crt-stdio-l1-1-0.dll
Event: 0.159 Loaded shared library C:\Users\ibuda\.openjfx\cache\17.0.6\api-ms-win-crt-string-l1-1-0.dll
Event: 0.160 Loaded shared library C:\Users\ibuda\.openjfx\cache\17.0.6\api-ms-win-crt-time-l1-1-0.dll
Event: 0.161 Loaded shared library C:\Users\ibuda\.openjfx\cache\17.0.6\api-ms-win-crt-utility-l1-1-0.dll
Event: 0.168 Loaded shared library C:\Users\ibuda\.openjfx\cache\17.0.6\ucrtbase.dll
Event: 0.170 Loaded shared library C:\Users\ibuda\.openjfx\cache\17.0.6\vcruntime140.dll
Event: 0.171 Loaded shared library C:\Users\ibuda\.openjfx\cache\17.0.6\vcruntime140_1.dll
Event: 0.175 Loaded shared library C:\Users\ibuda\.openjfx\cache\17.0.6\msvcp140.dll
Event: 0.176 Loaded shared library C:\Users\ibuda\.openjfx\cache\17.0.6\msvcp140_1.dll
Event: 0.178 Loaded shared library C:\Users\ibuda\.openjfx\cache\17.0.6\msvcp140_2.dll
Event: 0.197 Loaded shared library C:\Users\ibuda\.openjfx\cache\17.0.6\prism_d3d.dll
Event: 0.236 Loaded shared library C:\Users\ibuda\.openjfx\cache\17.0.6\glass.dll
Event: 0.290 Loaded shared library D:\Programs\Java\Liberica JDK 17\bin\jimage.dll

Deoptimization events (20 events):
Event: 0.103 Thread 0x000002cc1157cd00 DEOPT PACKING pc=0x000002cc20c27efc sp=0x000000e6a7bfe280
Event: 0.103 Thread 0x000002cc1157cd00 DEOPT UNPACKING pc=0x000002cc205169a3 sp=0x000000e6a7bfe220 mode 2
Event: 0.169 Thread 0x000002cc1157cd00 DEOPT PACKING pc=0x000002cc19159a8f sp=0x000000e6a7bfe150
Event: 0.169 Thread 0x000002cc1157cd00 DEOPT UNPACKING pc=0x000002cc20517143 sp=0x000000e6a7bfd570 mode 0
Event: 0.242 Thread 0x000002cc7b55b5c0 Uncommon trap: trap_request=0xffffff45 fr.pc=0x000002cc20c481dc relative=0x000000000000029c
Event: 0.242 Thread 0x000002cc7b55b5c0 Uncommon trap: reason=unstable_if action=reinterpret pc=0x000002cc20c481dc method=java.lang.invoke.VarHandle.checkExactAccessMode(Ljava/lang/invoke/VarHandle$AccessDescriptor;)V @ 4 c2
Event: 0.242 Thread 0x000002cc7b55b5c0 DEOPT PACKING pc=0x000002cc20c481dc sp=0x000000e6a9cfea80
Event: 0.242 Thread 0x000002cc7b55b5c0 DEOPT UNPACKING pc=0x000002cc205169a3 sp=0x000000e6a9cfe9f0 mode 2
Event: 0.243 Thread 0x000002cc35eb2a40 Uncommon trap: trap_request=0xffffff45 fr.pc=0x000002cc20c4bdac relative=0x000000000000018c
Event: 0.243 Thread 0x000002cc35eb2a40 Uncommon trap: reason=unstable_if action=reinterpret pc=0x000002cc20c4bdac method=java.lang.invoke.VarHandle.checkExactAccessMode(Ljava/lang/invoke/VarHandle$AccessDescriptor;)V @ 4 c2
Event: 0.243 Thread 0x000002cc35eb2a40 DEOPT PACKING pc=0x000002cc20c4bdac sp=0x000000e6a97ff0c0
Event: 0.243 Thread 0x000002cc35eb2a40 DEOPT UNPACKING pc=0x000002cc205169a3 sp=0x000000e6a97ff0a0 mode 2
Event: 0.292 Thread 0x000002cc7b55b5c0 Uncommon trap: trap_request=0xffffff45 fr.pc=0x000002cc20c2f3b8 relative=0x00000000000005f8
Event: 0.292 Thread 0x000002cc7b55b5c0 Uncommon trap: reason=unstable_if action=reinterpret pc=0x000002cc20c2f3b8 method=java.util.zip.ZipFile$Source.checkAndAddEntry(II)I @ 50 c2
Event: 0.292 Thread 0x000002cc7b55b5c0 DEOPT PACKING pc=0x000002cc20c2f3b8 sp=0x000000e6a9cfc4b0
Event: 0.292 Thread 0x000002cc7b55b5c0 DEOPT UNPACKING pc=0x000002cc205169a3 sp=0x000000e6a9cfc420 mode 2
Event: 0.313 Thread 0x000002cc7b55b5c0 Uncommon trap: trap_request=0xffffff45 fr.pc=0x000002cc20c1ca28 relative=0x0000000000000128
Event: 0.313 Thread 0x000002cc7b55b5c0 Uncommon trap: reason=unstable_if action=reinterpret pc=0x000002cc20c1ca28 method=java.lang.StringCoding.hasNegatives([BII)Z @ 12 c2
Event: 0.313 Thread 0x000002cc7b55b5c0 DEOPT PACKING pc=0x000002cc20c1ca28 sp=0x000000e6a9cfdaa0
Event: 0.313 Thread 0x000002cc7b55b5c0 DEOPT UNPACKING pc=0x000002cc205169a3 sp=0x000000e6a9cfda48 mode 2

Classes unloaded (0 events):
No events

Classes redefined (0 events):
No events

Internal exceptions (11 events):
Event: 0.073 Thread 0x000002cc1157cd00 Exception <a 'java/lang/NoSuchMethodError'{0x0000000715315890}: 'java.lang.Object java.lang.invoke.DirectMethodHandle$Holder.invokeStaticInit(java.lang.Object)'> (0x0000000715315890) 
thrown [s\src\hotspot\share\interpreter\linkResolver.cpp, line 759]
Event: 0.075 Thread 0x000002cc1157cd00 Exception <a 'java/lang/NoSuchMethodError'{0x000000071531d860}: 'void java.lang.invoke.DirectMethodHandle$Holder.invokeStatic(java.lang.Object, java.lang.Object)'> (0x000000071531d860) 
thrown [s\src\hotspot\share\interpreter\linkResolver.cpp, line 759]
Event: 0.188 Thread 0x000002cc1157cd00 Exception <a 'java/lang/NoSuchMethodError'{0x0000000714d1eee0}: 'void java.lang.invoke.DirectMethodHandle$Holder.invokeSpecial(java.lang.Object, java.lang.Object, java.lang.Object)'> (0x0000000714d1eee0) 
thrown [s\src\hotspot\share\interpreter\linkResolver.cpp, line 759]
Event: 0.192 Thread 0x000002cc1157cd00 Exception <a 'java/lang/NoSuchMethodError'{0x0000000714d55ef8}: 'void java.lang.invoke.DirectMethodHandle$Holder.invokeStatic(java.lang.Object, java.lang.Object, java.lang.Object)'> (0x0000000714d55ef8) 
thrown [s\src\hotspot\share\interpreter\linkResolver.cpp, line 759]
Event: 0.226 Thread 0x000002cc1157cd00 Exception <a 'java/lang/NoSuchMethodError'{0x0000000714de3d10}: 'int java.lang.invoke.DirectMethodHandle$Holder.invokeStaticInit(java.lang.Object, java.lang.Object, java.lang.Object)'> (0x0000000714de3d10) 
thrown [s\src\hotspot\share\interpreter\linkResolver.cpp, line 759]
Event: 0.238 Thread 0x000002cc1157cd00 Exception <a 'java/lang/NoSuchMethodError'{0x0000000714b19a50}: 'java.lang.Object java.lang.invoke.DirectMethodHandle$Holder.newInvokeSpecial(java.lang.Object, java.lang.Object, int, java.lang.Object)'> (0x0000000714b19a50) 
thrown [s\src\hotspot\share\interpreter\linkResolver.cpp, line 759]
Event: 0.238 Thread 0x000002cc1157cd00 Exception <a 'java/lang/NoSuchMethodError'{0x0000000714b1de30}: 'java.lang.Object java.lang.invoke.DirectMethodHandle$Holder.invokeSpecial(java.lang.Object, java.lang.Object, java.lang.Object, int, java.lang.Object)'> (0x0000000714b1de30) 
thrown [s\src\hotspot\share\interpreter\linkResolver.cpp, line 759]
Event: 0.272 Thread 0x000002cc7b55b5c0 Exception <a 'java/lang/NoSuchMethodError'{0x0000000714642c08}: 'void java.lang.invoke.DirectMethodHandle$Holder.invokeStaticInit(java.lang.Object)'> (0x0000000714642c08) 
thrown [s\src\hotspot\share\interpreter\linkResolver.cpp, line 759]
Event: 0.273 Thread 0x000002cc1157cd00 Exception <a 'java/lang/NoSuchMethodError'{0x0000000714b32fc0}: 'java.lang.Object java.lang.invoke.DirectMethodHandle$Holder.newInvokeSpecial(java.lang.Object, java.lang.Object, java.lang.Object, java.lang.Object, java.lang.Object, java.lang.Object)'> (0x0000000714b32fc0) 
thrown [s\src\hotspot\share\interpreter\linkResolver.cpp, line 759]
Event: 0.277 Thread 0x000002cc1157cd00 Exception <a 'java/lang/NoSuchMethodError'{0x0000000714677678}: 'java.lang.Object java.lang.invoke.DirectMethodHandle$Holder.newInvokeSpecial(java.lang.Object, java.lang.Object, java.lang.Object, java.lang.Object, java.lang.Object)'> (0x0000000714677678) 
thrown [s\src\hotspot\share\interpreter\linkResolver.cpp, line 759]
Event: 0.277 Thread 0x000002cc7b6de910 Exception <a 'java/lang/NoSuchMethodError'{0x00000007146e7438}: 'void java.lang.invoke.DirectMethodHandle$Holder.invokeStatic(java.lang.Object, java.lang.Object, java.lang.Object, java.lang.Object)'> (0x00000007146e7438) 
thrown [s\src\hotspot\share\interpreter\linkResolver.cpp, line 759]

VM Operations (8 events):
Event: 0.058 Executing VM operation: HandshakeAllThreads
Event: 0.058 Executing VM operation: HandshakeAllThreads done
Event: 0.058 Executing VM operation: HandshakeAllThreads
Event: 0.058 Executing VM operation: HandshakeAllThreads done
Event: 0.233 Executing VM operation: HandshakeAllThreads
Event: 0.233 Executing VM operation: HandshakeAllThreads done
Event: 0.294 Executing VM operation: G1CollectForAllocation
Event: 0.296 Executing VM operation: G1CollectForAllocation done

Events (20 events):
Event: 0.312 loading class com/sun/org/apache/xerces/internal/util/MessageFormatter done
Event: 0.312 loading class com/sun/org/apache/xerces/internal/impl/msg/XMLMessageFormatter done
Event: 0.312 loading class com/sun/org/apache/xerces/internal/utils/XMLLimitAnalyzer
Event: 0.312 loading class com/sun/org/apache/xerces/internal/utils/XMLLimitAnalyzer done
Event: 0.312 loading class com/sun/org/apache/xerces/internal/util/XMLSymbols
Event: 0.312 loading class com/sun/org/apache/xerces/internal/util/XMLSymbols done
Event: 0.312 loading class com/sun/xml/internal/stream/Entity$ScannedEntity
Event: 0.312 loading class com/sun/xml/internal/stream/Entity
Event: 0.312 loading class com/sun/xml/internal/stream/Entity done
Event: 0.312 loading class com/sun/xml/internal/stream/Entity$ScannedEntity done
Event: 0.312 loading class com/sun/xml/internal/stream/util/ThreadLocalBufferAllocator
Event: 0.312 loading class com/sun/xml/internal/stream/util/ThreadLocalBufferAllocator done
Event: 0.312 loading class com/sun/xml/internal/stream/util/BufferAllocator
Event: 0.312 loading class com/sun/xml/internal/stream/util/BufferAllocator done
Event: 0.312 loading class com/sun/org/apache/xerces/internal/util/XMLChar
Event: 0.312 loading class com/sun/org/apache/xerces/internal/util/XMLChar done
Event: 0.313 loading class com/sun/org/apache/xerces/internal/impl/XMLScanner$NameType
Event: 0.313 loading class com/sun/org/apache/xerces/internal/impl/XMLScanner$NameType done
Event: 0.318 loading class java/util/EventListener
Event: 0.318 loading class java/util/EventListener done


Dynamic libraries:
0x00007ff6f6570000 - 0x00007ff6f657e000 	D:\Programs\Java\Liberica JDK 17\bin\java.exe
0x00007ffa6ca10000 - 0x00007ffa6cc27000 	C:\Windows\SYSTEM32\ntdll.dll
0x00007ffa6baf0000 - 0x00007ffa6bbb4000 	C:\Windows\System32\KERNEL32.DLL
0x00007ffa6a200000 - 0x00007ffa6a5ac000 	C:\Windows\System32\KERNELBASE.dll
0x00007ffa6a630000 - 0x00007ffa6a741000 	C:\Windows\System32\ucrtbase.dll
0x00007ffa634f0000 - 0x00007ffa63507000 	D:\Programs\Java\Liberica JDK 17\bin\jli.dll
0x00007ffa616e0000 - 0x00007ffa616fb000 	D:\Programs\Java\Liberica JDK 17\bin\VCRUNTIME140.dll
0x00007ffa6c610000 - 0x00007ffa6c7be000 	C:\Windows\System32\USER32.dll
0x00007ffa6a0b0000 - 0x00007ffa6a0d6000 	C:\Windows\System32\win32u.dll
0x00007ffa5fe50000 - 0x00007ffa600e3000 	C:\Windows\WinSxS\amd64_microsoft.windows.common-controls_6595b64144ccf1df_6.0.22621.3672_none_2713b9d173822955\COMCTL32.dll
0x00007ffa6bf60000 - 0x00007ffa6bf89000 	C:\Windows\System32\GDI32.dll
0x00007ffa6c350000 - 0x00007ffa6c3f7000 	C:\Windows\System32\msvcrt.dll
0x00007ffa6a0e0000 - 0x00007ffa6a1f9000 	C:\Windows\System32\gdi32full.dll
0x00007ffa69d40000 - 0x00007ffa69dda000 	C:\Windows\System32\msvcp_win.dll
0x00007ffa6c820000 - 0x00007ffa6c851000 	C:\Windows\System32\IMM32.DLL
0x00007ffa65840000 - 0x00007ffa6584c000 	D:\Programs\Java\Liberica JDK 17\bin\vcruntime140_1.dll
0x00007ffa453d0000 - 0x00007ffa4545e000 	D:\Programs\Java\Liberica JDK 17\bin\msvcp140.dll
0x00007ffa058b0000 - 0x00007ffa06517000 	D:\Programs\Java\Liberica JDK 17\bin\server\jvm.dll
0x00007ffa6b670000 - 0x00007ffa6b722000 	C:\Windows\System32\ADVAPI32.dll
0x00007ffa6c400000 - 0x00007ffa6c4aa000 	C:\Windows\System32\sechost.dll
0x00007ffa69ea0000 - 0x00007ffa69ec8000 	C:\Windows\System32\bcrypt.dll
0x00007ffa6a830000 - 0x00007ffa6a945000 	C:\Windows\System32\RPCRT4.dll
0x00007ffa658e0000 - 0x00007ffa658e9000 	C:\Windows\SYSTEM32\WSOCK32.dll
0x00007ffa648d0000 - 0x00007ffa64904000 	C:\Windows\SYSTEM32\WINMM.dll
0x00007ffa69600000 - 0x00007ffa6964d000 	C:\Windows\SYSTEM32\POWRPROF.dll
0x00007ffa6b9f0000 - 0x00007ffa6ba61000 	C:\Windows\System32\WS2_32.dll
0x00007ffa592c0000 - 0x00007ffa592ca000 	C:\Windows\SYSTEM32\VERSION.dll
0x00007ffa695e0000 - 0x00007ffa695f3000 	C:\Windows\SYSTEM32\UMPDC.dll
0x00007ffa68d40000 - 0x00007ffa68d58000 	C:\Windows\SYSTEM32\kernel.appcore.dll
0x00007ffa64b30000 - 0x00007ffa64b3a000 	D:\Programs\Java\Liberica JDK 17\bin\jimage.dll
0x00007ffa67560000 - 0x00007ffa67792000 	C:\Windows\SYSTEM32\DBGHELP.DLL
0x00007ffa6bbd0000 - 0x00007ffa6bf58000 	C:\Windows\System32\combase.dll
0x00007ffa6a750000 - 0x00007ffa6a827000 	C:\Windows\System32\OLEAUT32.dll
0x00007ffa55e60000 - 0x00007ffa55e92000 	C:\Windows\SYSTEM32\dbgcore.DLL
0x00007ffa6a5b0000 - 0x00007ffa6a62b000 	C:\Windows\System32\bcryptPrimitives.dll
0x00007ffa601b0000 - 0x00007ffa601d5000 	D:\Programs\Java\Liberica JDK 17\bin\java.dll
0x00007ffa41ba0000 - 0x00007ffa41c77000 	D:\Programs\Java\Liberica JDK 17\bin\jsvml.dll
0x00007ffa6a950000 - 0x00007ffa6b1ac000 	C:\Windows\System32\SHELL32.dll
0x00007ffa67c40000 - 0x00007ffa68537000 	C:\Windows\SYSTEM32\windows.storage.dll
0x00007ffa67b00000 - 0x00007ffa67c3f000 	C:\Windows\SYSTEM32\wintypes.dll
0x00007ffa6bf90000 - 0x00007ffa6c084000 	C:\Windows\System32\SHCORE.dll
0x00007ffa6c7c0000 - 0x00007ffa6c81e000 	C:\Windows\System32\shlwapi.dll
0x00007ffa69c70000 - 0x00007ffa69c91000 	C:\Windows\SYSTEM32\profapi.dll
0x00007ffa59c80000 - 0x00007ffa59c99000 	D:\Programs\Java\Liberica JDK 17\bin\net.dll
0x00007ffa65fa0000 - 0x00007ffa660d6000 	C:\Windows\SYSTEM32\WINHTTP.dll
0x00007ffa691c0000 - 0x00007ffa69229000 	C:\Windows\system32\mswsock.dll
0x00007ffa51950000 - 0x00007ffa51966000 	D:\Programs\Java\Liberica JDK 17\bin\nio.dll
0x00007ffa59e10000 - 0x00007ffa59e28000 	D:\Programs\Java\Liberica JDK 17\bin\zip.dll
0x000002cc0f4a0000 - 0x000002cc0f4a3000 	C:\Users\ibuda\.openjfx\cache\17.0.6\api-ms-win-core-console-l1-1-0.dll
0x000002cc11460000 - 0x000002cc11463000 	C:\Users\ibuda\.openjfx\cache\17.0.6\api-ms-win-core-console-l1-2-0.dll
0x000002cc11470000 - 0x000002cc11473000 	C:\Users\ibuda\.openjfx\cache\17.0.6\api-ms-win-core-datetime-l1-1-0.dll
0x000002cc11480000 - 0x000002cc11483000 	C:\Users\ibuda\.openjfx\cache\17.0.6\api-ms-win-core-debug-l1-1-0.dll
0x000002cc11490000 - 0x000002cc11493000 	C:\Users\ibuda\.openjfx\cache\17.0.6\api-ms-win-core-errorhandling-l1-1-0.dll
0x000002cc114a0000 - 0x000002cc114a4000 	C:\Users\ibuda\.openjfx\cache\17.0.6\api-ms-win-core-file-l1-1-0.dll
0x000002cc114b0000 - 0x000002cc114b3000 	C:\Users\ibuda\.openjfx\cache\17.0.6\api-ms-win-core-file-l1-2-0.dll
0x000002cc114c0000 - 0x000002cc114c3000 	C:\Users\ibuda\.openjfx\cache\17.0.6\api-ms-win-core-file-l2-1-0.dll
0x000002cc114d0000 - 0x000002cc114d3000 	C:\Users\ibuda\.openjfx\cache\17.0.6\api-ms-win-core-handle-l1-1-0.dll
0x000002cc114e0000 - 0x000002cc114e3000 	C:\Users\ibuda\.openjfx\cache\17.0.6\api-ms-win-core-heap-l1-1-0.dll
0x000002cc114f0000 - 0x000002cc114f3000 	C:\Users\ibuda\.openjfx\cache\17.0.6\api-ms-win-core-interlocked-l1-1-0.dll
0x000002cc11500000 - 0x000002cc11503000 	C:\Users\ibuda\.openjfx\cache\17.0.6\api-ms-win-core-libraryloader-l1-1-0.dll
0x000002cc11510000 - 0x000002cc11513000 	C:\Users\ibuda\.openjfx\cache\17.0.6\api-ms-win-core-localization-l1-2-0.dll
0x000002cc11520000 - 0x000002cc11523000 	C:\Users\ibuda\.openjfx\cache\17.0.6\api-ms-win-core-memory-l1-1-0.dll
0x000002cc7bfd0000 - 0x000002cc7bfd3000 	C:\Users\ibuda\.openjfx\cache\17.0.6\api-ms-win-core-namedpipe-l1-1-0.dll
0x000002cc7bfe0000 - 0x000002cc7bfe3000 	C:\Users\ibuda\.openjfx\cache\17.0.6\api-ms-win-core-processenvironment-l1-1-0.dll
0x000002cc7bff0000 - 0x000002cc7bff3000 	C:\Users\ibuda\.openjfx\cache\17.0.6\api-ms-win-core-processthreads-l1-1-0.dll
0x000002cc7c000000 - 0x000002cc7c003000 	C:\Users\ibuda\.openjfx\cache\17.0.6\api-ms-win-core-processthreads-l1-1-1.dll
0x000002cc7c010000 - 0x000002cc7c013000 	C:\Users\ibuda\.openjfx\cache\17.0.6\api-ms-win-core-profile-l1-1-0.dll
0x000002cc7c020000 - 0x000002cc7c023000 	C:\Users\ibuda\.openjfx\cache\17.0.6\api-ms-win-core-rtlsupport-l1-1-0.dll
0x000002cc7c030000 - 0x000002cc7c033000 	C:\Users\ibuda\.openjfx\cache\17.0.6\api-ms-win-core-string-l1-1-0.dll
0x000002cc7c040000 - 0x000002cc7c043000 	C:\Users\ibuda\.openjfx\cache\17.0.6\api-ms-win-core-synch-l1-1-0.dll
0x000002cc7c050000 - 0x000002cc7c053000 	C:\Users\ibuda\.openjfx\cache\17.0.6\api-ms-win-core-synch-l1-2-0.dll
0x000002cc7c060000 - 0x000002cc7c063000 	C:\Users\ibuda\.openjfx\cache\17.0.6\api-ms-win-core-sysinfo-l1-1-0.dll
0x000002cc7c070000 - 0x000002cc7c073000 	C:\Users\ibuda\.openjfx\cache\17.0.6\api-ms-win-core-timezone-l1-1-0.dll
0x000002cc7c080000 - 0x000002cc7c083000 	C:\Users\ibuda\.openjfx\cache\17.0.6\api-ms-win-core-util-l1-1-0.dll
0x000002cc7c090000 - 0x000002cc7c093000 	C:\Users\ibuda\.openjfx\cache\17.0.6\api-ms-win-crt-conio-l1-1-0.dll
0x000002cc7c0a0000 - 0x000002cc7c0a4000 	C:\Users\ibuda\.openjfx\cache\17.0.6\api-ms-win-crt-convert-l1-1-0.dll
0x000002cc7c0b0000 - 0x000002cc7c0b3000 	C:\Users\ibuda\.openjfx\cache\17.0.6\api-ms-win-crt-environment-l1-1-0.dll
0x000002cc7c0c0000 - 0x000002cc7c0c3000 	C:\Users\ibuda\.openjfx\cache\17.0.6\api-ms-win-crt-filesystem-l1-1-0.dll
0x000002cc7c0d0000 - 0x000002cc7c0d3000 	C:\Users\ibuda\.openjfx\cache\17.0.6\api-ms-win-crt-heap-l1-1-0.dll
0x000002cc7c0e0000 - 0x000002cc7c0e3000 	C:\Users\ibuda\.openjfx\cache\17.0.6\api-ms-win-crt-locale-l1-1-0.dll
0x000002cc7c0f0000 - 0x000002cc7c0f5000 	C:\Users\ibuda\.openjfx\cache\17.0.6\api-ms-win-crt-math-l1-1-0.dll
0x000002cc7c100000 - 0x000002cc7c105000 	C:\Users\ibuda\.openjfx\cache\17.0.6\api-ms-win-crt-multibyte-l1-1-0.dll
0x000002cc7c110000 - 0x000002cc7c120000 	C:\Users\ibuda\.openjfx\cache\17.0.6\api-ms-win-crt-private-l1-1-0.dll
0x000002cc7c120000 - 0x000002cc7c123000 	C:\Users\ibuda\.openjfx\cache\17.0.6\api-ms-win-crt-process-l1-1-0.dll
0x000002cc7c130000 - 0x000002cc7c134000 	C:\Users\ibuda\.openjfx\cache\17.0.6\api-ms-win-crt-runtime-l1-1-0.dll
0x000002cc7c140000 - 0x000002cc7c144000 	C:\Users\ibuda\.openjfx\cache\17.0.6\api-ms-win-crt-stdio-l1-1-0.dll
0x000002cc7c150000 - 0x000002cc7c154000 	C:\Users\ibuda\.openjfx\cache\17.0.6\api-ms-win-crt-string-l1-1-0.dll
0x000002cc7c160000 - 0x000002cc7c163000 	C:\Users\ibuda\.openjfx\cache\17.0.6\api-ms-win-crt-time-l1-1-0.dll
0x000002cc7c170000 - 0x000002cc7c173000 	C:\Users\ibuda\.openjfx\cache\17.0.6\api-ms-win-crt-utility-l1-1-0.dll
0x00007ffa3f810000 - 0x00007ffa3f90c000 	C:\Users\ibuda\.openjfx\cache\17.0.6\ucrtbase.dll
0x00007ffa617a0000 - 0x00007ffa617ba000 	C:\Users\ibuda\.openjfx\cache\17.0.6\vcruntime140.dll
0x00007ffa61790000 - 0x00007ffa6179c000 	C:\Users\ibuda\.openjfx\cache\17.0.6\vcruntime140_1.dll
0x00007ffa55fa0000 - 0x00007ffa5602d000 	C:\Users\ibuda\.openjfx\cache\17.0.6\msvcp140.dll
0x00007ffa60210000 - 0x00007ffa60219000 	C:\Users\ibuda\.openjfx\cache\17.0.6\msvcp140_1.dll
0x00007ffa55f30000 - 0x00007ffa55f5f000 	C:\Users\ibuda\.openjfx\cache\17.0.6\msvcp140_2.dll
0x00007ffa51d00000 - 0x00007ffa51d2a000 	C:\Users\ibuda\.openjfx\cache\17.0.6\prism_d3d.dll
0x00007ffa432c0000 - 0x00007ffa43468000 	C:\Windows\system32\d3d9.dll
0x00007ffa66fe0000 - 0x00007ffa6700b000 	C:\Windows\SYSTEM32\dwmapi.dll
0x00007ffa66e70000 - 0x00007ffa66ea9000 	C:\Windows\SYSTEM32\dxcore.dll
0x00007ffa66d50000 - 0x00007ffa66dfa000 	C:\Windows\system32\uxtheme.dll
0x00007ff9f3530000 - 0x00007ff9f35e0000 	C:\Windows\SYSTEM32\d3d9on12.dll
0x00007ffa66eb0000 - 0x00007ffa66fa7000 	C:\Windows\SYSTEM32\dxgi.dll
0x00007ffa2a1e0000 - 0x00007ffa2a206000 	C:\Windows\SYSTEM32\d3d12.dll
0x00007ffa69a40000 - 0x00007ffa69a8e000 	C:\Windows\SYSTEM32\cfgmgr32.dll
0x00007ff9f1cc0000 - 0x00007ff9f1ec2000 	C:\Windows\SYSTEM32\D3D12Core.dll
0x00007ff9f3430000 - 0x00007ff9f3523000 	C:\Windows\System32\DriverStore\FileRepository\iigd_dch.inf_amd64_30b27fc8a96c0745\igd12umd64.dll
0x00007ff9ef990000 - 0x00007ff9f0a79000 	C:\Windows\System32\DriverStore\FileRepository\iigd_dch.inf_amd64_30b27fc8a96c0745\igd12um64xel.dll
0x00007ffa69f40000 - 0x00007ffa6a0a7000 	C:\Windows\System32\CRYPT32.dll
0x00007ffa6b7e0000 - 0x00007ffa6b985000 	C:\Windows\System32\ole32.dll
0x00007ffa2a1b0000 - 0x00007ffa2a1d6000 	C:\Windows\System32\DriverStore\FileRepository\iigd_dch.inf_amd64_30b27fc8a96c0745\igdext64.dll
0x00007ffa2a060000 - 0x00007ffa2a0a7000 	C:\Windows\SYSTEM32\ControlLib.dll
0x00007ffa5ad80000 - 0x00007ffa5ae13000 	C:\Windows\System32\DriverStore\FileRepository\iigd_dch.inf_amd64_30b27fc8a96c0745\IntelControlLib.dll
0x00007ffa61c90000 - 0x00007ffa61cd9000 	C:\Windows\SYSTEM32\directxdatabasehelper.dll
0x00007ffa5a2b0000 - 0x00007ffa5a6ed000 	C:\Windows\System32\DriverStore\FileRepository\iigd_dch.inf_amd64_30b27fc8a96c0745\igdgmm64.dll
0x00007ffa51e60000 - 0x00007ffa55e56000 	C:\Windows\System32\DriverStore\FileRepository\iigd_dch.inf_amd64_30b27fc8a96c0745\igc64.dll
0x00007ffa2a030000 - 0x00007ffa2a05f000 	C:\Windows\SYSTEM32\D3DSCache.dll
0x00007ffa692c0000 - 0x00007ffa692e8000 	C:\Windows\SYSTEM32\USERENV.dll
0x00007ff9f0ec0000 - 0x00007ff9f11d2000 	C:\Windows\System32\DriverStore\FileRepository\iigd_dch.inf_amd64_30b27fc8a96c0745\igd12dxva64.dll
0x00007ffa6b1b0000 - 0x00007ffa6b624000 	C:\Windows\System32\SETUPAPI.dll
0x00007ff9f78a0000 - 0x00007ff9f8a78000 	C:\Windows\System32\DriverStore\FileRepository\iigd_dch.inf_amd64_30b27fc8a96c0745\igddxvacommon64.dll
0x00007ff9f5b70000 - 0x00007ff9f789b000 	C:\Windows\System32\DriverStore\FileRepository\iigd_dch.inf_amd64_30b27fc8a96c0745\media_bin_64.dll
0x00007ffa29410000 - 0x00007ffa29437000 	C:\Windows\System32\DriverStore\FileRepository\iigd_dch.inf_amd64_30b27fc8a96c0745\igdinfo64.dll
0x00007ffa5ce80000 - 0x00007ffa5d10a000 	C:\Windows\SYSTEM32\twinapi.appcore.dll
0x00007ffa4e6b0000 - 0x00007ffa4e6f2000 	C:\Users\ibuda\.openjfx\cache\17.0.6\glass.dll
0x00007ffa6c870000 - 0x00007ffa6c966000 	C:\Windows\System32\COMDLG32.dll
0x00007ffa6c4b0000 - 0x00007ffa6c603000 	C:\Windows\System32\MSCTF.dll

dbghelp: loaded successfully - version: 4.0.5 - missing functions: none
symbol engine: initialized successfully - sym options: 0x614 - pdb path: .;D:\Programs\Java\Liberica JDK 17\bin;C:\Windows\SYSTEM32;C:\Windows\WinSxS\amd64_microsoft.windows.common-controls_6595b64144ccf1df_6.0.22621.3672_none_2713b9d173822955;D:\Programs\Java\Liberica JDK 17\bin\server;C:\Users\ibuda\.openjfx\cache\17.0.6;C:\Windows\System32\DriverStore\FileRepository\iigd_dch.inf_amd64_30b27fc8a96c0745

VM Arguments:
jvm_args: --add-modules=javafx.controls,javafx.fxml --module-path=C:\Users\ibuda\.gradle\caches\modules-2\files-2.1\org.openjfx\javafx-fxml\17.0.6\5724aedc415683e62eeab3a3875550aa814c84fd\javafx-fxml-17.0.6-win.jar;C:\Users\ibuda\.gradle\caches\modules-2\files-2.1\org.openjfx\javafx-controls\17.0.6\c95b460be3bc372060ff32d0c666c1233c3e8400\javafx-controls-17.0.6-win.jar;C:\Users\ibuda\.gradle\caches\modules-2\files-2.1\org.openjfx\javafx-graphics\17.0.6\14326bf575b927d3c31a775f74bcf754ced35353\javafx-graphics-17.0.6-win.jar;C:\Users\ibuda\.gradle\caches\modules-2\files-2.1\org.openjfx\javafx-base\17.0.6\78ccb38688b70acc6b59718daca8bdb91f99db57\javafx-base-17.0.6-win.jar -Dfile.encoding=windows-1251 -Duser.country=US -Duser.language=en -Duser.variant 
java_command: whz.wirtschaft.abcxyz.HelloApplication
java_class_path (initial): D:\my\study\WHZ\4 Semester\Ein. in der Wirtschaftwissenschaften\Praktikum\abc-xyz\build\classes\java\main;D:\my\study\WHZ\4 Semester\Ein. in der Wirtschaftwissenschaften\Praktikum\abc-xyz\build\resources\main;C:\Users\ibuda\.gradle\caches\modules-2\files-2.1\com.microsoft.sqlserver\mssql-jdbc\12.4.2.jre11\d10ac00de02a1a682da0bea13aee20f49e756ef8\mssql-jdbc-12.4.2.jre11.jar
Launcher Type: SUN_STANDARD

[Global flags]
     intx CICompilerCount                          = 12                                        {product} {ergonomic}
     uint ConcGCThreads                            = 4                                         {product} {ergonomic}
     uint G1ConcRefinementThreads                  = 15                                        {product} {ergonomic}
   size_t G1HeapRegionSize                         = 2097152                                   {product} {ergonomic}
    uintx GCDrainStackTargetSize                   = 64                                        {product} {ergonomic}
   size_t InitialHeapSize                          = 264241152                                 {product} {ergonomic}
   size_t MarkStackSize                            = 4194304                                   {product} {ergonomic}
   size_t MaxHeapSize                              = 4196401152                                {product} {ergonomic}
   size_t MaxNewSize                               = 2516582400                                {product} {ergonomic}
   size_t MinHeapDeltaBytes                        = 2097152                                   {product} {ergonomic}
   size_t MinHeapSize                              = 8388608                                   {product} {ergonomic}
    uintx NonNMethodCodeHeapSize                   = 7602480                                {pd product} {ergonomic}
    uintx NonProfiledCodeHeapSize                  = 122027880                              {pd product} {ergonomic}
    uintx ProfiledCodeHeapSize                     = 122027880                              {pd product} {ergonomic}
    uintx ReservedCodeCacheSize                    = 251658240                              {pd product} {ergonomic}
     bool SegmentedCodeCache                       = true                                      {product} {ergonomic}
   size_t SoftMaxHeapSize                          = 4196401152                             {manageable} {ergonomic}
     bool UseCompressedClassPointers               = true                           {product lp64_product} {ergonomic}
     bool UseCompressedOops                        = true                           {product lp64_product} {ergonomic}
     bool UseG1GC                                  = true                                      {product} {ergonomic}
     bool UseLargePagesIndividualAllocation        = false                                  {pd product} {ergonomic}

Logging:
Log output configuration:
 #0: stdout all=warning uptime,level,tags
 #1: stderr all=off uptime,level,tags

Environment Variables:
JAVA_HOME=D:\Programs\Java\Liberica JDK 17
PATH=D:\Programs\Java\Liberica JDK 17\bin\;D:\Programs\Java\Liberica JDK 17\bin;D:\Programs\Git\cmd;C:\Program Files\dotnet\;D:\Programs\Inno Setup 6;C:\Program Files\Microsoft SQL Server\Client SDK\ODBC\170\Tools\Binn\;C:\Program Files (x86)\Microsoft SQL Server\150\Tools\Binn\;C:\Program Files\Microsoft SQL Server\150\Tools\Binn\;C:\Program Files\Microsoft SQL Server\150\DTS\Binn\;C:\Program Files (x86)\Microsoft SQL Server\160\DTS\Binn\;C:\Program Files\Azure Data Studio\bin;C:\Program Files (x86)\dotnet\;C:\Program Files (x86)\Windows Kits\10\Windows Performance Toolkit\;D:\Programs\nvm;D:\Programs\nodejs;D:\Programs\nodejs\;D:\Programs\gradle\gradle-8.7\bin;C:\Users\ibuda\AppData\Local\Microsoft\WindowsApps;D:\Programs\MiKTeX\miktex\bin\x64\;D:\Programs\Microsoft VS Code\bin;C:\Users\ibuda\.dotnet\tools;C:\Program Files\Azure Data Studio\bin;D:\Programs\flutter\bin;C:\Windows\System32\WindowsPowerShell\v1.0;C:\Windows\System32;C:\Users\ibuda\AppData\Local\Pub\Cache\bin;D:\Programs\nvm;D:\Programs\nodejs;C:\Users\ibuda\AppData\Roaming\npm
USERNAME=ibuda
OS=Windows_NT
PROCESSOR_IDENTIFIER=Intel64 Family 6 Model 186 Stepping 2, GenuineIntel
TMP=C:\Users\ibuda\AppData\Local\Temp
TEMP=C:\Users\ibuda\AppData\Local\Temp



---------------  S Y S T E M  ---------------

OS:
 Windows 11 , 64 bit Build 22621 (10.0.22621.3672)
OS uptime: 8 days 11:44 hours
Hyper-V role detected

CPU: total 20 (initial active 20) (10 cores per cpu, 2 threads per core) family 6 model 186 stepping 2 microcode 0x410e, cx8, cmov, fxsr, ht, mmx, 3dnowpref, sse, sse2, sse3, ssse3, sse4.1, sse4.2, popcnt, lzcnt, tsc, tscinvbit, avx, avx2, aes, erms, clmul, bmi1, bmi2, adx, sha, fma, vzeroupper, clflush, clflushopt, clwb, hv
Processor Information for processor 0
  Max Mhz: 2600, Current Mhz: 2600, Mhz Limit: 2600
Processor Information for processor 1
  Max Mhz: 2600, Current Mhz: 2600, Mhz Limit: 2600
Processor Information for processor 2
  Max Mhz: 2600, Current Mhz: 2600, Mhz Limit: 2600
Processor Information for processor 3
  Max Mhz: 2600, Current Mhz: 2600, Mhz Limit: 2600
Processor Information for processor 4
  Max Mhz: 2600, Current Mhz: 2600, Mhz Limit: 2600
Processor Information for processor 5
  Max Mhz: 2600, Current Mhz: 2600, Mhz Limit: 2600
Processor Information for processor 6
  Max Mhz: 2600, Current Mhz: 2600, Mhz Limit: 2600
Processor Information for processor 7
  Max Mhz: 2600, Current Mhz: 2600, Mhz Limit: 2600
Processor Information for processor 8
  Max Mhz: 2600, Current Mhz: 2600, Mhz Limit: 2600
Processor Information for processor 9
  Max Mhz: 2600, Current Mhz: 2600, Mhz Limit: 2600
Processor Information for processor 10
  Max Mhz: 2600, Current Mhz: 2600, Mhz Limit: 2600
Processor Information for processor 11
  Max Mhz: 2600, Current Mhz: 2600, Mhz Limit: 2600
Processor Information for processor 12
  Max Mhz: 2600, Current Mhz: 1900, Mhz Limit: 1898
Processor Information for processor 13
  Max Mhz: 2600, Current Mhz: 1900, Mhz Limit: 1898
Processor Information for processor 14
  Max Mhz: 2600, Current Mhz: 1500, Mhz Limit: 1898
Processor Information for processor 15
  Max Mhz: 2600, Current Mhz: 1900, Mhz Limit: 1898
Processor Information for processor 16
  Max Mhz: 2600, Current Mhz: 1500, Mhz Limit: 1898
Processor Information for processor 17
  Max Mhz: 2600, Current Mhz: 1500, Mhz Limit: 1898
Processor Information for processor 18
  Max Mhz: 2600, Current Mhz: 1900, Mhz Limit: 1898
Processor Information for processor 19
  Max Mhz: 2600, Current Mhz: 1900, Mhz Limit: 1898

Memory: 4k page, system-wide physical 16005M (2103M free)
TotalPageFile size 18901M (AvailPageFile size 2M)
current process WorkingSet (physical memory assigned to process): 167M, peak: 167M
current process commit charge ("private bytes"): 490M, peak: 490M

vm_info: OpenJDK 64-Bit Server VM (17.0.8.1+1-LTS) for windows-amd64 JRE (17.0.8.1+1-LTS), built on Aug 22 2023 01:44:18 by "" with MS VC++ 17.1 (VS2022)

END.
